<html>
<head>
<title>TestNG:  testPersonal</title>
<link href="../testng.css" rel="stylesheet" type="text/css" />
<link href="../my-testng.css" rel="stylesheet" type="text/css" />

<style type="text/css">
.log { display: none;} 
.stack-trace { display: none;} 
</style>
<script type="text/javascript">
<!--
function flip(e) {
  current = e.style.display;
  if (current == 'block') {
    e.style.display = 'none';
    return 0;
  }
  else {
    e.style.display = 'block';
    return 1;
  }
}

function toggleBox(szDivId, elem, msg1, msg2)
{
  var res = -1;  if (document.getElementById) {
    res = flip(document.getElementById(szDivId));
  }
  else if (document.all) {
    // this is the way old msie versions work
    res = flip(document.all[szDivId]);
  }
  if(elem) {
    if(res == 0) elem.innerHTML = msg1; else elem.innerHTML = msg2;
  }

}

function toggleAllBoxes() {
  if (document.getElementsByTagName) {
    d = document.getElementsByTagName('div');
    for (i = 0; i < d.length; i++) {
      if (d[i].className == 'log') {
        flip(d[i]);
      }
    }
  }
}

// -->
</script>

</head>
<body>
<h2 align='center'>testPersonal</h2><table border='1' align="center">
<tr>
<td>Tests passed/Failed/Skipped:</td><td>4/12/0</td>
</tr><tr>
<td>Started on:</td><td>Fri Jan 04 09:31:06 CST 2019</td>
</tr>
<tr><td>Total time:</td><td>289 seconds (289117 ms)</td>
</tr><tr>
<td>Included groups:</td><td></td>
</tr><tr>
<td>Excluded groups:</td><td></td>
</tr>
</table><p/>
<small><i>(Hover the method name to see the test class name)</i></small><p/>
<table width='100%' border='1' class='invocation-failed'>
<tr><td colspan='4' align='center'><b>FAILED TESTS</b></td></tr>
<tr><td><b>Test method</b></td>
<td width="30%"><b>Exception</b></td>
<td width="10%"><b>Time (seconds)</b></td>
<td><b>Instance</b></td>
</tr>
<tr>
<td title='com.javademo.cases.testClueSearch.cluesearch_10()'><b>cluesearch_10</b><br>Test class: com.javademo.cases.testClueSearch</td>
<td><div><pre>java.lang.Exception: An element command could not be completed because the element is not visible on the page.
	at macaca.client.common.Utils.handleStatus(Utils.java:162)
	at macaca.client.common.Utils.executeRequest(Utils.java:71)
	at macaca.client.common.Utils.postRequest(Utils.java:119)
	at macaca.client.common.Utils.request(Utils.java:140)
	at macaca.client.commands.Element.setValue(Element.java:61)
	at macaca.client.commands.Element.sendKeys(Element.java:50)
	at com.javademo.pages.GaodunCluePage.cluesearch_10(GaodunCluePage.java:1180)
	at com.javademo.cases.testClueSearch.cluesearch_10(testClueSearch.java:69)
... Removed 28 stack frames</pre></div><a href='#' onClick='toggleBox("stack-trace333034015", this, "Click to show all stack frames", "Click to hide stack frames")'>Click to show all stack frames</a>
<div class='stack-trace' id='stack-trace333034015'><pre>java.lang.Exception: An element command could not be completed because the element is not visible on the page.
	at macaca.client.common.Utils.handleStatus(Utils.java:162)
	at macaca.client.common.Utils.executeRequest(Utils.java:71)
	at macaca.client.common.Utils.postRequest(Utils.java:119)
	at macaca.client.common.Utils.request(Utils.java:140)
	at macaca.client.commands.Element.setValue(Element.java:61)
	at macaca.client.commands.Element.sendKeys(Element.java:50)
	at com.javademo.pages.GaodunCluePage.cluesearch_10(GaodunCluePage.java:1180)
	at com.javademo.cases.testClueSearch.cluesearch_10(testClueSearch.java:69)
	at sun.reflect.NativeMethodAccessorImpl.invoke0(Native Method)
	at sun.reflect.NativeMethodAccessorImpl.invoke(NativeMethodAccessorImpl.java:62)
	at sun.reflect.DelegatingMethodAccessorImpl.invoke(DelegatingMethodAccessorImpl.java:43)
	at java.lang.reflect.Method.invoke(Method.java:498)
	at org.testng.internal.MethodInvocationHelper.invokeMethod(MethodInvocationHelper.java:86)
	at org.testng.internal.Invoker.invokeMethod(Invoker.java:643)
	at org.testng.internal.Invoker.invokeTestMethod(Invoker.java:820)
	at org.testng.internal.Invoker.invokeTestMethods(Invoker.java:1128)
	at org.testng.internal.TestMethodWorker.invokeTestMethods(TestMethodWorker.java:129)
	at org.testng.internal.TestMethodWorker.run(TestMethodWorker.java:112)
	at org.testng.TestRunner.privateRun(TestRunner.java:782)
	at org.testng.TestRunner.run(TestRunner.java:632)
	at org.testng.SuiteRunner.runTest(SuiteRunner.java:366)
	at org.testng.SuiteRunner.runSequentially(SuiteRunner.java:361)
	at org.testng.SuiteRunner.privateRun(SuiteRunner.java:319)
	at org.testng.SuiteRunner.run(SuiteRunner.java:268)
	at org.testng.SuiteRunnerWorker.runSuite(SuiteRunnerWorker.java:52)
	at org.testng.SuiteRunnerWorker.run(SuiteRunnerWorker.java:86)
	at org.testng.TestNG.runSuitesSequentially(TestNG.java:1244)
	at org.testng.TestNG.runSuitesLocally(TestNG.java:1169)
	at org.testng.TestNG.run(TestNG.java:1064)
	at org.apache.maven.surefire.testng.TestNGExecutor.run(TestNGExecutor.java:283)
	at org.apache.maven.surefire.testng.TestNGXmlTestSuite.execute(TestNGXmlTestSuite.java:75)
	at org.apache.maven.surefire.testng.TestNGProvider.invoke(TestNGProvider.java:120)
	at org.apache.maven.surefire.booter.ForkedBooter.invokeProviderInSameClassLoader(ForkedBooter.java:373)
	at org.apache.maven.surefire.booter.ForkedBooter.runSuitesInProcess(ForkedBooter.java:334)
	at org.apache.maven.surefire.booter.ForkedBooter.execute(ForkedBooter.java:119)
	at org.apache.maven.surefire.booter.ForkedBooter.main(ForkedBooter.java:407)
</pre></div></td>
<td>12</td>
<td>com.javademo.cases.testClueSearch@7ef82753</td></tr>
<tr>
<td title='com.javademo.cases.testClueSearch.cluesearch_11()'><b>cluesearch_11</b><br>Test class: com.javademo.cases.testClueSearch</td>
<td><div><pre>java.lang.AssertionError: expected [true] but found [false]
	at com.javademo.cases.testClueSearch.cluesearch_11(testClueSearch.java:77)
... Removed 32 stack frames</pre></div><a href='#' onClick='toggleBox("stack-trace816944408", this, "Click to show all stack frames", "Click to hide stack frames")'>Click to show all stack frames</a>
<div class='stack-trace' id='stack-trace816944408'><pre>java.lang.AssertionError: expected [true] but found [false]
	at org.testng.Assert.fail(Assert.java:94)
	at org.testng.Assert.failNotEquals(Assert.java:513)
	at org.testng.Assert.assertTrue(Assert.java:42)
	at org.testng.Assert.assertTrue(Assert.java:52)
	at com.javademo.cases.testClueSearch.cluesearch_11(testClueSearch.java:77)
	at sun.reflect.NativeMethodAccessorImpl.invoke0(Native Method)
	at sun.reflect.NativeMethodAccessorImpl.invoke(NativeMethodAccessorImpl.java:62)
	at sun.reflect.DelegatingMethodAccessorImpl.invoke(DelegatingMethodAccessorImpl.java:43)
	at java.lang.reflect.Method.invoke(Method.java:498)
	at org.testng.internal.MethodInvocationHelper.invokeMethod(MethodInvocationHelper.java:86)
	at org.testng.internal.Invoker.invokeMethod(Invoker.java:643)
	at org.testng.internal.Invoker.invokeTestMethod(Invoker.java:820)
	at org.testng.internal.Invoker.invokeTestMethods(Invoker.java:1128)
	at org.testng.internal.TestMethodWorker.invokeTestMethods(TestMethodWorker.java:129)
	at org.testng.internal.TestMethodWorker.run(TestMethodWorker.java:112)
	at org.testng.TestRunner.privateRun(TestRunner.java:782)
	at org.testng.TestRunner.run(TestRunner.java:632)
	at org.testng.SuiteRunner.runTest(SuiteRunner.java:366)
	at org.testng.SuiteRunner.runSequentially(SuiteRunner.java:361)
	at org.testng.SuiteRunner.privateRun(SuiteRunner.java:319)
	at org.testng.SuiteRunner.run(SuiteRunner.java:268)
	at org.testng.SuiteRunnerWorker.runSuite(SuiteRunnerWorker.java:52)
	at org.testng.SuiteRunnerWorker.run(SuiteRunnerWorker.java:86)
	at org.testng.TestNG.runSuitesSequentially(TestNG.java:1244)
	at org.testng.TestNG.runSuitesLocally(TestNG.java:1169)
	at org.testng.TestNG.run(TestNG.java:1064)
	at org.apache.maven.surefire.testng.TestNGExecutor.run(TestNGExecutor.java:283)
	at org.apache.maven.surefire.testng.TestNGXmlTestSuite.execute(TestNGXmlTestSuite.java:75)
	at org.apache.maven.surefire.testng.TestNGProvider.invoke(TestNGProvider.java:120)
	at org.apache.maven.surefire.booter.ForkedBooter.invokeProviderInSameClassLoader(ForkedBooter.java:373)
	at org.apache.maven.surefire.booter.ForkedBooter.runSuitesInProcess(ForkedBooter.java:334)
	at org.apache.maven.surefire.booter.ForkedBooter.execute(ForkedBooter.java:119)
	at org.apache.maven.surefire.booter.ForkedBooter.main(ForkedBooter.java:407)
</pre></div></td>
<td>18</td>
<td>com.javademo.cases.testClueSearch@7ef82753</td></tr>
<tr>
<td title='com.javademo.cases.testClueSearch.cluesearch_12()'><b>cluesearch_12</b><br>Test class: com.javademo.cases.testClueSearch</td>
<td><div><pre>java.lang.Exception: An element command could not be completed because the element is not visible on the page.
	at macaca.client.common.Utils.handleStatus(Utils.java:162)
	at macaca.client.common.Utils.executeRequest(Utils.java:71)
	at macaca.client.common.Utils.postRequest(Utils.java:119)
	at macaca.client.common.Utils.request(Utils.java:140)
	at macaca.client.commands.Element.click(Element.java:75)
	at com.javademo.pages.GaodunCluePage.cluesearch_12(GaodunCluePage.java:1248)
	at com.javademo.cases.testClueSearch.cluesearch_12(testClueSearch.java:83)
... Removed 28 stack frames</pre></div><a href='#' onClick='toggleBox("stack-trace1262609629", this, "Click to show all stack frames", "Click to hide stack frames")'>Click to show all stack frames</a>
<div class='stack-trace' id='stack-trace1262609629'><pre>java.lang.Exception: An element command could not be completed because the element is not visible on the page.
	at macaca.client.common.Utils.handleStatus(Utils.java:162)
	at macaca.client.common.Utils.executeRequest(Utils.java:71)
	at macaca.client.common.Utils.postRequest(Utils.java:119)
	at macaca.client.common.Utils.request(Utils.java:140)
	at macaca.client.commands.Element.click(Element.java:75)
	at com.javademo.pages.GaodunCluePage.cluesearch_12(GaodunCluePage.java:1248)
	at com.javademo.cases.testClueSearch.cluesearch_12(testClueSearch.java:83)
	at sun.reflect.NativeMethodAccessorImpl.invoke0(Native Method)
	at sun.reflect.NativeMethodAccessorImpl.invoke(NativeMethodAccessorImpl.java:62)
	at sun.reflect.DelegatingMethodAccessorImpl.invoke(DelegatingMethodAccessorImpl.java:43)
	at java.lang.reflect.Method.invoke(Method.java:498)
	at org.testng.internal.MethodInvocationHelper.invokeMethod(MethodInvocationHelper.java:86)
	at org.testng.internal.Invoker.invokeMethod(Invoker.java:643)
	at org.testng.internal.Invoker.invokeTestMethod(Invoker.java:820)
	at org.testng.internal.Invoker.invokeTestMethods(Invoker.java:1128)
	at org.testng.internal.TestMethodWorker.invokeTestMethods(TestMethodWorker.java:129)
	at org.testng.internal.TestMethodWorker.run(TestMethodWorker.java:112)
	at org.testng.TestRunner.privateRun(TestRunner.java:782)
	at org.testng.TestRunner.run(TestRunner.java:632)
	at org.testng.SuiteRunner.runTest(SuiteRunner.java:366)
	at org.testng.SuiteRunner.runSequentially(SuiteRunner.java:361)
	at org.testng.SuiteRunner.privateRun(SuiteRunner.java:319)
	at org.testng.SuiteRunner.run(SuiteRunner.java:268)
	at org.testng.SuiteRunnerWorker.runSuite(SuiteRunnerWorker.java:52)
	at org.testng.SuiteRunnerWorker.run(SuiteRunnerWorker.java:86)
	at org.testng.TestNG.runSuitesSequentially(TestNG.java:1244)
	at org.testng.TestNG.runSuitesLocally(TestNG.java:1169)
	at org.testng.TestNG.run(TestNG.java:1064)
	at org.apache.maven.surefire.testng.TestNGExecutor.run(TestNGExecutor.java:283)
	at org.apache.maven.surefire.testng.TestNGXmlTestSuite.execute(TestNGXmlTestSuite.java:75)
	at org.apache.maven.surefire.testng.TestNGProvider.invoke(TestNGProvider.java:120)
	at org.apache.maven.surefire.booter.ForkedBooter.invokeProviderInSameClassLoader(ForkedBooter.java:373)
	at org.apache.maven.surefire.booter.ForkedBooter.runSuitesInProcess(ForkedBooter.java:334)
	at org.apache.maven.surefire.booter.ForkedBooter.execute(ForkedBooter.java:119)
	at org.apache.maven.surefire.booter.ForkedBooter.main(ForkedBooter.java:407)
</pre></div></td>
<td>12</td>
<td>com.javademo.cases.testClueSearch@7ef82753</td></tr>
<tr>
<td title='com.javademo.cases.testClueSearch.cluesearch_13()'><b>cluesearch_13</b><br>Test class: com.javademo.cases.testClueSearch</td>
<td><div><pre>java.lang.Exception: An element command could not be completed because the element is not visible on the page.
	at macaca.client.common.Utils.handleStatus(Utils.java:162)
	at macaca.client.common.Utils.executeRequest(Utils.java:71)
	at macaca.client.common.Utils.postRequest(Utils.java:119)
	at macaca.client.common.Utils.request(Utils.java:140)
	at macaca.client.commands.Element.click(Element.java:75)
	at com.javademo.pages.GaodunCluePage.cluesearch_13(GaodunCluePage.java:1282)
	at com.javademo.cases.testClueSearch.cluesearch_13(testClueSearch.java:90)
... Removed 28 stack frames</pre></div><a href='#' onClick='toggleBox("stack-trace1740826931", this, "Click to show all stack frames", "Click to hide stack frames")'>Click to show all stack frames</a>
<div class='stack-trace' id='stack-trace1740826931'><pre>java.lang.Exception: An element command could not be completed because the element is not visible on the page.
	at macaca.client.common.Utils.handleStatus(Utils.java:162)
	at macaca.client.common.Utils.executeRequest(Utils.java:71)
	at macaca.client.common.Utils.postRequest(Utils.java:119)
	at macaca.client.common.Utils.request(Utils.java:140)
	at macaca.client.commands.Element.click(Element.java:75)
	at com.javademo.pages.GaodunCluePage.cluesearch_13(GaodunCluePage.java:1282)
	at com.javademo.cases.testClueSearch.cluesearch_13(testClueSearch.java:90)
	at sun.reflect.NativeMethodAccessorImpl.invoke0(Native Method)
	at sun.reflect.NativeMethodAccessorImpl.invoke(NativeMethodAccessorImpl.java:62)
	at sun.reflect.DelegatingMethodAccessorImpl.invoke(DelegatingMethodAccessorImpl.java:43)
	at java.lang.reflect.Method.invoke(Method.java:498)
	at org.testng.internal.MethodInvocationHelper.invokeMethod(MethodInvocationHelper.java:86)
	at org.testng.internal.Invoker.invokeMethod(Invoker.java:643)
	at org.testng.internal.Invoker.invokeTestMethod(Invoker.java:820)
	at org.testng.internal.Invoker.invokeTestMethods(Invoker.java:1128)
	at org.testng.internal.TestMethodWorker.invokeTestMethods(TestMethodWorker.java:129)
	at org.testng.internal.TestMethodWorker.run(TestMethodWorker.java:112)
	at org.testng.TestRunner.privateRun(TestRunner.java:782)
	at org.testng.TestRunner.run(TestRunner.java:632)
	at org.testng.SuiteRunner.runTest(SuiteRunner.java:366)
	at org.testng.SuiteRunner.runSequentially(SuiteRunner.java:361)
	at org.testng.SuiteRunner.privateRun(SuiteRunner.java:319)
	at org.testng.SuiteRunner.run(SuiteRunner.java:268)
	at org.testng.SuiteRunnerWorker.runSuite(SuiteRunnerWorker.java:52)
	at org.testng.SuiteRunnerWorker.run(SuiteRunnerWorker.java:86)
	at org.testng.TestNG.runSuitesSequentially(TestNG.java:1244)
	at org.testng.TestNG.runSuitesLocally(TestNG.java:1169)
	at org.testng.TestNG.run(TestNG.java:1064)
	at org.apache.maven.surefire.testng.TestNGExecutor.run(TestNGExecutor.java:283)
	at org.apache.maven.surefire.testng.TestNGXmlTestSuite.execute(TestNGXmlTestSuite.java:75)
	at org.apache.maven.surefire.testng.TestNGProvider.invoke(TestNGProvider.java:120)
	at org.apache.maven.surefire.booter.ForkedBooter.invokeProviderInSameClassLoader(ForkedBooter.java:373)
	at org.apache.maven.surefire.booter.ForkedBooter.runSuitesInProcess(ForkedBooter.java:334)
	at org.apache.maven.surefire.booter.ForkedBooter.execute(ForkedBooter.java:119)
	at org.apache.maven.surefire.booter.ForkedBooter.main(ForkedBooter.java:407)
</pre></div></td>
<td>14</td>
<td>com.javademo.cases.testClueSearch@7ef82753</td></tr>
<tr>
<td title='com.javademo.cases.testClueSearch.cluesearch_17()'><b>cluesearch_17</b><br>Test class: com.javademo.cases.testClueSearch</td>
<td><div><pre>java.lang.AssertionError: expected [true] but found [false]
	at com.javademo.cases.testClueSearch.cluesearch_17(testClueSearch.java:112)
... Removed 32 stack frames</pre></div><a href='#' onClick='toggleBox("stack-trace2092709730", this, "Click to show all stack frames", "Click to hide stack frames")'>Click to show all stack frames</a>
<div class='stack-trace' id='stack-trace2092709730'><pre>java.lang.AssertionError: expected [true] but found [false]
	at org.testng.Assert.fail(Assert.java:94)
	at org.testng.Assert.failNotEquals(Assert.java:513)
	at org.testng.Assert.assertTrue(Assert.java:42)
	at org.testng.Assert.assertTrue(Assert.java:52)
	at com.javademo.cases.testClueSearch.cluesearch_17(testClueSearch.java:112)
	at sun.reflect.NativeMethodAccessorImpl.invoke0(Native Method)
	at sun.reflect.NativeMethodAccessorImpl.invoke(NativeMethodAccessorImpl.java:62)
	at sun.reflect.DelegatingMethodAccessorImpl.invoke(DelegatingMethodAccessorImpl.java:43)
	at java.lang.reflect.Method.invoke(Method.java:498)
	at org.testng.internal.MethodInvocationHelper.invokeMethod(MethodInvocationHelper.java:86)
	at org.testng.internal.Invoker.invokeMethod(Invoker.java:643)
	at org.testng.internal.Invoker.invokeTestMethod(Invoker.java:820)
	at org.testng.internal.Invoker.invokeTestMethods(Invoker.java:1128)
	at org.testng.internal.TestMethodWorker.invokeTestMethods(TestMethodWorker.java:129)
	at org.testng.internal.TestMethodWorker.run(TestMethodWorker.java:112)
	at org.testng.TestRunner.privateRun(TestRunner.java:782)
	at org.testng.TestRunner.run(TestRunner.java:632)
	at org.testng.SuiteRunner.runTest(SuiteRunner.java:366)
	at org.testng.SuiteRunner.runSequentially(SuiteRunner.java:361)
	at org.testng.SuiteRunner.privateRun(SuiteRunner.java:319)
	at org.testng.SuiteRunner.run(SuiteRunner.java:268)
	at org.testng.SuiteRunnerWorker.runSuite(SuiteRunnerWorker.java:52)
	at org.testng.SuiteRunnerWorker.run(SuiteRunnerWorker.java:86)
	at org.testng.TestNG.runSuitesSequentially(TestNG.java:1244)
	at org.testng.TestNG.runSuitesLocally(TestNG.java:1169)
	at org.testng.TestNG.run(TestNG.java:1064)
	at org.apache.maven.surefire.testng.TestNGExecutor.run(TestNGExecutor.java:283)
	at org.apache.maven.surefire.testng.TestNGXmlTestSuite.execute(TestNGXmlTestSuite.java:75)
	at org.apache.maven.surefire.testng.TestNGProvider.invoke(TestNGProvider.java:120)
	at org.apache.maven.surefire.booter.ForkedBooter.invokeProviderInSameClassLoader(ForkedBooter.java:373)
	at org.apache.maven.surefire.booter.ForkedBooter.runSuitesInProcess(ForkedBooter.java:334)
	at org.apache.maven.surefire.booter.ForkedBooter.execute(ForkedBooter.java:119)
	at org.apache.maven.surefire.booter.ForkedBooter.main(ForkedBooter.java:407)
</pre></div></td>
<td>9</td>
<td>com.javademo.cases.testClueSearch@7ef82753</td></tr>
<tr>
<td title='com.javademo.cases.testClueSearch.cluesearch_2()'><b>cluesearch_2</b><br>Test class: com.javademo.cases.testClueSearch</td>
<td><div><pre>java.lang.Exception: An element command could not be completed because the element is not visible on the page.
	at macaca.client.common.Utils.handleStatus(Utils.java:162)
	at macaca.client.common.Utils.executeRequest(Utils.java:71)
	at macaca.client.common.Utils.postRequest(Utils.java:119)
	at macaca.client.common.Utils.request(Utils.java:140)
	at macaca.client.commands.Element.click(Element.java:75)
	at com.javademo.pages.GaodunCluePage.cluesearch_1_4(GaodunCluePage.java:933)
	at com.javademo.cases.testClueSearch.cluesearch_2(testClueSearch.java:20)
... Removed 28 stack frames</pre></div><a href='#' onClick='toggleBox("stack-trace795326519", this, "Click to show all stack frames", "Click to hide stack frames")'>Click to show all stack frames</a>
<div class='stack-trace' id='stack-trace795326519'><pre>java.lang.Exception: An element command could not be completed because the element is not visible on the page.
	at macaca.client.common.Utils.handleStatus(Utils.java:162)
	at macaca.client.common.Utils.executeRequest(Utils.java:71)
	at macaca.client.common.Utils.postRequest(Utils.java:119)
	at macaca.client.common.Utils.request(Utils.java:140)
	at macaca.client.commands.Element.click(Element.java:75)
	at com.javademo.pages.GaodunCluePage.cluesearch_1_4(GaodunCluePage.java:933)
	at com.javademo.cases.testClueSearch.cluesearch_2(testClueSearch.java:20)
	at sun.reflect.NativeMethodAccessorImpl.invoke0(Native Method)
	at sun.reflect.NativeMethodAccessorImpl.invoke(NativeMethodAccessorImpl.java:62)
	at sun.reflect.DelegatingMethodAccessorImpl.invoke(DelegatingMethodAccessorImpl.java:43)
	at java.lang.reflect.Method.invoke(Method.java:498)
	at org.testng.internal.MethodInvocationHelper.invokeMethod(MethodInvocationHelper.java:86)
	at org.testng.internal.Invoker.invokeMethod(Invoker.java:643)
	at org.testng.internal.Invoker.invokeTestMethod(Invoker.java:820)
	at org.testng.internal.Invoker.invokeTestMethods(Invoker.java:1128)
	at org.testng.internal.TestMethodWorker.invokeTestMethods(TestMethodWorker.java:129)
	at org.testng.internal.TestMethodWorker.run(TestMethodWorker.java:112)
	at org.testng.TestRunner.privateRun(TestRunner.java:782)
	at org.testng.TestRunner.run(TestRunner.java:632)
	at org.testng.SuiteRunner.runTest(SuiteRunner.java:366)
	at org.testng.SuiteRunner.runSequentially(SuiteRunner.java:361)
	at org.testng.SuiteRunner.privateRun(SuiteRunner.java:319)
	at org.testng.SuiteRunner.run(SuiteRunner.java:268)
	at org.testng.SuiteRunnerWorker.runSuite(SuiteRunnerWorker.java:52)
	at org.testng.SuiteRunnerWorker.run(SuiteRunnerWorker.java:86)
	at org.testng.TestNG.runSuitesSequentially(TestNG.java:1244)
	at org.testng.TestNG.runSuitesLocally(TestNG.java:1169)
	at org.testng.TestNG.run(TestNG.java:1064)
	at org.apache.maven.surefire.testng.TestNGExecutor.run(TestNGExecutor.java:283)
	at org.apache.maven.surefire.testng.TestNGXmlTestSuite.execute(TestNGXmlTestSuite.java:75)
	at org.apache.maven.surefire.testng.TestNGProvider.invoke(TestNGProvider.java:120)
	at org.apache.maven.surefire.booter.ForkedBooter.invokeProviderInSameClassLoader(ForkedBooter.java:373)
	at org.apache.maven.surefire.booter.ForkedBooter.runSuitesInProcess(ForkedBooter.java:334)
	at org.apache.maven.surefire.booter.ForkedBooter.execute(ForkedBooter.java:119)
	at org.apache.maven.surefire.booter.ForkedBooter.main(ForkedBooter.java:407)
</pre></div></td>
<td>8</td>
<td>com.javademo.cases.testClueSearch@7ef82753</td></tr>
<tr>
<td title='com.javademo.cases.testClueSearch.cluesearch_3()'><b>cluesearch_3</b><br>Test class: com.javademo.cases.testClueSearch</td>
<td><div><pre>java.lang.AssertionError: expected [true] but found [false]
	at com.javademo.cases.testClueSearch.cluesearch_3(testClueSearch.java:27)
... Removed 32 stack frames</pre></div><a href='#' onClick='toggleBox("stack-trace89448984", this, "Click to show all stack frames", "Click to hide stack frames")'>Click to show all stack frames</a>
<div class='stack-trace' id='stack-trace89448984'><pre>java.lang.AssertionError: expected [true] but found [false]
	at org.testng.Assert.fail(Assert.java:94)
	at org.testng.Assert.failNotEquals(Assert.java:513)
	at org.testng.Assert.assertTrue(Assert.java:42)
	at org.testng.Assert.assertTrue(Assert.java:52)
	at com.javademo.cases.testClueSearch.cluesearch_3(testClueSearch.java:27)
	at sun.reflect.NativeMethodAccessorImpl.invoke0(Native Method)
	at sun.reflect.NativeMethodAccessorImpl.invoke(NativeMethodAccessorImpl.java:62)
	at sun.reflect.DelegatingMethodAccessorImpl.invoke(DelegatingMethodAccessorImpl.java:43)
	at java.lang.reflect.Method.invoke(Method.java:498)
	at org.testng.internal.MethodInvocationHelper.invokeMethod(MethodInvocationHelper.java:86)
	at org.testng.internal.Invoker.invokeMethod(Invoker.java:643)
	at org.testng.internal.Invoker.invokeTestMethod(Invoker.java:820)
	at org.testng.internal.Invoker.invokeTestMethods(Invoker.java:1128)
	at org.testng.internal.TestMethodWorker.invokeTestMethods(TestMethodWorker.java:129)
	at org.testng.internal.TestMethodWorker.run(TestMethodWorker.java:112)
	at org.testng.TestRunner.privateRun(TestRunner.java:782)
	at org.testng.TestRunner.run(TestRunner.java:632)
	at org.testng.SuiteRunner.runTest(SuiteRunner.java:366)
	at org.testng.SuiteRunner.runSequentially(SuiteRunner.java:361)
	at org.testng.SuiteRunner.privateRun(SuiteRunner.java:319)
	at org.testng.SuiteRunner.run(SuiteRunner.java:268)
	at org.testng.SuiteRunnerWorker.runSuite(SuiteRunnerWorker.java:52)
	at org.testng.SuiteRunnerWorker.run(SuiteRunnerWorker.java:86)
	at org.testng.TestNG.runSuitesSequentially(TestNG.java:1244)
	at org.testng.TestNG.runSuitesLocally(TestNG.java:1169)
	at org.testng.TestNG.run(TestNG.java:1064)
	at org.apache.maven.surefire.testng.TestNGExecutor.run(TestNGExecutor.java:283)
	at org.apache.maven.surefire.testng.TestNGXmlTestSuite.execute(TestNGXmlTestSuite.java:75)
	at org.apache.maven.surefire.testng.TestNGProvider.invoke(TestNGProvider.java:120)
	at org.apache.maven.surefire.booter.ForkedBooter.invokeProviderInSameClassLoader(ForkedBooter.java:373)
	at org.apache.maven.surefire.booter.ForkedBooter.runSuitesInProcess(ForkedBooter.java:334)
	at org.apache.maven.surefire.booter.ForkedBooter.execute(ForkedBooter.java:119)
	at org.apache.maven.surefire.booter.ForkedBooter.main(ForkedBooter.java:407)
</pre></div></td>
<td>25</td>
<td>com.javademo.cases.testClueSearch@7ef82753</td></tr>
<tr>
<td title='com.javademo.cases.testClueSearch.cluesearch_4()'><b>cluesearch_4</b><br>Test class: com.javademo.cases.testClueSearch</td>
<td><div><pre>java.lang.Exception: An element command could not be completed because the element is not visible on the page.
	at macaca.client.common.Utils.handleStatus(Utils.java:162)
	at macaca.client.common.Utils.executeRequest(Utils.java:71)
	at macaca.client.common.Utils.postRequest(Utils.java:119)
	at macaca.client.common.Utils.request(Utils.java:140)
	at macaca.client.commands.Element.click(Element.java:75)
	at com.javademo.pages.GaodunCluePage.cluesearch_1_4(GaodunCluePage.java:933)
	at com.javademo.cases.testClueSearch.cluesearch_4(testClueSearch.java:32)
... Removed 28 stack frames</pre></div><a href='#' onClick='toggleBox("stack-trace778720569", this, "Click to show all stack frames", "Click to hide stack frames")'>Click to show all stack frames</a>
<div class='stack-trace' id='stack-trace778720569'><pre>java.lang.Exception: An element command could not be completed because the element is not visible on the page.
	at macaca.client.common.Utils.handleStatus(Utils.java:162)
	at macaca.client.common.Utils.executeRequest(Utils.java:71)
	at macaca.client.common.Utils.postRequest(Utils.java:119)
	at macaca.client.common.Utils.request(Utils.java:140)
	at macaca.client.commands.Element.click(Element.java:75)
	at com.javademo.pages.GaodunCluePage.cluesearch_1_4(GaodunCluePage.java:933)
	at com.javademo.cases.testClueSearch.cluesearch_4(testClueSearch.java:32)
	at sun.reflect.NativeMethodAccessorImpl.invoke0(Native Method)
	at sun.reflect.NativeMethodAccessorImpl.invoke(NativeMethodAccessorImpl.java:62)
	at sun.reflect.DelegatingMethodAccessorImpl.invoke(DelegatingMethodAccessorImpl.java:43)
	at java.lang.reflect.Method.invoke(Method.java:498)
	at org.testng.internal.MethodInvocationHelper.invokeMethod(MethodInvocationHelper.java:86)
	at org.testng.internal.Invoker.invokeMethod(Invoker.java:643)
	at org.testng.internal.Invoker.invokeTestMethod(Invoker.java:820)
	at org.testng.internal.Invoker.invokeTestMethods(Invoker.java:1128)
	at org.testng.internal.TestMethodWorker.invokeTestMethods(TestMethodWorker.java:129)
	at org.testng.internal.TestMethodWorker.run(TestMethodWorker.java:112)
	at org.testng.TestRunner.privateRun(TestRunner.java:782)
	at org.testng.TestRunner.run(TestRunner.java:632)
	at org.testng.SuiteRunner.runTest(SuiteRunner.java:366)
	at org.testng.SuiteRunner.runSequentially(SuiteRunner.java:361)
	at org.testng.SuiteRunner.privateRun(SuiteRunner.java:319)
	at org.testng.SuiteRunner.run(SuiteRunner.java:268)
	at org.testng.SuiteRunnerWorker.runSuite(SuiteRunnerWorker.java:52)
	at org.testng.SuiteRunnerWorker.run(SuiteRunnerWorker.java:86)
	at org.testng.TestNG.runSuitesSequentially(TestNG.java:1244)
	at org.testng.TestNG.runSuitesLocally(TestNG.java:1169)
	at org.testng.TestNG.run(TestNG.java:1064)
	at org.apache.maven.surefire.testng.TestNGExecutor.run(TestNGExecutor.java:283)
	at org.apache.maven.surefire.testng.TestNGXmlTestSuite.execute(TestNGXmlTestSuite.java:75)
	at org.apache.maven.surefire.testng.TestNGProvider.invoke(TestNGProvider.java:120)
	at org.apache.maven.surefire.booter.ForkedBooter.invokeProviderInSameClassLoader(ForkedBooter.java:373)
	at org.apache.maven.surefire.booter.ForkedBooter.runSuitesInProcess(ForkedBooter.java:334)
	at org.apache.maven.surefire.booter.ForkedBooter.execute(ForkedBooter.java:119)
	at org.apache.maven.surefire.booter.ForkedBooter.main(ForkedBooter.java:407)
</pre></div></td>
<td>8</td>
<td>com.javademo.cases.testClueSearch@7ef82753</td></tr>
<tr>
<td title='com.javademo.cases.testClueSearch.cluesearch_5()'><b>cluesearch_5</b><br>Test class: com.javademo.cases.testClueSearch</td>
<td><div><pre>java.lang.Exception: An element command could not be completed because the element is not visible on the page.
	at macaca.client.common.Utils.handleStatus(Utils.java:162)
	at macaca.client.common.Utils.executeRequest(Utils.java:71)
	at macaca.client.common.Utils.postRequest(Utils.java:119)
	at macaca.client.common.Utils.request(Utils.java:140)
	at macaca.client.commands.Element.click(Element.java:75)
	at com.javademo.pages.GaodunCluePage.cluesearch_5_6(GaodunCluePage.java:1003)
	at com.javademo.cases.testClueSearch.cluesearch_5(testClueSearch.java:38)
... Removed 28 stack frames</pre></div><a href='#' onClick='toggleBox("stack-trace2131960182", this, "Click to show all stack frames", "Click to hide stack frames")'>Click to show all stack frames</a>
<div class='stack-trace' id='stack-trace2131960182'><pre>java.lang.Exception: An element command could not be completed because the element is not visible on the page.
	at macaca.client.common.Utils.handleStatus(Utils.java:162)
	at macaca.client.common.Utils.executeRequest(Utils.java:71)
	at macaca.client.common.Utils.postRequest(Utils.java:119)
	at macaca.client.common.Utils.request(Utils.java:140)
	at macaca.client.commands.Element.click(Element.java:75)
	at com.javademo.pages.GaodunCluePage.cluesearch_5_6(GaodunCluePage.java:1003)
	at com.javademo.cases.testClueSearch.cluesearch_5(testClueSearch.java:38)
	at sun.reflect.NativeMethodAccessorImpl.invoke0(Native Method)
	at sun.reflect.NativeMethodAccessorImpl.invoke(NativeMethodAccessorImpl.java:62)
	at sun.reflect.DelegatingMethodAccessorImpl.invoke(DelegatingMethodAccessorImpl.java:43)
	at java.lang.reflect.Method.invoke(Method.java:498)
	at org.testng.internal.MethodInvocationHelper.invokeMethod(MethodInvocationHelper.java:86)
	at org.testng.internal.Invoker.invokeMethod(Invoker.java:643)
	at org.testng.internal.Invoker.invokeTestMethod(Invoker.java:820)
	at org.testng.internal.Invoker.invokeTestMethods(Invoker.java:1128)
	at org.testng.internal.TestMethodWorker.invokeTestMethods(TestMethodWorker.java:129)
	at org.testng.internal.TestMethodWorker.run(TestMethodWorker.java:112)
	at org.testng.TestRunner.privateRun(TestRunner.java:782)
	at org.testng.TestRunner.run(TestRunner.java:632)
	at org.testng.SuiteRunner.runTest(SuiteRunner.java:366)
	at org.testng.SuiteRunner.runSequentially(SuiteRunner.java:361)
	at org.testng.SuiteRunner.privateRun(SuiteRunner.java:319)
	at org.testng.SuiteRunner.run(SuiteRunner.java:268)
	at org.testng.SuiteRunnerWorker.runSuite(SuiteRunnerWorker.java:52)
	at org.testng.SuiteRunnerWorker.run(SuiteRunnerWorker.java:86)
	at org.testng.TestNG.runSuitesSequentially(TestNG.java:1244)
	at org.testng.TestNG.runSuitesLocally(TestNG.java:1169)
	at org.testng.TestNG.run(TestNG.java:1064)
	at org.apache.maven.surefire.testng.TestNGExecutor.run(TestNGExecutor.java:283)
	at org.apache.maven.surefire.testng.TestNGXmlTestSuite.execute(TestNGXmlTestSuite.java:75)
	at org.apache.maven.surefire.testng.TestNGProvider.invoke(TestNGProvider.java:120)
	at org.apache.maven.surefire.booter.ForkedBooter.invokeProviderInSameClassLoader(ForkedBooter.java:373)
	at org.apache.maven.surefire.booter.ForkedBooter.runSuitesInProcess(ForkedBooter.java:334)
	at org.apache.maven.surefire.booter.ForkedBooter.execute(ForkedBooter.java:119)
	at org.apache.maven.surefire.booter.ForkedBooter.main(ForkedBooter.java:407)
</pre></div></td>
<td>11</td>
<td>com.javademo.cases.testClueSearch@7ef82753</td></tr>
<tr>
<td title='com.javademo.cases.testClueSearch.cluesearch_6()'><b>cluesearch_6</b><br>Test class: com.javademo.cases.testClueSearch</td>
<td><div><pre>java.lang.Exception: An element command could not be completed because the element is not visible on the page.
	at macaca.client.common.Utils.handleStatus(Utils.java:162)
	at macaca.client.common.Utils.executeRequest(Utils.java:71)
	at macaca.client.common.Utils.postRequest(Utils.java:119)
	at macaca.client.common.Utils.request(Utils.java:140)
	at macaca.client.commands.Element.click(Element.java:75)
	at com.javademo.pages.GaodunCluePage.cluesearch_5_6(GaodunCluePage.java:1001)
	at com.javademo.cases.testClueSearch.cluesearch_6(testClueSearch.java:44)
... Removed 28 stack frames</pre></div><a href='#' onClick='toggleBox("stack-trace888287133", this, "Click to show all stack frames", "Click to hide stack frames")'>Click to show all stack frames</a>
<div class='stack-trace' id='stack-trace888287133'><pre>java.lang.Exception: An element command could not be completed because the element is not visible on the page.
	at macaca.client.common.Utils.handleStatus(Utils.java:162)
	at macaca.client.common.Utils.executeRequest(Utils.java:71)
	at macaca.client.common.Utils.postRequest(Utils.java:119)
	at macaca.client.common.Utils.request(Utils.java:140)
	at macaca.client.commands.Element.click(Element.java:75)
	at com.javademo.pages.GaodunCluePage.cluesearch_5_6(GaodunCluePage.java:1001)
	at com.javademo.cases.testClueSearch.cluesearch_6(testClueSearch.java:44)
	at sun.reflect.NativeMethodAccessorImpl.invoke0(Native Method)
	at sun.reflect.NativeMethodAccessorImpl.invoke(NativeMethodAccessorImpl.java:62)
	at sun.reflect.DelegatingMethodAccessorImpl.invoke(DelegatingMethodAccessorImpl.java:43)
	at java.lang.reflect.Method.invoke(Method.java:498)
	at org.testng.internal.MethodInvocationHelper.invokeMethod(MethodInvocationHelper.java:86)
	at org.testng.internal.Invoker.invokeMethod(Invoker.java:643)
	at org.testng.internal.Invoker.invokeTestMethod(Invoker.java:820)
	at org.testng.internal.Invoker.invokeTestMethods(Invoker.java:1128)
	at org.testng.internal.TestMethodWorker.invokeTestMethods(TestMethodWorker.java:129)
	at org.testng.internal.TestMethodWorker.run(TestMethodWorker.java:112)
	at org.testng.TestRunner.privateRun(TestRunner.java:782)
	at org.testng.TestRunner.run(TestRunner.java:632)
	at org.testng.SuiteRunner.runTest(SuiteRunner.java:366)
	at org.testng.SuiteRunner.runSequentially(SuiteRunner.java:361)
	at org.testng.SuiteRunner.privateRun(SuiteRunner.java:319)
	at org.testng.SuiteRunner.run(SuiteRunner.java:268)
	at org.testng.SuiteRunnerWorker.runSuite(SuiteRunnerWorker.java:52)
	at org.testng.SuiteRunnerWorker.run(SuiteRunnerWorker.java:86)
	at org.testng.TestNG.runSuitesSequentially(TestNG.java:1244)
	at org.testng.TestNG.runSuitesLocally(TestNG.java:1169)
	at org.testng.TestNG.run(TestNG.java:1064)
	at org.apache.maven.surefire.testng.TestNGExecutor.run(TestNGExecutor.java:283)
	at org.apache.maven.surefire.testng.TestNGXmlTestSuite.execute(TestNGXmlTestSuite.java:75)
	at org.apache.maven.surefire.testng.TestNGProvider.invoke(TestNGProvider.java:120)
	at org.apache.maven.surefire.booter.ForkedBooter.invokeProviderInSameClassLoader(ForkedBooter.java:373)
	at org.apache.maven.surefire.booter.ForkedBooter.runSuitesInProcess(ForkedBooter.java:334)
	at org.apache.maven.surefire.booter.ForkedBooter.execute(ForkedBooter.java:119)
	at org.apache.maven.surefire.booter.ForkedBooter.main(ForkedBooter.java:407)
</pre></div></td>
<td>8</td>
<td>com.javademo.cases.testClueSearch@7ef82753</td></tr>
<tr>
<td title='com.javademo.cases.testClueSearch.cluesearch_7()'><b>cluesearch_7</b><br>Test class: com.javademo.cases.testClueSearch</td>
<td><div><pre>java.lang.Exception: An element command could not be completed because the element is not visible on the page.
	at macaca.client.common.Utils.handleStatus(Utils.java:162)
	at macaca.client.common.Utils.executeRequest(Utils.java:71)
	at macaca.client.common.Utils.postRequest(Utils.java:119)
	at macaca.client.common.Utils.request(Utils.java:140)
	at macaca.client.commands.Element.click(Element.java:75)
	at com.javademo.pages.GaodunCluePage.cluesearch_7(GaodunCluePage.java:1043)
	at com.javademo.cases.testClueSearch.cluesearch_7(testClueSearch.java:50)
... Removed 28 stack frames</pre></div><a href='#' onClick='toggleBox("stack-trace1260217713", this, "Click to show all stack frames", "Click to hide stack frames")'>Click to show all stack frames</a>
<div class='stack-trace' id='stack-trace1260217713'><pre>java.lang.Exception: An element command could not be completed because the element is not visible on the page.
	at macaca.client.common.Utils.handleStatus(Utils.java:162)
	at macaca.client.common.Utils.executeRequest(Utils.java:71)
	at macaca.client.common.Utils.postRequest(Utils.java:119)
	at macaca.client.common.Utils.request(Utils.java:140)
	at macaca.client.commands.Element.click(Element.java:75)
	at com.javademo.pages.GaodunCluePage.cluesearch_7(GaodunCluePage.java:1043)
	at com.javademo.cases.testClueSearch.cluesearch_7(testClueSearch.java:50)
	at sun.reflect.NativeMethodAccessorImpl.invoke0(Native Method)
	at sun.reflect.NativeMethodAccessorImpl.invoke(NativeMethodAccessorImpl.java:62)
	at sun.reflect.DelegatingMethodAccessorImpl.invoke(DelegatingMethodAccessorImpl.java:43)
	at java.lang.reflect.Method.invoke(Method.java:498)
	at org.testng.internal.MethodInvocationHelper.invokeMethod(MethodInvocationHelper.java:86)
	at org.testng.internal.Invoker.invokeMethod(Invoker.java:643)
	at org.testng.internal.Invoker.invokeTestMethod(Invoker.java:820)
	at org.testng.internal.Invoker.invokeTestMethods(Invoker.java:1128)
	at org.testng.internal.TestMethodWorker.invokeTestMethods(TestMethodWorker.java:129)
	at org.testng.internal.TestMethodWorker.run(TestMethodWorker.java:112)
	at org.testng.TestRunner.privateRun(TestRunner.java:782)
	at org.testng.TestRunner.run(TestRunner.java:632)
	at org.testng.SuiteRunner.runTest(SuiteRunner.java:366)
	at org.testng.SuiteRunner.runSequentially(SuiteRunner.java:361)
	at org.testng.SuiteRunner.privateRun(SuiteRunner.java:319)
	at org.testng.SuiteRunner.run(SuiteRunner.java:268)
	at org.testng.SuiteRunnerWorker.runSuite(SuiteRunnerWorker.java:52)
	at org.testng.SuiteRunnerWorker.run(SuiteRunnerWorker.java:86)
	at org.testng.TestNG.runSuitesSequentially(TestNG.java:1244)
	at org.testng.TestNG.runSuitesLocally(TestNG.java:1169)
	at org.testng.TestNG.run(TestNG.java:1064)
	at org.apache.maven.surefire.testng.TestNGExecutor.run(TestNGExecutor.java:283)
	at org.apache.maven.surefire.testng.TestNGXmlTestSuite.execute(TestNGXmlTestSuite.java:75)
	at org.apache.maven.surefire.testng.TestNGProvider.invoke(TestNGProvider.java:120)
	at org.apache.maven.surefire.booter.ForkedBooter.invokeProviderInSameClassLoader(ForkedBooter.java:373)
	at org.apache.maven.surefire.booter.ForkedBooter.runSuitesInProcess(ForkedBooter.java:334)
	at org.apache.maven.surefire.booter.ForkedBooter.execute(ForkedBooter.java:119)
	at org.apache.maven.surefire.booter.ForkedBooter.main(ForkedBooter.java:407)
</pre></div></td>
<td>13</td>
<td>com.javademo.cases.testClueSearch@7ef82753</td></tr>
<tr>
<td title='com.javademo.cases.testClueSearch.cluesearch_8()'><b>cluesearch_8</b><br>Test class: com.javademo.cases.testClueSearch</td>
<td><div><pre>java.lang.Exception: An element command could not be completed because the element is not visible on the page.
	at macaca.client.common.Utils.handleStatus(Utils.java:162)
	at macaca.client.common.Utils.executeRequest(Utils.java:71)
	at macaca.client.common.Utils.postRequest(Utils.java:119)
	at macaca.client.common.Utils.request(Utils.java:140)
	at macaca.client.commands.Element.click(Element.java:75)
	at com.javademo.pages.GaodunCluePage.cluesearch_8(GaodunCluePage.java:1089)
	at com.javademo.cases.testClueSearch.cluesearch_8(testClueSearch.java:56)
... Removed 28 stack frames</pre></div><a href='#' onClick='toggleBox("stack-trace1844334363", this, "Click to show all stack frames", "Click to hide stack frames")'>Click to show all stack frames</a>
<div class='stack-trace' id='stack-trace1844334363'><pre>java.lang.Exception: An element command could not be completed because the element is not visible on the page.
	at macaca.client.common.Utils.handleStatus(Utils.java:162)
	at macaca.client.common.Utils.executeRequest(Utils.java:71)
	at macaca.client.common.Utils.postRequest(Utils.java:119)
	at macaca.client.common.Utils.request(Utils.java:140)
	at macaca.client.commands.Element.click(Element.java:75)
	at com.javademo.pages.GaodunCluePage.cluesearch_8(GaodunCluePage.java:1089)
	at com.javademo.cases.testClueSearch.cluesearch_8(testClueSearch.java:56)
	at sun.reflect.NativeMethodAccessorImpl.invoke0(Native Method)
	at sun.reflect.NativeMethodAccessorImpl.invoke(NativeMethodAccessorImpl.java:62)
	at sun.reflect.DelegatingMethodAccessorImpl.invoke(DelegatingMethodAccessorImpl.java:43)
	at java.lang.reflect.Method.invoke(Method.java:498)
	at org.testng.internal.MethodInvocationHelper.invokeMethod(MethodInvocationHelper.java:86)
	at org.testng.internal.Invoker.invokeMethod(Invoker.java:643)
	at org.testng.internal.Invoker.invokeTestMethod(Invoker.java:820)
	at org.testng.internal.Invoker.invokeTestMethods(Invoker.java:1128)
	at org.testng.internal.TestMethodWorker.invokeTestMethods(TestMethodWorker.java:129)
	at org.testng.internal.TestMethodWorker.run(TestMethodWorker.java:112)
	at org.testng.TestRunner.privateRun(TestRunner.java:782)
	at org.testng.TestRunner.run(TestRunner.java:632)
	at org.testng.SuiteRunner.runTest(SuiteRunner.java:366)
	at org.testng.SuiteRunner.runSequentially(SuiteRunner.java:361)
	at org.testng.SuiteRunner.privateRun(SuiteRunner.java:319)
	at org.testng.SuiteRunner.run(SuiteRunner.java:268)
	at org.testng.SuiteRunnerWorker.runSuite(SuiteRunnerWorker.java:52)
	at org.testng.SuiteRunnerWorker.run(SuiteRunnerWorker.java:86)
	at org.testng.TestNG.runSuitesSequentially(TestNG.java:1244)
	at org.testng.TestNG.runSuitesLocally(TestNG.java:1169)
	at org.testng.TestNG.run(TestNG.java:1064)
	at org.apache.maven.surefire.testng.TestNGExecutor.run(TestNGExecutor.java:283)
	at org.apache.maven.surefire.testng.TestNGXmlTestSuite.execute(TestNGXmlTestSuite.java:75)
	at org.apache.maven.surefire.testng.TestNGProvider.invoke(TestNGProvider.java:120)
	at org.apache.maven.surefire.booter.ForkedBooter.invokeProviderInSameClassLoader(ForkedBooter.java:373)
	at org.apache.maven.surefire.booter.ForkedBooter.runSuitesInProcess(ForkedBooter.java:334)
	at org.apache.maven.surefire.booter.ForkedBooter.execute(ForkedBooter.java:119)
	at org.apache.maven.surefire.booter.ForkedBooter.main(ForkedBooter.java:407)
</pre></div></td>
<td>6</td>
<td>com.javademo.cases.testClueSearch@7ef82753</td></tr>
</table><p>
<table width='100%' border='1' class='invocation-passed'>
<tr><td colspan='4' align='center'><b>PASSED TESTS</b></td></tr>
<tr><td><b>Test method</b></td>
<td width="30%"><b>Exception</b></td>
<td width="10%"><b>Time (seconds)</b></td>
<td><b>Instance</b></td>
</tr>
<tr>
<td title='com.javademo.cases.testClueSearch.cluesearch_1()'><b>cluesearch_1</b><br>Test class: com.javademo.cases.testClueSearch</td>
<td></td>
<td>57</td>
<td>com.javademo.cases.testClueSearch@7ef82753</td></tr>
<tr>
<td title='com.javademo.cases.testClueSearch.cluesearch_15()'><b>cluesearch_15</b><br>Test class: com.javademo.cases.testClueSearch</td>
<td></td>
<td>21</td>
<td>com.javademo.cases.testClueSearch@7ef82753</td></tr>
<tr>
<td title='com.javademo.cases.testClueSearch.cluesearch_16()'><b>cluesearch_16</b><br>Test class: com.javademo.cases.testClueSearch</td>
<td></td>
<td>20</td>
<td>com.javademo.cases.testClueSearch@7ef82753</td></tr>
<tr>
<td title='com.javademo.cases.testClueSearch.cluesearch_9()'><b>cluesearch_9</b><br>Test class: com.javademo.cases.testClueSearch</td>
<td></td>
<td>23</td>
<td>com.javademo.cases.testClueSearch@7ef82753</td></tr>
</table><p>
</body>
</html>