<html>
<head>
<title>TestNG:  testDiscover</title>
<link href="../testng.css" rel="stylesheet" type="text/css" />
<link href="../my-testng.css" rel="stylesheet" type="text/css" />

<style type="text/css">
.log { display: none;} 
.stack-trace { display: none;} 
</style>
<script type="text/javascript">
<!--
function flip(e) {
  current = e.style.display;
  if (current == 'block') {
    e.style.display = 'none';
    return 0;
  }
  else {
    e.style.display = 'block';
    return 1;
  }
}

function toggleBox(szDivId, elem, msg1, msg2)
{
  var res = -1;  if (document.getElementById) {
    res = flip(document.getElementById(szDivId));
  }
  else if (document.all) {
    // this is the way old msie versions work
    res = flip(document.all[szDivId]);
  }
  if(elem) {
    if(res == 0) elem.innerHTML = msg1; else elem.innerHTML = msg2;
  }

}

function toggleAllBoxes() {
  if (document.getElementsByTagName) {
    d = document.getElementsByTagName('div');
    for (i = 0; i < d.length; i++) {
      if (d[i].className == 'log') {
        flip(d[i]);
      }
    }
  }
}

// -->
</script>

</head>
<body>
<h2 align='center'>testDiscover</h2><table border='1' align="center">
<tr>
<td>Tests passed/Failed/Skipped:</td><td>0/52/0</td>
</tr><tr>
<td>Started on:</td><td>Wed Jan 02 17:56:37 CST 2019</td>
</tr>
<tr><td>Total time:</td><td>41 seconds (41805 ms)</td>
</tr><tr>
<td>Included groups:</td><td></td>
</tr><tr>
<td>Excluded groups:</td><td></td>
</tr>
</table><p/>
<small><i>(Hover the method name to see the test class name)</i></small><p/>
<table width='100%' border='1' class='invocation-failed'>
<tr><td colspan='4' align='center'><b>FAILED TESTS</b></td></tr>
<tr><td><b>Test method</b></td>
<td width="30%"><b>Exception</b></td>
<td width="10%"><b>Time (seconds)</b></td>
<td><b>Instance</b></td>
</tr>
<tr>
<td title='com.javademo.cases.testOrder2.order_1()'><b>order_1</b><br>Test class: com.javademo.cases.testOrder2</td>
<td><div><pre>java.lang.IllegalArgumentException: Invalid key code
	at sun.awt.windows.WRobotPeer.keyPress(Native Method)
	at java.awt.Robot.keyPress(Robot.java:354)
	at com.javademo.pages.GaodunOrderPage.getRefresh(GaodunOrderPage.java:991)
	at com.javademo.pages.GaodunOrderPage.addOrder(GaodunOrderPage.java:33)
	at com.javademo.cases.testOrder2.order_1(testOrder2.java:73)
... Removed 28 stack frames</pre></div><a href='#' onClick='toggleBox("stack-trace1789718525", this, "Click to show all stack frames", "Click to hide stack frames")'>Click to show all stack frames</a>
<div class='stack-trace' id='stack-trace1789718525'><pre>java.lang.IllegalArgumentException: Invalid key code
	at sun.awt.windows.WRobotPeer.keyPress(Native Method)
	at java.awt.Robot.keyPress(Robot.java:354)
	at com.javademo.pages.GaodunOrderPage.getRefresh(GaodunOrderPage.java:991)
	at com.javademo.pages.GaodunOrderPage.addOrder(GaodunOrderPage.java:33)
	at com.javademo.cases.testOrder2.order_1(testOrder2.java:73)
	at sun.reflect.NativeMethodAccessorImpl.invoke0(Native Method)
	at sun.reflect.NativeMethodAccessorImpl.invoke(NativeMethodAccessorImpl.java:62)
	at sun.reflect.DelegatingMethodAccessorImpl.invoke(DelegatingMethodAccessorImpl.java:43)
	at java.lang.reflect.Method.invoke(Method.java:498)
	at org.testng.internal.MethodInvocationHelper.invokeMethod(MethodInvocationHelper.java:86)
	at org.testng.internal.Invoker.invokeMethod(Invoker.java:643)
	at org.testng.internal.Invoker.invokeTestMethod(Invoker.java:820)
	at org.testng.internal.Invoker.invokeTestMethods(Invoker.java:1128)
	at org.testng.internal.TestMethodWorker.invokeTestMethods(TestMethodWorker.java:129)
	at org.testng.internal.TestMethodWorker.run(TestMethodWorker.java:112)
	at org.testng.TestRunner.privateRun(TestRunner.java:782)
	at org.testng.TestRunner.run(TestRunner.java:632)
	at org.testng.SuiteRunner.runTest(SuiteRunner.java:366)
	at org.testng.SuiteRunner.runSequentially(SuiteRunner.java:361)
	at org.testng.SuiteRunner.privateRun(SuiteRunner.java:319)
	at org.testng.SuiteRunner.run(SuiteRunner.java:268)
	at org.testng.SuiteRunnerWorker.runSuite(SuiteRunnerWorker.java:52)
	at org.testng.SuiteRunnerWorker.run(SuiteRunnerWorker.java:86)
	at org.testng.TestNG.runSuitesSequentially(TestNG.java:1244)
	at org.testng.TestNG.runSuitesLocally(TestNG.java:1169)
	at org.testng.TestNG.run(TestNG.java:1064)
	at org.apache.maven.surefire.testng.TestNGExecutor.run(TestNGExecutor.java:283)
	at org.apache.maven.surefire.testng.TestNGXmlTestSuite.execute(TestNGXmlTestSuite.java:75)
	at org.apache.maven.surefire.testng.TestNGProvider.invoke(TestNGProvider.java:120)
	at org.apache.maven.surefire.booter.ForkedBooter.invokeProviderInSameClassLoader(ForkedBooter.java:373)
	at org.apache.maven.surefire.booter.ForkedBooter.runSuitesInProcess(ForkedBooter.java:334)
	at org.apache.maven.surefire.booter.ForkedBooter.execute(ForkedBooter.java:119)
	at org.apache.maven.surefire.booter.ForkedBooter.main(ForkedBooter.java:407)
</pre></div></td>
<td>2</td>
<td>com.javademo.cases.testOrder2@30b7c004</td></tr>
<tr>
<td title='com.javademo.cases.testOrder2.order_105()'><b>order_105</b><br>Test class: com.javademo.cases.testOrder2</td>
<td><div><pre>java.lang.IllegalArgumentException: Invalid key code
	at sun.awt.windows.WRobotPeer.keyPress(Native Method)
	at java.awt.Robot.keyPress(Robot.java:354)
	at com.javademo.pages.GaodunOrderPage.getRefresh(GaodunOrderPage.java:991)
	at com.javademo.pages.GaodunOrderPage.getOrderByPhone(GaodunOrderPage.java:1013)
	at com.javademo.pages.GaodunOrderPage.orderRefund_105(GaodunOrderPage.java:838)
	at com.javademo.cases.testOrder2.order_105(testOrder2.java:26)
... Removed 28 stack frames</pre></div><a href='#' onClick='toggleBox("stack-trace63390", this, "Click to show all stack frames", "Click to hide stack frames")'>Click to show all stack frames</a>
<div class='stack-trace' id='stack-trace63390'><pre>java.lang.IllegalArgumentException: Invalid key code
	at sun.awt.windows.WRobotPeer.keyPress(Native Method)
	at java.awt.Robot.keyPress(Robot.java:354)
	at com.javademo.pages.GaodunOrderPage.getRefresh(GaodunOrderPage.java:991)
	at com.javademo.pages.GaodunOrderPage.getOrderByPhone(GaodunOrderPage.java:1013)
	at com.javademo.pages.GaodunOrderPage.orderRefund_105(GaodunOrderPage.java:838)
	at com.javademo.cases.testOrder2.order_105(testOrder2.java:26)
	at sun.reflect.NativeMethodAccessorImpl.invoke0(Native Method)
	at sun.reflect.NativeMethodAccessorImpl.invoke(NativeMethodAccessorImpl.java:62)
	at sun.reflect.DelegatingMethodAccessorImpl.invoke(DelegatingMethodAccessorImpl.java:43)
	at java.lang.reflect.Method.invoke(Method.java:498)
	at org.testng.internal.MethodInvocationHelper.invokeMethod(MethodInvocationHelper.java:86)
	at org.testng.internal.Invoker.invokeMethod(Invoker.java:643)
	at org.testng.internal.Invoker.invokeTestMethod(Invoker.java:820)
	at org.testng.internal.Invoker.invokeTestMethods(Invoker.java:1128)
	at org.testng.internal.TestMethodWorker.invokeTestMethods(TestMethodWorker.java:129)
	at org.testng.internal.TestMethodWorker.run(TestMethodWorker.java:112)
	at org.testng.TestRunner.privateRun(TestRunner.java:782)
	at org.testng.TestRunner.run(TestRunner.java:632)
	at org.testng.SuiteRunner.runTest(SuiteRunner.java:366)
	at org.testng.SuiteRunner.runSequentially(SuiteRunner.java:361)
	at org.testng.SuiteRunner.privateRun(SuiteRunner.java:319)
	at org.testng.SuiteRunner.run(SuiteRunner.java:268)
	at org.testng.SuiteRunnerWorker.runSuite(SuiteRunnerWorker.java:52)
	at org.testng.SuiteRunnerWorker.run(SuiteRunnerWorker.java:86)
	at org.testng.TestNG.runSuitesSequentially(TestNG.java:1244)
	at org.testng.TestNG.runSuitesLocally(TestNG.java:1169)
	at org.testng.TestNG.run(TestNG.java:1064)
	at org.apache.maven.surefire.testng.TestNGExecutor.run(TestNGExecutor.java:283)
	at org.apache.maven.surefire.testng.TestNGXmlTestSuite.execute(TestNGXmlTestSuite.java:75)
	at org.apache.maven.surefire.testng.TestNGProvider.invoke(TestNGProvider.java:120)
	at org.apache.maven.surefire.booter.ForkedBooter.invokeProviderInSameClassLoader(ForkedBooter.java:373)
	at org.apache.maven.surefire.booter.ForkedBooter.runSuitesInProcess(ForkedBooter.java:334)
	at org.apache.maven.surefire.booter.ForkedBooter.execute(ForkedBooter.java:119)
	at org.apache.maven.surefire.booter.ForkedBooter.main(ForkedBooter.java:407)
</pre></div></td>
<td>0</td>
<td>com.javademo.cases.testOrder2@30b7c004</td></tr>
<tr>
<td title='com.javademo.cases.testOrder2.order_106()'><b>order_106</b><br>Test class: com.javademo.cases.testOrder2</td>
<td><div><pre>java.lang.IllegalArgumentException: Invalid key code
	at sun.awt.windows.WRobotPeer.keyPress(Native Method)
	at java.awt.Robot.keyPress(Robot.java:354)
	at com.javademo.pages.GaodunOrderPage.getRefresh(GaodunOrderPage.java:991)
	at com.javademo.pages.GaodunOrderPage.getOrderByPhone(GaodunOrderPage.java:1013)
	at com.javademo.pages.GaodunOrderPage.orderRefund_105(GaodunOrderPage.java:838)
	at com.javademo.cases.testOrder2.order_106(testOrder2.java:32)
... Removed 28 stack frames</pre></div><a href='#' onClick='toggleBox("stack-trace525968792", this, "Click to show all stack frames", "Click to hide stack frames")'>Click to show all stack frames</a>
<div class='stack-trace' id='stack-trace525968792'><pre>java.lang.IllegalArgumentException: Invalid key code
	at sun.awt.windows.WRobotPeer.keyPress(Native Method)
	at java.awt.Robot.keyPress(Robot.java:354)
	at com.javademo.pages.GaodunOrderPage.getRefresh(GaodunOrderPage.java:991)
	at com.javademo.pages.GaodunOrderPage.getOrderByPhone(GaodunOrderPage.java:1013)
	at com.javademo.pages.GaodunOrderPage.orderRefund_105(GaodunOrderPage.java:838)
	at com.javademo.cases.testOrder2.order_106(testOrder2.java:32)
	at sun.reflect.NativeMethodAccessorImpl.invoke0(Native Method)
	at sun.reflect.NativeMethodAccessorImpl.invoke(NativeMethodAccessorImpl.java:62)
	at sun.reflect.DelegatingMethodAccessorImpl.invoke(DelegatingMethodAccessorImpl.java:43)
	at java.lang.reflect.Method.invoke(Method.java:498)
	at org.testng.internal.MethodInvocationHelper.invokeMethod(MethodInvocationHelper.java:86)
	at org.testng.internal.Invoker.invokeMethod(Invoker.java:643)
	at org.testng.internal.Invoker.invokeTestMethod(Invoker.java:820)
	at org.testng.internal.Invoker.invokeTestMethods(Invoker.java:1128)
	at org.testng.internal.TestMethodWorker.invokeTestMethods(TestMethodWorker.java:129)
	at org.testng.internal.TestMethodWorker.run(TestMethodWorker.java:112)
	at org.testng.TestRunner.privateRun(TestRunner.java:782)
	at org.testng.TestRunner.run(TestRunner.java:632)
	at org.testng.SuiteRunner.runTest(SuiteRunner.java:366)
	at org.testng.SuiteRunner.runSequentially(SuiteRunner.java:361)
	at org.testng.SuiteRunner.privateRun(SuiteRunner.java:319)
	at org.testng.SuiteRunner.run(SuiteRunner.java:268)
	at org.testng.SuiteRunnerWorker.runSuite(SuiteRunnerWorker.java:52)
	at org.testng.SuiteRunnerWorker.run(SuiteRunnerWorker.java:86)
	at org.testng.TestNG.runSuitesSequentially(TestNG.java:1244)
	at org.testng.TestNG.runSuitesLocally(TestNG.java:1169)
	at org.testng.TestNG.run(TestNG.java:1064)
	at org.apache.maven.surefire.testng.TestNGExecutor.run(TestNGExecutor.java:283)
	at org.apache.maven.surefire.testng.TestNGXmlTestSuite.execute(TestNGXmlTestSuite.java:75)
	at org.apache.maven.surefire.testng.TestNGProvider.invoke(TestNGProvider.java:120)
	at org.apache.maven.surefire.booter.ForkedBooter.invokeProviderInSameClassLoader(ForkedBooter.java:373)
	at org.apache.maven.surefire.booter.ForkedBooter.runSuitesInProcess(ForkedBooter.java:334)
	at org.apache.maven.surefire.booter.ForkedBooter.execute(ForkedBooter.java:119)
	at org.apache.maven.surefire.booter.ForkedBooter.main(ForkedBooter.java:407)
</pre></div></td>
<td>0</td>
<td>com.javademo.cases.testOrder2@30b7c004</td></tr>
<tr>
<td title='com.javademo.cases.testOrder2.order_107()'><b>order_107</b><br>Test class: com.javademo.cases.testOrder2</td>
<td><div><pre>java.lang.IllegalArgumentException: Invalid key code
	at sun.awt.windows.WRobotPeer.keyPress(Native Method)
	at java.awt.Robot.keyPress(Robot.java:354)
	at com.javademo.pages.GaodunOrderPage.getRefresh(GaodunOrderPage.java:991)
	at com.javademo.pages.GaodunOrderPage.getOrderByPhone(GaodunOrderPage.java:1013)
	at com.javademo.pages.GaodunOrderPage.orderRefund_105(GaodunOrderPage.java:838)
	at com.javademo.cases.testOrder2.order_107(testOrder2.java:39)
... Removed 28 stack frames</pre></div><a href='#' onClick='toggleBox("stack-trace422330142", this, "Click to show all stack frames", "Click to hide stack frames")'>Click to show all stack frames</a>
<div class='stack-trace' id='stack-trace422330142'><pre>java.lang.IllegalArgumentException: Invalid key code
	at sun.awt.windows.WRobotPeer.keyPress(Native Method)
	at java.awt.Robot.keyPress(Robot.java:354)
	at com.javademo.pages.GaodunOrderPage.getRefresh(GaodunOrderPage.java:991)
	at com.javademo.pages.GaodunOrderPage.getOrderByPhone(GaodunOrderPage.java:1013)
	at com.javademo.pages.GaodunOrderPage.orderRefund_105(GaodunOrderPage.java:838)
	at com.javademo.cases.testOrder2.order_107(testOrder2.java:39)
	at sun.reflect.NativeMethodAccessorImpl.invoke0(Native Method)
	at sun.reflect.NativeMethodAccessorImpl.invoke(NativeMethodAccessorImpl.java:62)
	at sun.reflect.DelegatingMethodAccessorImpl.invoke(DelegatingMethodAccessorImpl.java:43)
	at java.lang.reflect.Method.invoke(Method.java:498)
	at org.testng.internal.MethodInvocationHelper.invokeMethod(MethodInvocationHelper.java:86)
	at org.testng.internal.Invoker.invokeMethod(Invoker.java:643)
	at org.testng.internal.Invoker.invokeTestMethod(Invoker.java:820)
	at org.testng.internal.Invoker.invokeTestMethods(Invoker.java:1128)
	at org.testng.internal.TestMethodWorker.invokeTestMethods(TestMethodWorker.java:129)
	at org.testng.internal.TestMethodWorker.run(TestMethodWorker.java:112)
	at org.testng.TestRunner.privateRun(TestRunner.java:782)
	at org.testng.TestRunner.run(TestRunner.java:632)
	at org.testng.SuiteRunner.runTest(SuiteRunner.java:366)
	at org.testng.SuiteRunner.runSequentially(SuiteRunner.java:361)
	at org.testng.SuiteRunner.privateRun(SuiteRunner.java:319)
	at org.testng.SuiteRunner.run(SuiteRunner.java:268)
	at org.testng.SuiteRunnerWorker.runSuite(SuiteRunnerWorker.java:52)
	at org.testng.SuiteRunnerWorker.run(SuiteRunnerWorker.java:86)
	at org.testng.TestNG.runSuitesSequentially(TestNG.java:1244)
	at org.testng.TestNG.runSuitesLocally(TestNG.java:1169)
	at org.testng.TestNG.run(TestNG.java:1064)
	at org.apache.maven.surefire.testng.TestNGExecutor.run(TestNGExecutor.java:283)
	at org.apache.maven.surefire.testng.TestNGXmlTestSuite.execute(TestNGXmlTestSuite.java:75)
	at org.apache.maven.surefire.testng.TestNGProvider.invoke(TestNGProvider.java:120)
	at org.apache.maven.surefire.booter.ForkedBooter.invokeProviderInSameClassLoader(ForkedBooter.java:373)
	at org.apache.maven.surefire.booter.ForkedBooter.runSuitesInProcess(ForkedBooter.java:334)
	at org.apache.maven.surefire.booter.ForkedBooter.execute(ForkedBooter.java:119)
	at org.apache.maven.surefire.booter.ForkedBooter.main(ForkedBooter.java:407)
</pre></div></td>
<td>0</td>
<td>com.javademo.cases.testOrder2@30b7c004</td></tr>
<tr>
<td title='com.javademo.cases.testOrder2.order_109()'><b>order_109</b><br>Test class: com.javademo.cases.testOrder2</td>
<td><div><pre>java.lang.IllegalArgumentException: Invalid key code
	at sun.awt.windows.WRobotPeer.keyPress(Native Method)
	at java.awt.Robot.keyPress(Robot.java:354)
	at com.javademo.pages.GaodunOrderPage.getRefresh(GaodunOrderPage.java:991)
	at com.javademo.pages.GaodunOrderPage.getOrderByPhone(GaodunOrderPage.java:1013)
	at com.javademo.pages.GaodunOrderPage.orderRefund_105(GaodunOrderPage.java:838)
	at com.javademo.cases.testOrder2.order_109(testOrder2.java:46)
... Removed 28 stack frames</pre></div><a href='#' onClick='toggleBox("stack-trace1955920234", this, "Click to show all stack frames", "Click to hide stack frames")'>Click to show all stack frames</a>
<div class='stack-trace' id='stack-trace1955920234'><pre>java.lang.IllegalArgumentException: Invalid key code
	at sun.awt.windows.WRobotPeer.keyPress(Native Method)
	at java.awt.Robot.keyPress(Robot.java:354)
	at com.javademo.pages.GaodunOrderPage.getRefresh(GaodunOrderPage.java:991)
	at com.javademo.pages.GaodunOrderPage.getOrderByPhone(GaodunOrderPage.java:1013)
	at com.javademo.pages.GaodunOrderPage.orderRefund_105(GaodunOrderPage.java:838)
	at com.javademo.cases.testOrder2.order_109(testOrder2.java:46)
	at sun.reflect.NativeMethodAccessorImpl.invoke0(Native Method)
	at sun.reflect.NativeMethodAccessorImpl.invoke(NativeMethodAccessorImpl.java:62)
	at sun.reflect.DelegatingMethodAccessorImpl.invoke(DelegatingMethodAccessorImpl.java:43)
	at java.lang.reflect.Method.invoke(Method.java:498)
	at org.testng.internal.MethodInvocationHelper.invokeMethod(MethodInvocationHelper.java:86)
	at org.testng.internal.Invoker.invokeMethod(Invoker.java:643)
	at org.testng.internal.Invoker.invokeTestMethod(Invoker.java:820)
	at org.testng.internal.Invoker.invokeTestMethods(Invoker.java:1128)
	at org.testng.internal.TestMethodWorker.invokeTestMethods(TestMethodWorker.java:129)
	at org.testng.internal.TestMethodWorker.run(TestMethodWorker.java:112)
	at org.testng.TestRunner.privateRun(TestRunner.java:782)
	at org.testng.TestRunner.run(TestRunner.java:632)
	at org.testng.SuiteRunner.runTest(SuiteRunner.java:366)
	at org.testng.SuiteRunner.runSequentially(SuiteRunner.java:361)
	at org.testng.SuiteRunner.privateRun(SuiteRunner.java:319)
	at org.testng.SuiteRunner.run(SuiteRunner.java:268)
	at org.testng.SuiteRunnerWorker.runSuite(SuiteRunnerWorker.java:52)
	at org.testng.SuiteRunnerWorker.run(SuiteRunnerWorker.java:86)
	at org.testng.TestNG.runSuitesSequentially(TestNG.java:1244)
	at org.testng.TestNG.runSuitesLocally(TestNG.java:1169)
	at org.testng.TestNG.run(TestNG.java:1064)
	at org.apache.maven.surefire.testng.TestNGExecutor.run(TestNGExecutor.java:283)
	at org.apache.maven.surefire.testng.TestNGXmlTestSuite.execute(TestNGXmlTestSuite.java:75)
	at org.apache.maven.surefire.testng.TestNGProvider.invoke(TestNGProvider.java:120)
	at org.apache.maven.surefire.booter.ForkedBooter.invokeProviderInSameClassLoader(ForkedBooter.java:373)
	at org.apache.maven.surefire.booter.ForkedBooter.runSuitesInProcess(ForkedBooter.java:334)
	at org.apache.maven.surefire.booter.ForkedBooter.execute(ForkedBooter.java:119)
	at org.apache.maven.surefire.booter.ForkedBooter.main(ForkedBooter.java:407)
</pre></div></td>
<td>0</td>
<td>com.javademo.cases.testOrder2@30b7c004</td></tr>
<tr>
<td title='com.javademo.cases.testOrder2.order_110()'><b>order_110</b><br>Test class: com.javademo.cases.testOrder2</td>
<td><div><pre>java.lang.IllegalArgumentException: Invalid key code
	at sun.awt.windows.WRobotPeer.keyPress(Native Method)
	at java.awt.Robot.keyPress(Robot.java:354)
	at com.javademo.pages.GaodunOrderPage.getRefresh(GaodunOrderPage.java:991)
	at com.javademo.pages.GaodunOrderPage.getOrderByPhone(GaodunOrderPage.java:1013)
	at com.javademo.pages.GaodunOrderPage.orderRefund_105(GaodunOrderPage.java:838)
	at com.javademo.cases.testOrder2.order_110(testOrder2.java:53)
... Removed 28 stack frames</pre></div><a href='#' onClick='toggleBox("stack-trace775386112", this, "Click to show all stack frames", "Click to hide stack frames")'>Click to show all stack frames</a>
<div class='stack-trace' id='stack-trace775386112'><pre>java.lang.IllegalArgumentException: Invalid key code
	at sun.awt.windows.WRobotPeer.keyPress(Native Method)
	at java.awt.Robot.keyPress(Robot.java:354)
	at com.javademo.pages.GaodunOrderPage.getRefresh(GaodunOrderPage.java:991)
	at com.javademo.pages.GaodunOrderPage.getOrderByPhone(GaodunOrderPage.java:1013)
	at com.javademo.pages.GaodunOrderPage.orderRefund_105(GaodunOrderPage.java:838)
	at com.javademo.cases.testOrder2.order_110(testOrder2.java:53)
	at sun.reflect.NativeMethodAccessorImpl.invoke0(Native Method)
	at sun.reflect.NativeMethodAccessorImpl.invoke(NativeMethodAccessorImpl.java:62)
	at sun.reflect.DelegatingMethodAccessorImpl.invoke(DelegatingMethodAccessorImpl.java:43)
	at java.lang.reflect.Method.invoke(Method.java:498)
	at org.testng.internal.MethodInvocationHelper.invokeMethod(MethodInvocationHelper.java:86)
	at org.testng.internal.Invoker.invokeMethod(Invoker.java:643)
	at org.testng.internal.Invoker.invokeTestMethod(Invoker.java:820)
	at org.testng.internal.Invoker.invokeTestMethods(Invoker.java:1128)
	at org.testng.internal.TestMethodWorker.invokeTestMethods(TestMethodWorker.java:129)
	at org.testng.internal.TestMethodWorker.run(TestMethodWorker.java:112)
	at org.testng.TestRunner.privateRun(TestRunner.java:782)
	at org.testng.TestRunner.run(TestRunner.java:632)
	at org.testng.SuiteRunner.runTest(SuiteRunner.java:366)
	at org.testng.SuiteRunner.runSequentially(SuiteRunner.java:361)
	at org.testng.SuiteRunner.privateRun(SuiteRunner.java:319)
	at org.testng.SuiteRunner.run(SuiteRunner.java:268)
	at org.testng.SuiteRunnerWorker.runSuite(SuiteRunnerWorker.java:52)
	at org.testng.SuiteRunnerWorker.run(SuiteRunnerWorker.java:86)
	at org.testng.TestNG.runSuitesSequentially(TestNG.java:1244)
	at org.testng.TestNG.runSuitesLocally(TestNG.java:1169)
	at org.testng.TestNG.run(TestNG.java:1064)
	at org.apache.maven.surefire.testng.TestNGExecutor.run(TestNGExecutor.java:283)
	at org.apache.maven.surefire.testng.TestNGXmlTestSuite.execute(TestNGXmlTestSuite.java:75)
	at org.apache.maven.surefire.testng.TestNGProvider.invoke(TestNGProvider.java:120)
	at org.apache.maven.surefire.booter.ForkedBooter.invokeProviderInSameClassLoader(ForkedBooter.java:373)
	at org.apache.maven.surefire.booter.ForkedBooter.runSuitesInProcess(ForkedBooter.java:334)
	at org.apache.maven.surefire.booter.ForkedBooter.execute(ForkedBooter.java:119)
	at org.apache.maven.surefire.booter.ForkedBooter.main(ForkedBooter.java:407)
</pre></div></td>
<td>0</td>
<td>com.javademo.cases.testOrder2@30b7c004</td></tr>
<tr>
<td title='com.javademo.cases.testOrder2.order_111()'><b>order_111</b><br>Test class: com.javademo.cases.testOrder2</td>
<td><div><pre>java.lang.IllegalArgumentException: Invalid key code
	at sun.awt.windows.WRobotPeer.keyPress(Native Method)
	at java.awt.Robot.keyPress(Robot.java:354)
	at com.javademo.pages.GaodunOrderPage.getRefresh(GaodunOrderPage.java:991)
	at com.javademo.pages.GaodunOrderPage.getOrderByPhone(GaodunOrderPage.java:1013)
	at com.javademo.pages.GaodunOrderPage.orderRefund_105(GaodunOrderPage.java:838)
	at com.javademo.cases.testOrder2.order_111(testOrder2.java:60)
... Removed 28 stack frames</pre></div><a href='#' onClick='toggleBox("stack-trace1146825051", this, "Click to show all stack frames", "Click to hide stack frames")'>Click to show all stack frames</a>
<div class='stack-trace' id='stack-trace1146825051'><pre>java.lang.IllegalArgumentException: Invalid key code
	at sun.awt.windows.WRobotPeer.keyPress(Native Method)
	at java.awt.Robot.keyPress(Robot.java:354)
	at com.javademo.pages.GaodunOrderPage.getRefresh(GaodunOrderPage.java:991)
	at com.javademo.pages.GaodunOrderPage.getOrderByPhone(GaodunOrderPage.java:1013)
	at com.javademo.pages.GaodunOrderPage.orderRefund_105(GaodunOrderPage.java:838)
	at com.javademo.cases.testOrder2.order_111(testOrder2.java:60)
	at sun.reflect.NativeMethodAccessorImpl.invoke0(Native Method)
	at sun.reflect.NativeMethodAccessorImpl.invoke(NativeMethodAccessorImpl.java:62)
	at sun.reflect.DelegatingMethodAccessorImpl.invoke(DelegatingMethodAccessorImpl.java:43)
	at java.lang.reflect.Method.invoke(Method.java:498)
	at org.testng.internal.MethodInvocationHelper.invokeMethod(MethodInvocationHelper.java:86)
	at org.testng.internal.Invoker.invokeMethod(Invoker.java:643)
	at org.testng.internal.Invoker.invokeTestMethod(Invoker.java:820)
	at org.testng.internal.Invoker.invokeTestMethods(Invoker.java:1128)
	at org.testng.internal.TestMethodWorker.invokeTestMethods(TestMethodWorker.java:129)
	at org.testng.internal.TestMethodWorker.run(TestMethodWorker.java:112)
	at org.testng.TestRunner.privateRun(TestRunner.java:782)
	at org.testng.TestRunner.run(TestRunner.java:632)
	at org.testng.SuiteRunner.runTest(SuiteRunner.java:366)
	at org.testng.SuiteRunner.runSequentially(SuiteRunner.java:361)
	at org.testng.SuiteRunner.privateRun(SuiteRunner.java:319)
	at org.testng.SuiteRunner.run(SuiteRunner.java:268)
	at org.testng.SuiteRunnerWorker.runSuite(SuiteRunnerWorker.java:52)
	at org.testng.SuiteRunnerWorker.run(SuiteRunnerWorker.java:86)
	at org.testng.TestNG.runSuitesSequentially(TestNG.java:1244)
	at org.testng.TestNG.runSuitesLocally(TestNG.java:1169)
	at org.testng.TestNG.run(TestNG.java:1064)
	at org.apache.maven.surefire.testng.TestNGExecutor.run(TestNGExecutor.java:283)
	at org.apache.maven.surefire.testng.TestNGXmlTestSuite.execute(TestNGXmlTestSuite.java:75)
	at org.apache.maven.surefire.testng.TestNGProvider.invoke(TestNGProvider.java:120)
	at org.apache.maven.surefire.booter.ForkedBooter.invokeProviderInSameClassLoader(ForkedBooter.java:373)
	at org.apache.maven.surefire.booter.ForkedBooter.runSuitesInProcess(ForkedBooter.java:334)
	at org.apache.maven.surefire.booter.ForkedBooter.execute(ForkedBooter.java:119)
	at org.apache.maven.surefire.booter.ForkedBooter.main(ForkedBooter.java:407)
</pre></div></td>
<td>0</td>
<td>com.javademo.cases.testOrder2@30b7c004</td></tr>
<tr>
<td title='com.javademo.cases.testOrder2.order_112()'><b>order_112</b><br>Test class: com.javademo.cases.testOrder2</td>
<td><div><pre>java.lang.IllegalArgumentException: Invalid key code
	at sun.awt.windows.WRobotPeer.keyPress(Native Method)
	at java.awt.Robot.keyPress(Robot.java:354)
	at com.javademo.pages.GaodunOrderPage.getRefresh(GaodunOrderPage.java:991)
	at com.javademo.pages.GaodunOrderPage.getOrderByPhone(GaodunOrderPage.java:1013)
	at com.javademo.pages.GaodunOrderPage.orderRefund_105(GaodunOrderPage.java:838)
	at com.javademo.cases.testOrder2.order_112(testOrder2.java:67)
... Removed 28 stack frames</pre></div><a href='#' onClick='toggleBox("stack-trace1550261631", this, "Click to show all stack frames", "Click to hide stack frames")'>Click to show all stack frames</a>
<div class='stack-trace' id='stack-trace1550261631'><pre>java.lang.IllegalArgumentException: Invalid key code
	at sun.awt.windows.WRobotPeer.keyPress(Native Method)
	at java.awt.Robot.keyPress(Robot.java:354)
	at com.javademo.pages.GaodunOrderPage.getRefresh(GaodunOrderPage.java:991)
	at com.javademo.pages.GaodunOrderPage.getOrderByPhone(GaodunOrderPage.java:1013)
	at com.javademo.pages.GaodunOrderPage.orderRefund_105(GaodunOrderPage.java:838)
	at com.javademo.cases.testOrder2.order_112(testOrder2.java:67)
	at sun.reflect.NativeMethodAccessorImpl.invoke0(Native Method)
	at sun.reflect.NativeMethodAccessorImpl.invoke(NativeMethodAccessorImpl.java:62)
	at sun.reflect.DelegatingMethodAccessorImpl.invoke(DelegatingMethodAccessorImpl.java:43)
	at java.lang.reflect.Method.invoke(Method.java:498)
	at org.testng.internal.MethodInvocationHelper.invokeMethod(MethodInvocationHelper.java:86)
	at org.testng.internal.Invoker.invokeMethod(Invoker.java:643)
	at org.testng.internal.Invoker.invokeTestMethod(Invoker.java:820)
	at org.testng.internal.Invoker.invokeTestMethods(Invoker.java:1128)
	at org.testng.internal.TestMethodWorker.invokeTestMethods(TestMethodWorker.java:129)
	at org.testng.internal.TestMethodWorker.run(TestMethodWorker.java:112)
	at org.testng.TestRunner.privateRun(TestRunner.java:782)
	at org.testng.TestRunner.run(TestRunner.java:632)
	at org.testng.SuiteRunner.runTest(SuiteRunner.java:366)
	at org.testng.SuiteRunner.runSequentially(SuiteRunner.java:361)
	at org.testng.SuiteRunner.privateRun(SuiteRunner.java:319)
	at org.testng.SuiteRunner.run(SuiteRunner.java:268)
	at org.testng.SuiteRunnerWorker.runSuite(SuiteRunnerWorker.java:52)
	at org.testng.SuiteRunnerWorker.run(SuiteRunnerWorker.java:86)
	at org.testng.TestNG.runSuitesSequentially(TestNG.java:1244)
	at org.testng.TestNG.runSuitesLocally(TestNG.java:1169)
	at org.testng.TestNG.run(TestNG.java:1064)
	at org.apache.maven.surefire.testng.TestNGExecutor.run(TestNGExecutor.java:283)
	at org.apache.maven.surefire.testng.TestNGXmlTestSuite.execute(TestNGXmlTestSuite.java:75)
	at org.apache.maven.surefire.testng.TestNGProvider.invoke(TestNGProvider.java:120)
	at org.apache.maven.surefire.booter.ForkedBooter.invokeProviderInSameClassLoader(ForkedBooter.java:373)
	at org.apache.maven.surefire.booter.ForkedBooter.runSuitesInProcess(ForkedBooter.java:334)
	at org.apache.maven.surefire.booter.ForkedBooter.execute(ForkedBooter.java:119)
	at org.apache.maven.surefire.booter.ForkedBooter.main(ForkedBooter.java:407)
</pre></div></td>
<td>0</td>
<td>com.javademo.cases.testOrder2@30b7c004</td></tr>
<tr>
<td title='com.javademo.cases.testOrder2.order_113()'><b>order_113</b><br>Test class: com.javademo.cases.testOrder2</td>
<td><div><pre>java.lang.IllegalArgumentException: Invalid key code
	at sun.awt.windows.WRobotPeer.keyPress(Native Method)
	at java.awt.Robot.keyPress(Robot.java:354)
	at com.javademo.pages.GaodunOrderPage.getRefresh(GaodunOrderPage.java:991)
	at com.javademo.pages.GaodunOrderPage.getOrderByPhone(GaodunOrderPage.java:1013)
	at com.javademo.pages.GaodunOrderPage.orderRefund_105(GaodunOrderPage.java:838)
	at com.javademo.cases.testOrder2.order_113(testOrder2.java:80)
... Removed 28 stack frames</pre></div><a href='#' onClick='toggleBox("stack-trace279593458", this, "Click to show all stack frames", "Click to hide stack frames")'>Click to show all stack frames</a>
<div class='stack-trace' id='stack-trace279593458'><pre>java.lang.IllegalArgumentException: Invalid key code
	at sun.awt.windows.WRobotPeer.keyPress(Native Method)
	at java.awt.Robot.keyPress(Robot.java:354)
	at com.javademo.pages.GaodunOrderPage.getRefresh(GaodunOrderPage.java:991)
	at com.javademo.pages.GaodunOrderPage.getOrderByPhone(GaodunOrderPage.java:1013)
	at com.javademo.pages.GaodunOrderPage.orderRefund_105(GaodunOrderPage.java:838)
	at com.javademo.cases.testOrder2.order_113(testOrder2.java:80)
	at sun.reflect.NativeMethodAccessorImpl.invoke0(Native Method)
	at sun.reflect.NativeMethodAccessorImpl.invoke(NativeMethodAccessorImpl.java:62)
	at sun.reflect.DelegatingMethodAccessorImpl.invoke(DelegatingMethodAccessorImpl.java:43)
	at java.lang.reflect.Method.invoke(Method.java:498)
	at org.testng.internal.MethodInvocationHelper.invokeMethod(MethodInvocationHelper.java:86)
	at org.testng.internal.Invoker.invokeMethod(Invoker.java:643)
	at org.testng.internal.Invoker.invokeTestMethod(Invoker.java:820)
	at org.testng.internal.Invoker.invokeTestMethods(Invoker.java:1128)
	at org.testng.internal.TestMethodWorker.invokeTestMethods(TestMethodWorker.java:129)
	at org.testng.internal.TestMethodWorker.run(TestMethodWorker.java:112)
	at org.testng.TestRunner.privateRun(TestRunner.java:782)
	at org.testng.TestRunner.run(TestRunner.java:632)
	at org.testng.SuiteRunner.runTest(SuiteRunner.java:366)
	at org.testng.SuiteRunner.runSequentially(SuiteRunner.java:361)
	at org.testng.SuiteRunner.privateRun(SuiteRunner.java:319)
	at org.testng.SuiteRunner.run(SuiteRunner.java:268)
	at org.testng.SuiteRunnerWorker.runSuite(SuiteRunnerWorker.java:52)
	at org.testng.SuiteRunnerWorker.run(SuiteRunnerWorker.java:86)
	at org.testng.TestNG.runSuitesSequentially(TestNG.java:1244)
	at org.testng.TestNG.runSuitesLocally(TestNG.java:1169)
	at org.testng.TestNG.run(TestNG.java:1064)
	at org.apache.maven.surefire.testng.TestNGExecutor.run(TestNGExecutor.java:283)
	at org.apache.maven.surefire.testng.TestNGXmlTestSuite.execute(TestNGXmlTestSuite.java:75)
	at org.apache.maven.surefire.testng.TestNGProvider.invoke(TestNGProvider.java:120)
	at org.apache.maven.surefire.booter.ForkedBooter.invokeProviderInSameClassLoader(ForkedBooter.java:373)
	at org.apache.maven.surefire.booter.ForkedBooter.runSuitesInProcess(ForkedBooter.java:334)
	at org.apache.maven.surefire.booter.ForkedBooter.execute(ForkedBooter.java:119)
	at org.apache.maven.surefire.booter.ForkedBooter.main(ForkedBooter.java:407)
</pre></div></td>
<td>0</td>
<td>com.javademo.cases.testOrder2@30b7c004</td></tr>
<tr>
<td title='com.javademo.cases.testOrder2.order_114()'><b>order_114</b><br>Test class: com.javademo.cases.testOrder2</td>
<td><div><pre>java.lang.IllegalArgumentException: Invalid key code
	at sun.awt.windows.WRobotPeer.keyPress(Native Method)
	at java.awt.Robot.keyPress(Robot.java:354)
	at com.javademo.pages.GaodunOrderPage.getRefresh(GaodunOrderPage.java:991)
	at com.javademo.pages.GaodunOrderPage.getOrderByPhone(GaodunOrderPage.java:1013)
	at com.javademo.pages.GaodunOrderPage.orderRefund_105(GaodunOrderPage.java:838)
	at com.javademo.cases.testOrder2.order_114(testOrder2.java:93)
... Removed 28 stack frames</pre></div><a href='#' onClick='toggleBox("stack-trace1278254413", this, "Click to show all stack frames", "Click to hide stack frames")'>Click to show all stack frames</a>
<div class='stack-trace' id='stack-trace1278254413'><pre>java.lang.IllegalArgumentException: Invalid key code
	at sun.awt.windows.WRobotPeer.keyPress(Native Method)
	at java.awt.Robot.keyPress(Robot.java:354)
	at com.javademo.pages.GaodunOrderPage.getRefresh(GaodunOrderPage.java:991)
	at com.javademo.pages.GaodunOrderPage.getOrderByPhone(GaodunOrderPage.java:1013)
	at com.javademo.pages.GaodunOrderPage.orderRefund_105(GaodunOrderPage.java:838)
	at com.javademo.cases.testOrder2.order_114(testOrder2.java:93)
	at sun.reflect.NativeMethodAccessorImpl.invoke0(Native Method)
	at sun.reflect.NativeMethodAccessorImpl.invoke(NativeMethodAccessorImpl.java:62)
	at sun.reflect.DelegatingMethodAccessorImpl.invoke(DelegatingMethodAccessorImpl.java:43)
	at java.lang.reflect.Method.invoke(Method.java:498)
	at org.testng.internal.MethodInvocationHelper.invokeMethod(MethodInvocationHelper.java:86)
	at org.testng.internal.Invoker.invokeMethod(Invoker.java:643)
	at org.testng.internal.Invoker.invokeTestMethod(Invoker.java:820)
	at org.testng.internal.Invoker.invokeTestMethods(Invoker.java:1128)
	at org.testng.internal.TestMethodWorker.invokeTestMethods(TestMethodWorker.java:129)
	at org.testng.internal.TestMethodWorker.run(TestMethodWorker.java:112)
	at org.testng.TestRunner.privateRun(TestRunner.java:782)
	at org.testng.TestRunner.run(TestRunner.java:632)
	at org.testng.SuiteRunner.runTest(SuiteRunner.java:366)
	at org.testng.SuiteRunner.runSequentially(SuiteRunner.java:361)
	at org.testng.SuiteRunner.privateRun(SuiteRunner.java:319)
	at org.testng.SuiteRunner.run(SuiteRunner.java:268)
	at org.testng.SuiteRunnerWorker.runSuite(SuiteRunnerWorker.java:52)
	at org.testng.SuiteRunnerWorker.run(SuiteRunnerWorker.java:86)
	at org.testng.TestNG.runSuitesSequentially(TestNG.java:1244)
	at org.testng.TestNG.runSuitesLocally(TestNG.java:1169)
	at org.testng.TestNG.run(TestNG.java:1064)
	at org.apache.maven.surefire.testng.TestNGExecutor.run(TestNGExecutor.java:283)
	at org.apache.maven.surefire.testng.TestNGXmlTestSuite.execute(TestNGXmlTestSuite.java:75)
	at org.apache.maven.surefire.testng.TestNGProvider.invoke(TestNGProvider.java:120)
	at org.apache.maven.surefire.booter.ForkedBooter.invokeProviderInSameClassLoader(ForkedBooter.java:373)
	at org.apache.maven.surefire.booter.ForkedBooter.runSuitesInProcess(ForkedBooter.java:334)
	at org.apache.maven.surefire.booter.ForkedBooter.execute(ForkedBooter.java:119)
	at org.apache.maven.surefire.booter.ForkedBooter.main(ForkedBooter.java:407)
</pre></div></td>
<td>0</td>
<td>com.javademo.cases.testOrder2@30b7c004</td></tr>
<tr>
<td title='com.javademo.cases.testOrder2.order_115()'><b>order_115</b><br>Test class: com.javademo.cases.testOrder2</td>
<td><div><pre>java.lang.IllegalArgumentException: Invalid key code
	at sun.awt.windows.WRobotPeer.keyPress(Native Method)
	at java.awt.Robot.keyPress(Robot.java:354)
	at com.javademo.pages.GaodunOrderPage.getRefresh(GaodunOrderPage.java:991)
	at com.javademo.pages.GaodunOrderPage.getOrderByPhone(GaodunOrderPage.java:1013)
	at com.javademo.pages.GaodunOrderPage.orderRefund_105(GaodunOrderPage.java:838)
	at com.javademo.cases.testOrder2.order_115(testOrder2.java:100)
... Removed 28 stack frames</pre></div><a href='#' onClick='toggleBox("stack-trace931675031", this, "Click to show all stack frames", "Click to hide stack frames")'>Click to show all stack frames</a>
<div class='stack-trace' id='stack-trace931675031'><pre>java.lang.IllegalArgumentException: Invalid key code
	at sun.awt.windows.WRobotPeer.keyPress(Native Method)
	at java.awt.Robot.keyPress(Robot.java:354)
	at com.javademo.pages.GaodunOrderPage.getRefresh(GaodunOrderPage.java:991)
	at com.javademo.pages.GaodunOrderPage.getOrderByPhone(GaodunOrderPage.java:1013)
	at com.javademo.pages.GaodunOrderPage.orderRefund_105(GaodunOrderPage.java:838)
	at com.javademo.cases.testOrder2.order_115(testOrder2.java:100)
	at sun.reflect.NativeMethodAccessorImpl.invoke0(Native Method)
	at sun.reflect.NativeMethodAccessorImpl.invoke(NativeMethodAccessorImpl.java:62)
	at sun.reflect.DelegatingMethodAccessorImpl.invoke(DelegatingMethodAccessorImpl.java:43)
	at java.lang.reflect.Method.invoke(Method.java:498)
	at org.testng.internal.MethodInvocationHelper.invokeMethod(MethodInvocationHelper.java:86)
	at org.testng.internal.Invoker.invokeMethod(Invoker.java:643)
	at org.testng.internal.Invoker.invokeTestMethod(Invoker.java:820)
	at org.testng.internal.Invoker.invokeTestMethods(Invoker.java:1128)
	at org.testng.internal.TestMethodWorker.invokeTestMethods(TestMethodWorker.java:129)
	at org.testng.internal.TestMethodWorker.run(TestMethodWorker.java:112)
	at org.testng.TestRunner.privateRun(TestRunner.java:782)
	at org.testng.TestRunner.run(TestRunner.java:632)
	at org.testng.SuiteRunner.runTest(SuiteRunner.java:366)
	at org.testng.SuiteRunner.runSequentially(SuiteRunner.java:361)
	at org.testng.SuiteRunner.privateRun(SuiteRunner.java:319)
	at org.testng.SuiteRunner.run(SuiteRunner.java:268)
	at org.testng.SuiteRunnerWorker.runSuite(SuiteRunnerWorker.java:52)
	at org.testng.SuiteRunnerWorker.run(SuiteRunnerWorker.java:86)
	at org.testng.TestNG.runSuitesSequentially(TestNG.java:1244)
	at org.testng.TestNG.runSuitesLocally(TestNG.java:1169)
	at org.testng.TestNG.run(TestNG.java:1064)
	at org.apache.maven.surefire.testng.TestNGExecutor.run(TestNGExecutor.java:283)
	at org.apache.maven.surefire.testng.TestNGXmlTestSuite.execute(TestNGXmlTestSuite.java:75)
	at org.apache.maven.surefire.testng.TestNGProvider.invoke(TestNGProvider.java:120)
	at org.apache.maven.surefire.booter.ForkedBooter.invokeProviderInSameClassLoader(ForkedBooter.java:373)
	at org.apache.maven.surefire.booter.ForkedBooter.runSuitesInProcess(ForkedBooter.java:334)
	at org.apache.maven.surefire.booter.ForkedBooter.execute(ForkedBooter.java:119)
	at org.apache.maven.surefire.booter.ForkedBooter.main(ForkedBooter.java:407)
</pre></div></td>
<td>0</td>
<td>com.javademo.cases.testOrder2@30b7c004</td></tr>
<tr>
<td title='com.javademo.cases.testOrder2.order_116()'><b>order_116</b><br>Test class: com.javademo.cases.testOrder2</td>
<td><div><pre>java.lang.IllegalArgumentException: Invalid key code
	at sun.awt.windows.WRobotPeer.keyPress(Native Method)
	at java.awt.Robot.keyPress(Robot.java:354)
	at com.javademo.pages.GaodunOrderPage.getRefresh(GaodunOrderPage.java:991)
	at com.javademo.pages.GaodunOrderPage.getOrderByPhone(GaodunOrderPage.java:1013)
	at com.javademo.pages.GaodunOrderPage.orderRefund_105(GaodunOrderPage.java:838)
	at com.javademo.cases.testOrder2.order_116(testOrder2.java:112)
... Removed 28 stack frames</pre></div><a href='#' onClick='toggleBox("stack-trace31114735", this, "Click to show all stack frames", "Click to hide stack frames")'>Click to show all stack frames</a>
<div class='stack-trace' id='stack-trace31114735'><pre>java.lang.IllegalArgumentException: Invalid key code
	at sun.awt.windows.WRobotPeer.keyPress(Native Method)
	at java.awt.Robot.keyPress(Robot.java:354)
	at com.javademo.pages.GaodunOrderPage.getRefresh(GaodunOrderPage.java:991)
	at com.javademo.pages.GaodunOrderPage.getOrderByPhone(GaodunOrderPage.java:1013)
	at com.javademo.pages.GaodunOrderPage.orderRefund_105(GaodunOrderPage.java:838)
	at com.javademo.cases.testOrder2.order_116(testOrder2.java:112)
	at sun.reflect.NativeMethodAccessorImpl.invoke0(Native Method)
	at sun.reflect.NativeMethodAccessorImpl.invoke(NativeMethodAccessorImpl.java:62)
	at sun.reflect.DelegatingMethodAccessorImpl.invoke(DelegatingMethodAccessorImpl.java:43)
	at java.lang.reflect.Method.invoke(Method.java:498)
	at org.testng.internal.MethodInvocationHelper.invokeMethod(MethodInvocationHelper.java:86)
	at org.testng.internal.Invoker.invokeMethod(Invoker.java:643)
	at org.testng.internal.Invoker.invokeTestMethod(Invoker.java:820)
	at org.testng.internal.Invoker.invokeTestMethods(Invoker.java:1128)
	at org.testng.internal.TestMethodWorker.invokeTestMethods(TestMethodWorker.java:129)
	at org.testng.internal.TestMethodWorker.run(TestMethodWorker.java:112)
	at org.testng.TestRunner.privateRun(TestRunner.java:782)
	at org.testng.TestRunner.run(TestRunner.java:632)
	at org.testng.SuiteRunner.runTest(SuiteRunner.java:366)
	at org.testng.SuiteRunner.runSequentially(SuiteRunner.java:361)
	at org.testng.SuiteRunner.privateRun(SuiteRunner.java:319)
	at org.testng.SuiteRunner.run(SuiteRunner.java:268)
	at org.testng.SuiteRunnerWorker.runSuite(SuiteRunnerWorker.java:52)
	at org.testng.SuiteRunnerWorker.run(SuiteRunnerWorker.java:86)
	at org.testng.TestNG.runSuitesSequentially(TestNG.java:1244)
	at org.testng.TestNG.runSuitesLocally(TestNG.java:1169)
	at org.testng.TestNG.run(TestNG.java:1064)
	at org.apache.maven.surefire.testng.TestNGExecutor.run(TestNGExecutor.java:283)
	at org.apache.maven.surefire.testng.TestNGXmlTestSuite.execute(TestNGXmlTestSuite.java:75)
	at org.apache.maven.surefire.testng.TestNGProvider.invoke(TestNGProvider.java:120)
	at org.apache.maven.surefire.booter.ForkedBooter.invokeProviderInSameClassLoader(ForkedBooter.java:373)
	at org.apache.maven.surefire.booter.ForkedBooter.runSuitesInProcess(ForkedBooter.java:334)
	at org.apache.maven.surefire.booter.ForkedBooter.execute(ForkedBooter.java:119)
	at org.apache.maven.surefire.booter.ForkedBooter.main(ForkedBooter.java:407)
</pre></div></td>
<td>0</td>
<td>com.javademo.cases.testOrder2@30b7c004</td></tr>
<tr>
<td title='com.javademo.cases.testOrder2.order_117()'><b>order_117</b><br>Test class: com.javademo.cases.testOrder2</td>
<td><div><pre>java.lang.IllegalArgumentException: Invalid key code
	at sun.awt.windows.WRobotPeer.keyPress(Native Method)
	at java.awt.Robot.keyPress(Robot.java:354)
	at com.javademo.pages.GaodunOrderPage.getRefresh(GaodunOrderPage.java:991)
	at com.javademo.pages.GaodunOrderPage.getOrderByPhone(GaodunOrderPage.java:1013)
	at com.javademo.pages.GaodunOrderPage.orderRefund_105(GaodunOrderPage.java:838)
	at com.javademo.cases.testOrder2.order_117(testOrder2.java:119)
... Removed 28 stack frames</pre></div><a href='#' onClick='toggleBox("stack-trace1491755116", this, "Click to show all stack frames", "Click to hide stack frames")'>Click to show all stack frames</a>
<div class='stack-trace' id='stack-trace1491755116'><pre>java.lang.IllegalArgumentException: Invalid key code
	at sun.awt.windows.WRobotPeer.keyPress(Native Method)
	at java.awt.Robot.keyPress(Robot.java:354)
	at com.javademo.pages.GaodunOrderPage.getRefresh(GaodunOrderPage.java:991)
	at com.javademo.pages.GaodunOrderPage.getOrderByPhone(GaodunOrderPage.java:1013)
	at com.javademo.pages.GaodunOrderPage.orderRefund_105(GaodunOrderPage.java:838)
	at com.javademo.cases.testOrder2.order_117(testOrder2.java:119)
	at sun.reflect.NativeMethodAccessorImpl.invoke0(Native Method)
	at sun.reflect.NativeMethodAccessorImpl.invoke(NativeMethodAccessorImpl.java:62)
	at sun.reflect.DelegatingMethodAccessorImpl.invoke(DelegatingMethodAccessorImpl.java:43)
	at java.lang.reflect.Method.invoke(Method.java:498)
	at org.testng.internal.MethodInvocationHelper.invokeMethod(MethodInvocationHelper.java:86)
	at org.testng.internal.Invoker.invokeMethod(Invoker.java:643)
	at org.testng.internal.Invoker.invokeTestMethod(Invoker.java:820)
	at org.testng.internal.Invoker.invokeTestMethods(Invoker.java:1128)
	at org.testng.internal.TestMethodWorker.invokeTestMethods(TestMethodWorker.java:129)
	at org.testng.internal.TestMethodWorker.run(TestMethodWorker.java:112)
	at org.testng.TestRunner.privateRun(TestRunner.java:782)
	at org.testng.TestRunner.run(TestRunner.java:632)
	at org.testng.SuiteRunner.runTest(SuiteRunner.java:366)
	at org.testng.SuiteRunner.runSequentially(SuiteRunner.java:361)
	at org.testng.SuiteRunner.privateRun(SuiteRunner.java:319)
	at org.testng.SuiteRunner.run(SuiteRunner.java:268)
	at org.testng.SuiteRunnerWorker.runSuite(SuiteRunnerWorker.java:52)
	at org.testng.SuiteRunnerWorker.run(SuiteRunnerWorker.java:86)
	at org.testng.TestNG.runSuitesSequentially(TestNG.java:1244)
	at org.testng.TestNG.runSuitesLocally(TestNG.java:1169)
	at org.testng.TestNG.run(TestNG.java:1064)
	at org.apache.maven.surefire.testng.TestNGExecutor.run(TestNGExecutor.java:283)
	at org.apache.maven.surefire.testng.TestNGXmlTestSuite.execute(TestNGXmlTestSuite.java:75)
	at org.apache.maven.surefire.testng.TestNGProvider.invoke(TestNGProvider.java:120)
	at org.apache.maven.surefire.booter.ForkedBooter.invokeProviderInSameClassLoader(ForkedBooter.java:373)
	at org.apache.maven.surefire.booter.ForkedBooter.runSuitesInProcess(ForkedBooter.java:334)
	at org.apache.maven.surefire.booter.ForkedBooter.execute(ForkedBooter.java:119)
	at org.apache.maven.surefire.booter.ForkedBooter.main(ForkedBooter.java:407)
</pre></div></td>
<td>0</td>
<td>com.javademo.cases.testOrder2@30b7c004</td></tr>
<tr>
<td title='com.javademo.cases.testOrder2.order_118()'><b>order_118</b><br>Test class: com.javademo.cases.testOrder2</td>
<td><div><pre>java.lang.IllegalArgumentException: Invalid key code
	at sun.awt.windows.WRobotPeer.keyPress(Native Method)
	at java.awt.Robot.keyPress(Robot.java:354)
	at com.javademo.pages.GaodunOrderPage.getRefresh(GaodunOrderPage.java:991)
	at com.javademo.pages.GaodunOrderPage.getOrderByPhone(GaodunOrderPage.java:1013)
	at com.javademo.pages.GaodunOrderPage.orderRefund_105(GaodunOrderPage.java:838)
	at com.javademo.cases.testOrder2.order_118(testOrder2.java:131)
... Removed 28 stack frames</pre></div><a href='#' onClick='toggleBox("stack-trace1759899303", this, "Click to show all stack frames", "Click to hide stack frames")'>Click to show all stack frames</a>
<div class='stack-trace' id='stack-trace1759899303'><pre>java.lang.IllegalArgumentException: Invalid key code
	at sun.awt.windows.WRobotPeer.keyPress(Native Method)
	at java.awt.Robot.keyPress(Robot.java:354)
	at com.javademo.pages.GaodunOrderPage.getRefresh(GaodunOrderPage.java:991)
	at com.javademo.pages.GaodunOrderPage.getOrderByPhone(GaodunOrderPage.java:1013)
	at com.javademo.pages.GaodunOrderPage.orderRefund_105(GaodunOrderPage.java:838)
	at com.javademo.cases.testOrder2.order_118(testOrder2.java:131)
	at sun.reflect.NativeMethodAccessorImpl.invoke0(Native Method)
	at sun.reflect.NativeMethodAccessorImpl.invoke(NativeMethodAccessorImpl.java:62)
	at sun.reflect.DelegatingMethodAccessorImpl.invoke(DelegatingMethodAccessorImpl.java:43)
	at java.lang.reflect.Method.invoke(Method.java:498)
	at org.testng.internal.MethodInvocationHelper.invokeMethod(MethodInvocationHelper.java:86)
	at org.testng.internal.Invoker.invokeMethod(Invoker.java:643)
	at org.testng.internal.Invoker.invokeTestMethod(Invoker.java:820)
	at org.testng.internal.Invoker.invokeTestMethods(Invoker.java:1128)
	at org.testng.internal.TestMethodWorker.invokeTestMethods(TestMethodWorker.java:129)
	at org.testng.internal.TestMethodWorker.run(TestMethodWorker.java:112)
	at org.testng.TestRunner.privateRun(TestRunner.java:782)
	at org.testng.TestRunner.run(TestRunner.java:632)
	at org.testng.SuiteRunner.runTest(SuiteRunner.java:366)
	at org.testng.SuiteRunner.runSequentially(SuiteRunner.java:361)
	at org.testng.SuiteRunner.privateRun(SuiteRunner.java:319)
	at org.testng.SuiteRunner.run(SuiteRunner.java:268)
	at org.testng.SuiteRunnerWorker.runSuite(SuiteRunnerWorker.java:52)
	at org.testng.SuiteRunnerWorker.run(SuiteRunnerWorker.java:86)
	at org.testng.TestNG.runSuitesSequentially(TestNG.java:1244)
	at org.testng.TestNG.runSuitesLocally(TestNG.java:1169)
	at org.testng.TestNG.run(TestNG.java:1064)
	at org.apache.maven.surefire.testng.TestNGExecutor.run(TestNGExecutor.java:283)
	at org.apache.maven.surefire.testng.TestNGXmlTestSuite.execute(TestNGXmlTestSuite.java:75)
	at org.apache.maven.surefire.testng.TestNGProvider.invoke(TestNGProvider.java:120)
	at org.apache.maven.surefire.booter.ForkedBooter.invokeProviderInSameClassLoader(ForkedBooter.java:373)
	at org.apache.maven.surefire.booter.ForkedBooter.runSuitesInProcess(ForkedBooter.java:334)
	at org.apache.maven.surefire.booter.ForkedBooter.execute(ForkedBooter.java:119)
	at org.apache.maven.surefire.booter.ForkedBooter.main(ForkedBooter.java:407)
</pre></div></td>
<td>0</td>
<td>com.javademo.cases.testOrder2@30b7c004</td></tr>
<tr>
<td title='com.javademo.cases.testOrder2.order_119()'><b>order_119</b><br>Test class: com.javademo.cases.testOrder2</td>
<td><div><pre>java.lang.IllegalArgumentException: Invalid key code
	at sun.awt.windows.WRobotPeer.keyPress(Native Method)
	at java.awt.Robot.keyPress(Robot.java:354)
	at com.javademo.pages.GaodunOrderPage.getRefresh(GaodunOrderPage.java:991)
	at com.javademo.pages.GaodunOrderPage.getOrderByPhone(GaodunOrderPage.java:1013)
	at com.javademo.pages.GaodunOrderPage.orderRefund_105(GaodunOrderPage.java:838)
	at com.javademo.cases.testOrder2.order_119(testOrder2.java:138)
... Removed 28 stack frames</pre></div><a href='#' onClick='toggleBox("stack-trace758119607", this, "Click to show all stack frames", "Click to hide stack frames")'>Click to show all stack frames</a>
<div class='stack-trace' id='stack-trace758119607'><pre>java.lang.IllegalArgumentException: Invalid key code
	at sun.awt.windows.WRobotPeer.keyPress(Native Method)
	at java.awt.Robot.keyPress(Robot.java:354)
	at com.javademo.pages.GaodunOrderPage.getRefresh(GaodunOrderPage.java:991)
	at com.javademo.pages.GaodunOrderPage.getOrderByPhone(GaodunOrderPage.java:1013)
	at com.javademo.pages.GaodunOrderPage.orderRefund_105(GaodunOrderPage.java:838)
	at com.javademo.cases.testOrder2.order_119(testOrder2.java:138)
	at sun.reflect.NativeMethodAccessorImpl.invoke0(Native Method)
	at sun.reflect.NativeMethodAccessorImpl.invoke(NativeMethodAccessorImpl.java:62)
	at sun.reflect.DelegatingMethodAccessorImpl.invoke(DelegatingMethodAccessorImpl.java:43)
	at java.lang.reflect.Method.invoke(Method.java:498)
	at org.testng.internal.MethodInvocationHelper.invokeMethod(MethodInvocationHelper.java:86)
	at org.testng.internal.Invoker.invokeMethod(Invoker.java:643)
	at org.testng.internal.Invoker.invokeTestMethod(Invoker.java:820)
	at org.testng.internal.Invoker.invokeTestMethods(Invoker.java:1128)
	at org.testng.internal.TestMethodWorker.invokeTestMethods(TestMethodWorker.java:129)
	at org.testng.internal.TestMethodWorker.run(TestMethodWorker.java:112)
	at org.testng.TestRunner.privateRun(TestRunner.java:782)
	at org.testng.TestRunner.run(TestRunner.java:632)
	at org.testng.SuiteRunner.runTest(SuiteRunner.java:366)
	at org.testng.SuiteRunner.runSequentially(SuiteRunner.java:361)
	at org.testng.SuiteRunner.privateRun(SuiteRunner.java:319)
	at org.testng.SuiteRunner.run(SuiteRunner.java:268)
	at org.testng.SuiteRunnerWorker.runSuite(SuiteRunnerWorker.java:52)
	at org.testng.SuiteRunnerWorker.run(SuiteRunnerWorker.java:86)
	at org.testng.TestNG.runSuitesSequentially(TestNG.java:1244)
	at org.testng.TestNG.runSuitesLocally(TestNG.java:1169)
	at org.testng.TestNG.run(TestNG.java:1064)
	at org.apache.maven.surefire.testng.TestNGExecutor.run(TestNGExecutor.java:283)
	at org.apache.maven.surefire.testng.TestNGXmlTestSuite.execute(TestNGXmlTestSuite.java:75)
	at org.apache.maven.surefire.testng.TestNGProvider.invoke(TestNGProvider.java:120)
	at org.apache.maven.surefire.booter.ForkedBooter.invokeProviderInSameClassLoader(ForkedBooter.java:373)
	at org.apache.maven.surefire.booter.ForkedBooter.runSuitesInProcess(ForkedBooter.java:334)
	at org.apache.maven.surefire.booter.ForkedBooter.execute(ForkedBooter.java:119)
	at org.apache.maven.surefire.booter.ForkedBooter.main(ForkedBooter.java:407)
</pre></div></td>
<td>0</td>
<td>com.javademo.cases.testOrder2@30b7c004</td></tr>
<tr>
<td title='com.javademo.cases.testOrder2.order_120()'><b>order_120</b><br>Test class: com.javademo.cases.testOrder2</td>
<td><div><pre>java.lang.IllegalArgumentException: Invalid key code
	at sun.awt.windows.WRobotPeer.keyPress(Native Method)
	at java.awt.Robot.keyPress(Robot.java:354)
	at com.javademo.pages.GaodunOrderPage.getRefresh(GaodunOrderPage.java:991)
	at com.javademo.pages.GaodunOrderPage.getOrderByPhone(GaodunOrderPage.java:1013)
	at com.javademo.pages.GaodunOrderPage.orderRefund_105(GaodunOrderPage.java:838)
	at com.javademo.cases.testOrder2.order_120(testOrder2.java:175)
... Removed 28 stack frames</pre></div><a href='#' onClick='toggleBox("stack-trace2053591126", this, "Click to show all stack frames", "Click to hide stack frames")'>Click to show all stack frames</a>
<div class='stack-trace' id='stack-trace2053591126'><pre>java.lang.IllegalArgumentException: Invalid key code
	at sun.awt.windows.WRobotPeer.keyPress(Native Method)
	at java.awt.Robot.keyPress(Robot.java:354)
	at com.javademo.pages.GaodunOrderPage.getRefresh(GaodunOrderPage.java:991)
	at com.javademo.pages.GaodunOrderPage.getOrderByPhone(GaodunOrderPage.java:1013)
	at com.javademo.pages.GaodunOrderPage.orderRefund_105(GaodunOrderPage.java:838)
	at com.javademo.cases.testOrder2.order_120(testOrder2.java:175)
	at sun.reflect.NativeMethodAccessorImpl.invoke0(Native Method)
	at sun.reflect.NativeMethodAccessorImpl.invoke(NativeMethodAccessorImpl.java:62)
	at sun.reflect.DelegatingMethodAccessorImpl.invoke(DelegatingMethodAccessorImpl.java:43)
	at java.lang.reflect.Method.invoke(Method.java:498)
	at org.testng.internal.MethodInvocationHelper.invokeMethod(MethodInvocationHelper.java:86)
	at org.testng.internal.Invoker.invokeMethod(Invoker.java:643)
	at org.testng.internal.Invoker.invokeTestMethod(Invoker.java:820)
	at org.testng.internal.Invoker.invokeTestMethods(Invoker.java:1128)
	at org.testng.internal.TestMethodWorker.invokeTestMethods(TestMethodWorker.java:129)
	at org.testng.internal.TestMethodWorker.run(TestMethodWorker.java:112)
	at org.testng.TestRunner.privateRun(TestRunner.java:782)
	at org.testng.TestRunner.run(TestRunner.java:632)
	at org.testng.SuiteRunner.runTest(SuiteRunner.java:366)
	at org.testng.SuiteRunner.runSequentially(SuiteRunner.java:361)
	at org.testng.SuiteRunner.privateRun(SuiteRunner.java:319)
	at org.testng.SuiteRunner.run(SuiteRunner.java:268)
	at org.testng.SuiteRunnerWorker.runSuite(SuiteRunnerWorker.java:52)
	at org.testng.SuiteRunnerWorker.run(SuiteRunnerWorker.java:86)
	at org.testng.TestNG.runSuitesSequentially(TestNG.java:1244)
	at org.testng.TestNG.runSuitesLocally(TestNG.java:1169)
	at org.testng.TestNG.run(TestNG.java:1064)
	at org.apache.maven.surefire.testng.TestNGExecutor.run(TestNGExecutor.java:283)
	at org.apache.maven.surefire.testng.TestNGXmlTestSuite.execute(TestNGXmlTestSuite.java:75)
	at org.apache.maven.surefire.testng.TestNGProvider.invoke(TestNGProvider.java:120)
	at org.apache.maven.surefire.booter.ForkedBooter.invokeProviderInSameClassLoader(ForkedBooter.java:373)
	at org.apache.maven.surefire.booter.ForkedBooter.runSuitesInProcess(ForkedBooter.java:334)
	at org.apache.maven.surefire.booter.ForkedBooter.execute(ForkedBooter.java:119)
	at org.apache.maven.surefire.booter.ForkedBooter.main(ForkedBooter.java:407)
</pre></div></td>
<td>0</td>
<td>com.javademo.cases.testOrder2@30b7c004</td></tr>
<tr>
<td title='com.javademo.cases.testOrder2.order_121()'><b>order_121</b><br>Test class: com.javademo.cases.testOrder2</td>
<td><div><pre>java.lang.IllegalArgumentException: Invalid key code
	at sun.awt.windows.WRobotPeer.keyPress(Native Method)
	at java.awt.Robot.keyPress(Robot.java:354)
	at com.javademo.pages.GaodunOrderPage.getRefresh(GaodunOrderPage.java:991)
	at com.javademo.pages.GaodunOrderPage.getOrderByPhone(GaodunOrderPage.java:1013)
	at com.javademo.pages.GaodunOrderPage.orderRefund_105(GaodunOrderPage.java:838)
	at com.javademo.cases.testOrder2.order_121(testOrder2.java:182)
... Removed 28 stack frames</pre></div><a href='#' onClick='toggleBox("stack-trace1850777594", this, "Click to show all stack frames", "Click to hide stack frames")'>Click to show all stack frames</a>
<div class='stack-trace' id='stack-trace1850777594'><pre>java.lang.IllegalArgumentException: Invalid key code
	at sun.awt.windows.WRobotPeer.keyPress(Native Method)
	at java.awt.Robot.keyPress(Robot.java:354)
	at com.javademo.pages.GaodunOrderPage.getRefresh(GaodunOrderPage.java:991)
	at com.javademo.pages.GaodunOrderPage.getOrderByPhone(GaodunOrderPage.java:1013)
	at com.javademo.pages.GaodunOrderPage.orderRefund_105(GaodunOrderPage.java:838)
	at com.javademo.cases.testOrder2.order_121(testOrder2.java:182)
	at sun.reflect.NativeMethodAccessorImpl.invoke0(Native Method)
	at sun.reflect.NativeMethodAccessorImpl.invoke(NativeMethodAccessorImpl.java:62)
	at sun.reflect.DelegatingMethodAccessorImpl.invoke(DelegatingMethodAccessorImpl.java:43)
	at java.lang.reflect.Method.invoke(Method.java:498)
	at org.testng.internal.MethodInvocationHelper.invokeMethod(MethodInvocationHelper.java:86)
	at org.testng.internal.Invoker.invokeMethod(Invoker.java:643)
	at org.testng.internal.Invoker.invokeTestMethod(Invoker.java:820)
	at org.testng.internal.Invoker.invokeTestMethods(Invoker.java:1128)
	at org.testng.internal.TestMethodWorker.invokeTestMethods(TestMethodWorker.java:129)
	at org.testng.internal.TestMethodWorker.run(TestMethodWorker.java:112)
	at org.testng.TestRunner.privateRun(TestRunner.java:782)
	at org.testng.TestRunner.run(TestRunner.java:632)
	at org.testng.SuiteRunner.runTest(SuiteRunner.java:366)
	at org.testng.SuiteRunner.runSequentially(SuiteRunner.java:361)
	at org.testng.SuiteRunner.privateRun(SuiteRunner.java:319)
	at org.testng.SuiteRunner.run(SuiteRunner.java:268)
	at org.testng.SuiteRunnerWorker.runSuite(SuiteRunnerWorker.java:52)
	at org.testng.SuiteRunnerWorker.run(SuiteRunnerWorker.java:86)
	at org.testng.TestNG.runSuitesSequentially(TestNG.java:1244)
	at org.testng.TestNG.runSuitesLocally(TestNG.java:1169)
	at org.testng.TestNG.run(TestNG.java:1064)
	at org.apache.maven.surefire.testng.TestNGExecutor.run(TestNGExecutor.java:283)
	at org.apache.maven.surefire.testng.TestNGXmlTestSuite.execute(TestNGXmlTestSuite.java:75)
	at org.apache.maven.surefire.testng.TestNGProvider.invoke(TestNGProvider.java:120)
	at org.apache.maven.surefire.booter.ForkedBooter.invokeProviderInSameClassLoader(ForkedBooter.java:373)
	at org.apache.maven.surefire.booter.ForkedBooter.runSuitesInProcess(ForkedBooter.java:334)
	at org.apache.maven.surefire.booter.ForkedBooter.execute(ForkedBooter.java:119)
	at org.apache.maven.surefire.booter.ForkedBooter.main(ForkedBooter.java:407)
</pre></div></td>
<td>0</td>
<td>com.javademo.cases.testOrder2@30b7c004</td></tr>
<tr>
<td title='com.javademo.cases.testOrder2.order_122()'><b>order_122</b><br>Test class: com.javademo.cases.testOrder2</td>
<td><div><pre>java.lang.IllegalArgumentException: Invalid key code
	at sun.awt.windows.WRobotPeer.keyPress(Native Method)
	at java.awt.Robot.keyPress(Robot.java:354)
	at com.javademo.pages.GaodunOrderPage.getRefresh(GaodunOrderPage.java:991)
	at com.javademo.pages.GaodunOrderPage.getOrderByPhone(GaodunOrderPage.java:1013)
	at com.javademo.pages.GaodunOrderPage.orderRefund_105(GaodunOrderPage.java:838)
	at com.javademo.cases.testOrder2.order_122(testOrder2.java:150)
... Removed 28 stack frames</pre></div><a href='#' onClick='toggleBox("stack-trace282496973", this, "Click to show all stack frames", "Click to hide stack frames")'>Click to show all stack frames</a>
<div class='stack-trace' id='stack-trace282496973'><pre>java.lang.IllegalArgumentException: Invalid key code
	at sun.awt.windows.WRobotPeer.keyPress(Native Method)
	at java.awt.Robot.keyPress(Robot.java:354)
	at com.javademo.pages.GaodunOrderPage.getRefresh(GaodunOrderPage.java:991)
	at com.javademo.pages.GaodunOrderPage.getOrderByPhone(GaodunOrderPage.java:1013)
	at com.javademo.pages.GaodunOrderPage.orderRefund_105(GaodunOrderPage.java:838)
	at com.javademo.cases.testOrder2.order_122(testOrder2.java:150)
	at sun.reflect.NativeMethodAccessorImpl.invoke0(Native Method)
	at sun.reflect.NativeMethodAccessorImpl.invoke(NativeMethodAccessorImpl.java:62)
	at sun.reflect.DelegatingMethodAccessorImpl.invoke(DelegatingMethodAccessorImpl.java:43)
	at java.lang.reflect.Method.invoke(Method.java:498)
	at org.testng.internal.MethodInvocationHelper.invokeMethod(MethodInvocationHelper.java:86)
	at org.testng.internal.Invoker.invokeMethod(Invoker.java:643)
	at org.testng.internal.Invoker.invokeTestMethod(Invoker.java:820)
	at org.testng.internal.Invoker.invokeTestMethods(Invoker.java:1128)
	at org.testng.internal.TestMethodWorker.invokeTestMethods(TestMethodWorker.java:129)
	at org.testng.internal.TestMethodWorker.run(TestMethodWorker.java:112)
	at org.testng.TestRunner.privateRun(TestRunner.java:782)
	at org.testng.TestRunner.run(TestRunner.java:632)
	at org.testng.SuiteRunner.runTest(SuiteRunner.java:366)
	at org.testng.SuiteRunner.runSequentially(SuiteRunner.java:361)
	at org.testng.SuiteRunner.privateRun(SuiteRunner.java:319)
	at org.testng.SuiteRunner.run(SuiteRunner.java:268)
	at org.testng.SuiteRunnerWorker.runSuite(SuiteRunnerWorker.java:52)
	at org.testng.SuiteRunnerWorker.run(SuiteRunnerWorker.java:86)
	at org.testng.TestNG.runSuitesSequentially(TestNG.java:1244)
	at org.testng.TestNG.runSuitesLocally(TestNG.java:1169)
	at org.testng.TestNG.run(TestNG.java:1064)
	at org.apache.maven.surefire.testng.TestNGExecutor.run(TestNGExecutor.java:283)
	at org.apache.maven.surefire.testng.TestNGXmlTestSuite.execute(TestNGXmlTestSuite.java:75)
	at org.apache.maven.surefire.testng.TestNGProvider.invoke(TestNGProvider.java:120)
	at org.apache.maven.surefire.booter.ForkedBooter.invokeProviderInSameClassLoader(ForkedBooter.java:373)
	at org.apache.maven.surefire.booter.ForkedBooter.runSuitesInProcess(ForkedBooter.java:334)
	at org.apache.maven.surefire.booter.ForkedBooter.execute(ForkedBooter.java:119)
	at org.apache.maven.surefire.booter.ForkedBooter.main(ForkedBooter.java:407)
</pre></div></td>
<td>0</td>
<td>com.javademo.cases.testOrder2@30b7c004</td></tr>
<tr>
<td title='com.javademo.cases.testOrder2.order_123()'><b>order_123</b><br>Test class: com.javademo.cases.testOrder2</td>
<td><div><pre>java.lang.IllegalArgumentException: Invalid key code
	at sun.awt.windows.WRobotPeer.keyPress(Native Method)
	at java.awt.Robot.keyPress(Robot.java:354)
	at com.javademo.pages.GaodunOrderPage.getRefresh(GaodunOrderPage.java:991)
	at com.javademo.pages.GaodunOrderPage.getOrderByPhone(GaodunOrderPage.java:1013)
	at com.javademo.pages.GaodunOrderPage.orderRefund_105(GaodunOrderPage.java:838)
	at com.javademo.cases.testOrder2.order_123(testOrder2.java:157)
... Removed 28 stack frames</pre></div><a href='#' onClick='toggleBox("stack-trace1840903588", this, "Click to show all stack frames", "Click to hide stack frames")'>Click to show all stack frames</a>
<div class='stack-trace' id='stack-trace1840903588'><pre>java.lang.IllegalArgumentException: Invalid key code
	at sun.awt.windows.WRobotPeer.keyPress(Native Method)
	at java.awt.Robot.keyPress(Robot.java:354)
	at com.javademo.pages.GaodunOrderPage.getRefresh(GaodunOrderPage.java:991)
	at com.javademo.pages.GaodunOrderPage.getOrderByPhone(GaodunOrderPage.java:1013)
	at com.javademo.pages.GaodunOrderPage.orderRefund_105(GaodunOrderPage.java:838)
	at com.javademo.cases.testOrder2.order_123(testOrder2.java:157)
	at sun.reflect.NativeMethodAccessorImpl.invoke0(Native Method)
	at sun.reflect.NativeMethodAccessorImpl.invoke(NativeMethodAccessorImpl.java:62)
	at sun.reflect.DelegatingMethodAccessorImpl.invoke(DelegatingMethodAccessorImpl.java:43)
	at java.lang.reflect.Method.invoke(Method.java:498)
	at org.testng.internal.MethodInvocationHelper.invokeMethod(MethodInvocationHelper.java:86)
	at org.testng.internal.Invoker.invokeMethod(Invoker.java:643)
	at org.testng.internal.Invoker.invokeTestMethod(Invoker.java:820)
	at org.testng.internal.Invoker.invokeTestMethods(Invoker.java:1128)
	at org.testng.internal.TestMethodWorker.invokeTestMethods(TestMethodWorker.java:129)
	at org.testng.internal.TestMethodWorker.run(TestMethodWorker.java:112)
	at org.testng.TestRunner.privateRun(TestRunner.java:782)
	at org.testng.TestRunner.run(TestRunner.java:632)
	at org.testng.SuiteRunner.runTest(SuiteRunner.java:366)
	at org.testng.SuiteRunner.runSequentially(SuiteRunner.java:361)
	at org.testng.SuiteRunner.privateRun(SuiteRunner.java:319)
	at org.testng.SuiteRunner.run(SuiteRunner.java:268)
	at org.testng.SuiteRunnerWorker.runSuite(SuiteRunnerWorker.java:52)
	at org.testng.SuiteRunnerWorker.run(SuiteRunnerWorker.java:86)
	at org.testng.TestNG.runSuitesSequentially(TestNG.java:1244)
	at org.testng.TestNG.runSuitesLocally(TestNG.java:1169)
	at org.testng.TestNG.run(TestNG.java:1064)
	at org.apache.maven.surefire.testng.TestNGExecutor.run(TestNGExecutor.java:283)
	at org.apache.maven.surefire.testng.TestNGXmlTestSuite.execute(TestNGXmlTestSuite.java:75)
	at org.apache.maven.surefire.testng.TestNGProvider.invoke(TestNGProvider.java:120)
	at org.apache.maven.surefire.booter.ForkedBooter.invokeProviderInSameClassLoader(ForkedBooter.java:373)
	at org.apache.maven.surefire.booter.ForkedBooter.runSuitesInProcess(ForkedBooter.java:334)
	at org.apache.maven.surefire.booter.ForkedBooter.execute(ForkedBooter.java:119)
	at org.apache.maven.surefire.booter.ForkedBooter.main(ForkedBooter.java:407)
</pre></div></td>
<td>0</td>
<td>com.javademo.cases.testOrder2@30b7c004</td></tr>
<tr>
<td title='com.javademo.cases.testOrder2.order_124()'><b>order_124</b><br>Test class: com.javademo.cases.testOrder2</td>
<td><div><pre>java.lang.IllegalArgumentException: Invalid key code
	at sun.awt.windows.WRobotPeer.keyPress(Native Method)
	at java.awt.Robot.keyPress(Robot.java:354)
	at com.javademo.pages.GaodunOrderPage.getRefresh(GaodunOrderPage.java:991)
	at com.javademo.pages.GaodunOrderPage.getOrderByPhone(GaodunOrderPage.java:1013)
	at com.javademo.pages.GaodunOrderPage.orderAbnormal_124(GaodunOrderPage.java:894)
	at com.javademo.cases.testOrder2.order_124(testOrder2.java:208)
... Removed 28 stack frames</pre></div><a href='#' onClick='toggleBox("stack-trace1648001170", this, "Click to show all stack frames", "Click to hide stack frames")'>Click to show all stack frames</a>
<div class='stack-trace' id='stack-trace1648001170'><pre>java.lang.IllegalArgumentException: Invalid key code
	at sun.awt.windows.WRobotPeer.keyPress(Native Method)
	at java.awt.Robot.keyPress(Robot.java:354)
	at com.javademo.pages.GaodunOrderPage.getRefresh(GaodunOrderPage.java:991)
	at com.javademo.pages.GaodunOrderPage.getOrderByPhone(GaodunOrderPage.java:1013)
	at com.javademo.pages.GaodunOrderPage.orderAbnormal_124(GaodunOrderPage.java:894)
	at com.javademo.cases.testOrder2.order_124(testOrder2.java:208)
	at sun.reflect.NativeMethodAccessorImpl.invoke0(Native Method)
	at sun.reflect.NativeMethodAccessorImpl.invoke(NativeMethodAccessorImpl.java:62)
	at sun.reflect.DelegatingMethodAccessorImpl.invoke(DelegatingMethodAccessorImpl.java:43)
	at java.lang.reflect.Method.invoke(Method.java:498)
	at org.testng.internal.MethodInvocationHelper.invokeMethod(MethodInvocationHelper.java:86)
	at org.testng.internal.Invoker.invokeMethod(Invoker.java:643)
	at org.testng.internal.Invoker.invokeTestMethod(Invoker.java:820)
	at org.testng.internal.Invoker.invokeTestMethods(Invoker.java:1128)
	at org.testng.internal.TestMethodWorker.invokeTestMethods(TestMethodWorker.java:129)
	at org.testng.internal.TestMethodWorker.run(TestMethodWorker.java:112)
	at org.testng.TestRunner.privateRun(TestRunner.java:782)
	at org.testng.TestRunner.run(TestRunner.java:632)
	at org.testng.SuiteRunner.runTest(SuiteRunner.java:366)
	at org.testng.SuiteRunner.runSequentially(SuiteRunner.java:361)
	at org.testng.SuiteRunner.privateRun(SuiteRunner.java:319)
	at org.testng.SuiteRunner.run(SuiteRunner.java:268)
	at org.testng.SuiteRunnerWorker.runSuite(SuiteRunnerWorker.java:52)
	at org.testng.SuiteRunnerWorker.run(SuiteRunnerWorker.java:86)
	at org.testng.TestNG.runSuitesSequentially(TestNG.java:1244)
	at org.testng.TestNG.runSuitesLocally(TestNG.java:1169)
	at org.testng.TestNG.run(TestNG.java:1064)
	at org.apache.maven.surefire.testng.TestNGExecutor.run(TestNGExecutor.java:283)
	at org.apache.maven.surefire.testng.TestNGXmlTestSuite.execute(TestNGXmlTestSuite.java:75)
	at org.apache.maven.surefire.testng.TestNGProvider.invoke(TestNGProvider.java:120)
	at org.apache.maven.surefire.booter.ForkedBooter.invokeProviderInSameClassLoader(ForkedBooter.java:373)
	at org.apache.maven.surefire.booter.ForkedBooter.runSuitesInProcess(ForkedBooter.java:334)
	at org.apache.maven.surefire.booter.ForkedBooter.execute(ForkedBooter.java:119)
	at org.apache.maven.surefire.booter.ForkedBooter.main(ForkedBooter.java:407)
</pre></div></td>
<td>0</td>
<td>com.javademo.cases.testOrder2@30b7c004</td></tr>
<tr>
<td title='com.javademo.cases.testOrder2.order_125()'><b>order_125</b><br>Test class: com.javademo.cases.testOrder2</td>
<td><div><pre>java.lang.IllegalArgumentException: Invalid key code
	at sun.awt.windows.WRobotPeer.keyPress(Native Method)
	at java.awt.Robot.keyPress(Robot.java:354)
	at com.javademo.pages.GaodunOrderPage.getRefresh(GaodunOrderPage.java:991)
	at com.javademo.pages.GaodunOrderPage.getOrderByPhone(GaodunOrderPage.java:1013)
	at com.javademo.pages.GaodunOrderPage.orderAbnormal_124(GaodunOrderPage.java:894)
	at com.javademo.cases.testOrder2.order_125(testOrder2.java:226)
... Removed 28 stack frames</pre></div><a href='#' onClick='toggleBox("stack-trace565372776", this, "Click to show all stack frames", "Click to hide stack frames")'>Click to show all stack frames</a>
<div class='stack-trace' id='stack-trace565372776'><pre>java.lang.IllegalArgumentException: Invalid key code
	at sun.awt.windows.WRobotPeer.keyPress(Native Method)
	at java.awt.Robot.keyPress(Robot.java:354)
	at com.javademo.pages.GaodunOrderPage.getRefresh(GaodunOrderPage.java:991)
	at com.javademo.pages.GaodunOrderPage.getOrderByPhone(GaodunOrderPage.java:1013)
	at com.javademo.pages.GaodunOrderPage.orderAbnormal_124(GaodunOrderPage.java:894)
	at com.javademo.cases.testOrder2.order_125(testOrder2.java:226)
	at sun.reflect.NativeMethodAccessorImpl.invoke0(Native Method)
	at sun.reflect.NativeMethodAccessorImpl.invoke(NativeMethodAccessorImpl.java:62)
	at sun.reflect.DelegatingMethodAccessorImpl.invoke(DelegatingMethodAccessorImpl.java:43)
	at java.lang.reflect.Method.invoke(Method.java:498)
	at org.testng.internal.MethodInvocationHelper.invokeMethod(MethodInvocationHelper.java:86)
	at org.testng.internal.Invoker.invokeMethod(Invoker.java:643)
	at org.testng.internal.Invoker.invokeTestMethod(Invoker.java:820)
	at org.testng.internal.Invoker.invokeTestMethods(Invoker.java:1128)
	at org.testng.internal.TestMethodWorker.invokeTestMethods(TestMethodWorker.java:129)
	at org.testng.internal.TestMethodWorker.run(TestMethodWorker.java:112)
	at org.testng.TestRunner.privateRun(TestRunner.java:782)
	at org.testng.TestRunner.run(TestRunner.java:632)
	at org.testng.SuiteRunner.runTest(SuiteRunner.java:366)
	at org.testng.SuiteRunner.runSequentially(SuiteRunner.java:361)
	at org.testng.SuiteRunner.privateRun(SuiteRunner.java:319)
	at org.testng.SuiteRunner.run(SuiteRunner.java:268)
	at org.testng.SuiteRunnerWorker.runSuite(SuiteRunnerWorker.java:52)
	at org.testng.SuiteRunnerWorker.run(SuiteRunnerWorker.java:86)
	at org.testng.TestNG.runSuitesSequentially(TestNG.java:1244)
	at org.testng.TestNG.runSuitesLocally(TestNG.java:1169)
	at org.testng.TestNG.run(TestNG.java:1064)
	at org.apache.maven.surefire.testng.TestNGExecutor.run(TestNGExecutor.java:283)
	at org.apache.maven.surefire.testng.TestNGXmlTestSuite.execute(TestNGXmlTestSuite.java:75)
	at org.apache.maven.surefire.testng.TestNGProvider.invoke(TestNGProvider.java:120)
	at org.apache.maven.surefire.booter.ForkedBooter.invokeProviderInSameClassLoader(ForkedBooter.java:373)
	at org.apache.maven.surefire.booter.ForkedBooter.runSuitesInProcess(ForkedBooter.java:334)
	at org.apache.maven.surefire.booter.ForkedBooter.execute(ForkedBooter.java:119)
	at org.apache.maven.surefire.booter.ForkedBooter.main(ForkedBooter.java:407)
</pre></div></td>
<td>0</td>
<td>com.javademo.cases.testOrder2@30b7c004</td></tr>
<tr>
<td title='com.javademo.cases.testOrder2.order_126()'><b>order_126</b><br>Test class: com.javademo.cases.testOrder2</td>
<td><div><pre>java.lang.IllegalArgumentException: Invalid key code
	at sun.awt.windows.WRobotPeer.keyPress(Native Method)
	at java.awt.Robot.keyPress(Robot.java:354)
	at com.javademo.pages.GaodunOrderPage.getRefresh(GaodunOrderPage.java:991)
	at com.javademo.pages.GaodunOrderPage.getOrderByPhone(GaodunOrderPage.java:1013)
	at com.javademo.pages.GaodunOrderPage.orderAbnormal_124(GaodunOrderPage.java:894)
	at com.javademo.cases.testOrder2.order_126(testOrder2.java:214)
... Removed 28 stack frames</pre></div><a href='#' onClick='toggleBox("stack-trace391877669", this, "Click to show all stack frames", "Click to hide stack frames")'>Click to show all stack frames</a>
<div class='stack-trace' id='stack-trace391877669'><pre>java.lang.IllegalArgumentException: Invalid key code
	at sun.awt.windows.WRobotPeer.keyPress(Native Method)
	at java.awt.Robot.keyPress(Robot.java:354)
	at com.javademo.pages.GaodunOrderPage.getRefresh(GaodunOrderPage.java:991)
	at com.javademo.pages.GaodunOrderPage.getOrderByPhone(GaodunOrderPage.java:1013)
	at com.javademo.pages.GaodunOrderPage.orderAbnormal_124(GaodunOrderPage.java:894)
	at com.javademo.cases.testOrder2.order_126(testOrder2.java:214)
	at sun.reflect.NativeMethodAccessorImpl.invoke0(Native Method)
	at sun.reflect.NativeMethodAccessorImpl.invoke(NativeMethodAccessorImpl.java:62)
	at sun.reflect.DelegatingMethodAccessorImpl.invoke(DelegatingMethodAccessorImpl.java:43)
	at java.lang.reflect.Method.invoke(Method.java:498)
	at org.testng.internal.MethodInvocationHelper.invokeMethod(MethodInvocationHelper.java:86)
	at org.testng.internal.Invoker.invokeMethod(Invoker.java:643)
	at org.testng.internal.Invoker.invokeTestMethod(Invoker.java:820)
	at org.testng.internal.Invoker.invokeTestMethods(Invoker.java:1128)
	at org.testng.internal.TestMethodWorker.invokeTestMethods(TestMethodWorker.java:129)
	at org.testng.internal.TestMethodWorker.run(TestMethodWorker.java:112)
	at org.testng.TestRunner.privateRun(TestRunner.java:782)
	at org.testng.TestRunner.run(TestRunner.java:632)
	at org.testng.SuiteRunner.runTest(SuiteRunner.java:366)
	at org.testng.SuiteRunner.runSequentially(SuiteRunner.java:361)
	at org.testng.SuiteRunner.privateRun(SuiteRunner.java:319)
	at org.testng.SuiteRunner.run(SuiteRunner.java:268)
	at org.testng.SuiteRunnerWorker.runSuite(SuiteRunnerWorker.java:52)
	at org.testng.SuiteRunnerWorker.run(SuiteRunnerWorker.java:86)
	at org.testng.TestNG.runSuitesSequentially(TestNG.java:1244)
	at org.testng.TestNG.runSuitesLocally(TestNG.java:1169)
	at org.testng.TestNG.run(TestNG.java:1064)
	at org.apache.maven.surefire.testng.TestNGExecutor.run(TestNGExecutor.java:283)
	at org.apache.maven.surefire.testng.TestNGXmlTestSuite.execute(TestNGXmlTestSuite.java:75)
	at org.apache.maven.surefire.testng.TestNGProvider.invoke(TestNGProvider.java:120)
	at org.apache.maven.surefire.booter.ForkedBooter.invokeProviderInSameClassLoader(ForkedBooter.java:373)
	at org.apache.maven.surefire.booter.ForkedBooter.runSuitesInProcess(ForkedBooter.java:334)
	at org.apache.maven.surefire.booter.ForkedBooter.execute(ForkedBooter.java:119)
	at org.apache.maven.surefire.booter.ForkedBooter.main(ForkedBooter.java:407)
</pre></div></td>
<td>0</td>
<td>com.javademo.cases.testOrder2@30b7c004</td></tr>
<tr>
<td title='com.javademo.cases.testOrder2.order_127()'><b>order_127</b><br>Test class: com.javademo.cases.testOrder2</td>
<td><div><pre>java.lang.IllegalArgumentException: Invalid key code
	at sun.awt.windows.WRobotPeer.keyPress(Native Method)
	at java.awt.Robot.keyPress(Robot.java:354)
	at com.javademo.pages.GaodunOrderPage.getRefresh(GaodunOrderPage.java:991)
	at com.javademo.pages.GaodunOrderPage.getOrderByPhone(GaodunOrderPage.java:1013)
	at com.javademo.pages.GaodunOrderPage.orderAbnormal_124(GaodunOrderPage.java:894)
	at com.javademo.cases.testOrder2.order_127(testOrder2.java:246)
... Removed 28 stack frames</pre></div><a href='#' onClick='toggleBox("stack-trace1995250556", this, "Click to show all stack frames", "Click to hide stack frames")'>Click to show all stack frames</a>
<div class='stack-trace' id='stack-trace1995250556'><pre>java.lang.IllegalArgumentException: Invalid key code
	at sun.awt.windows.WRobotPeer.keyPress(Native Method)
	at java.awt.Robot.keyPress(Robot.java:354)
	at com.javademo.pages.GaodunOrderPage.getRefresh(GaodunOrderPage.java:991)
	at com.javademo.pages.GaodunOrderPage.getOrderByPhone(GaodunOrderPage.java:1013)
	at com.javademo.pages.GaodunOrderPage.orderAbnormal_124(GaodunOrderPage.java:894)
	at com.javademo.cases.testOrder2.order_127(testOrder2.java:246)
	at sun.reflect.NativeMethodAccessorImpl.invoke0(Native Method)
	at sun.reflect.NativeMethodAccessorImpl.invoke(NativeMethodAccessorImpl.java:62)
	at sun.reflect.DelegatingMethodAccessorImpl.invoke(DelegatingMethodAccessorImpl.java:43)
	at java.lang.reflect.Method.invoke(Method.java:498)
	at org.testng.internal.MethodInvocationHelper.invokeMethod(MethodInvocationHelper.java:86)
	at org.testng.internal.Invoker.invokeMethod(Invoker.java:643)
	at org.testng.internal.Invoker.invokeTestMethod(Invoker.java:820)
	at org.testng.internal.Invoker.invokeTestMethods(Invoker.java:1128)
	at org.testng.internal.TestMethodWorker.invokeTestMethods(TestMethodWorker.java:129)
	at org.testng.internal.TestMethodWorker.run(TestMethodWorker.java:112)
	at org.testng.TestRunner.privateRun(TestRunner.java:782)
	at org.testng.TestRunner.run(TestRunner.java:632)
	at org.testng.SuiteRunner.runTest(SuiteRunner.java:366)
	at org.testng.SuiteRunner.runSequentially(SuiteRunner.java:361)
	at org.testng.SuiteRunner.privateRun(SuiteRunner.java:319)
	at org.testng.SuiteRunner.run(SuiteRunner.java:268)
	at org.testng.SuiteRunnerWorker.runSuite(SuiteRunnerWorker.java:52)
	at org.testng.SuiteRunnerWorker.run(SuiteRunnerWorker.java:86)
	at org.testng.TestNG.runSuitesSequentially(TestNG.java:1244)
	at org.testng.TestNG.runSuitesLocally(TestNG.java:1169)
	at org.testng.TestNG.run(TestNG.java:1064)
	at org.apache.maven.surefire.testng.TestNGExecutor.run(TestNGExecutor.java:283)
	at org.apache.maven.surefire.testng.TestNGXmlTestSuite.execute(TestNGXmlTestSuite.java:75)
	at org.apache.maven.surefire.testng.TestNGProvider.invoke(TestNGProvider.java:120)
	at org.apache.maven.surefire.booter.ForkedBooter.invokeProviderInSameClassLoader(ForkedBooter.java:373)
	at org.apache.maven.surefire.booter.ForkedBooter.runSuitesInProcess(ForkedBooter.java:334)
	at org.apache.maven.surefire.booter.ForkedBooter.execute(ForkedBooter.java:119)
	at org.apache.maven.surefire.booter.ForkedBooter.main(ForkedBooter.java:407)
</pre></div></td>
<td>0</td>
<td>com.javademo.cases.testOrder2@30b7c004</td></tr>
<tr>
<td title='com.javademo.cases.testOrder2.order_128()'><b>order_128</b><br>Test class: com.javademo.cases.testOrder2</td>
<td><div><pre>java.lang.IllegalArgumentException: Invalid key code
	at sun.awt.windows.WRobotPeer.keyPress(Native Method)
	at java.awt.Robot.keyPress(Robot.java:354)
	at com.javademo.pages.GaodunOrderPage.getRefresh(GaodunOrderPage.java:991)
	at com.javademo.pages.GaodunOrderPage.getOrderByPhone(GaodunOrderPage.java:1013)
	at com.javademo.pages.GaodunOrderPage.orderAbnormal_124(GaodunOrderPage.java:894)
	at com.javademo.cases.testOrder2.order_128(testOrder2.java:259)
... Removed 28 stack frames</pre></div><a href='#' onClick='toggleBox("stack-trace2082351774", this, "Click to show all stack frames", "Click to hide stack frames")'>Click to show all stack frames</a>
<div class='stack-trace' id='stack-trace2082351774'><pre>java.lang.IllegalArgumentException: Invalid key code
	at sun.awt.windows.WRobotPeer.keyPress(Native Method)
	at java.awt.Robot.keyPress(Robot.java:354)
	at com.javademo.pages.GaodunOrderPage.getRefresh(GaodunOrderPage.java:991)
	at com.javademo.pages.GaodunOrderPage.getOrderByPhone(GaodunOrderPage.java:1013)
	at com.javademo.pages.GaodunOrderPage.orderAbnormal_124(GaodunOrderPage.java:894)
	at com.javademo.cases.testOrder2.order_128(testOrder2.java:259)
	at sun.reflect.NativeMethodAccessorImpl.invoke0(Native Method)
	at sun.reflect.NativeMethodAccessorImpl.invoke(NativeMethodAccessorImpl.java:62)
	at sun.reflect.DelegatingMethodAccessorImpl.invoke(DelegatingMethodAccessorImpl.java:43)
	at java.lang.reflect.Method.invoke(Method.java:498)
	at org.testng.internal.MethodInvocationHelper.invokeMethod(MethodInvocationHelper.java:86)
	at org.testng.internal.Invoker.invokeMethod(Invoker.java:643)
	at org.testng.internal.Invoker.invokeTestMethod(Invoker.java:820)
	at org.testng.internal.Invoker.invokeTestMethods(Invoker.java:1128)
	at org.testng.internal.TestMethodWorker.invokeTestMethods(TestMethodWorker.java:129)
	at org.testng.internal.TestMethodWorker.run(TestMethodWorker.java:112)
	at org.testng.TestRunner.privateRun(TestRunner.java:782)
	at org.testng.TestRunner.run(TestRunner.java:632)
	at org.testng.SuiteRunner.runTest(SuiteRunner.java:366)
	at org.testng.SuiteRunner.runSequentially(SuiteRunner.java:361)
	at org.testng.SuiteRunner.privateRun(SuiteRunner.java:319)
	at org.testng.SuiteRunner.run(SuiteRunner.java:268)
	at org.testng.SuiteRunnerWorker.runSuite(SuiteRunnerWorker.java:52)
	at org.testng.SuiteRunnerWorker.run(SuiteRunnerWorker.java:86)
	at org.testng.TestNG.runSuitesSequentially(TestNG.java:1244)
	at org.testng.TestNG.runSuitesLocally(TestNG.java:1169)
	at org.testng.TestNG.run(TestNG.java:1064)
	at org.apache.maven.surefire.testng.TestNGExecutor.run(TestNGExecutor.java:283)
	at org.apache.maven.surefire.testng.TestNGXmlTestSuite.execute(TestNGXmlTestSuite.java:75)
	at org.apache.maven.surefire.testng.TestNGProvider.invoke(TestNGProvider.java:120)
	at org.apache.maven.surefire.booter.ForkedBooter.invokeProviderInSameClassLoader(ForkedBooter.java:373)
	at org.apache.maven.surefire.booter.ForkedBooter.runSuitesInProcess(ForkedBooter.java:334)
	at org.apache.maven.surefire.booter.ForkedBooter.execute(ForkedBooter.java:119)
	at org.apache.maven.surefire.booter.ForkedBooter.main(ForkedBooter.java:407)
</pre></div></td>
<td>0</td>
<td>com.javademo.cases.testOrder2@30b7c004</td></tr>
<tr>
<td title='com.javademo.cases.testOrder2.order_129()'><b>order_129</b><br>Test class: com.javademo.cases.testOrder2</td>
<td><div><pre>java.lang.IllegalArgumentException: Invalid key code
	at sun.awt.windows.WRobotPeer.keyPress(Native Method)
	at java.awt.Robot.keyPress(Robot.java:354)
	at com.javademo.pages.GaodunOrderPage.getRefresh(GaodunOrderPage.java:991)
	at com.javademo.pages.GaodunOrderPage.getOrderByPhone(GaodunOrderPage.java:1013)
	at com.javademo.pages.GaodunOrderPage.orderAbnormal_124(GaodunOrderPage.java:894)
	at com.javademo.cases.testOrder2.order_129(testOrder2.java:266)
... Removed 28 stack frames</pre></div><a href='#' onClick='toggleBox("stack-trace1730704097", this, "Click to show all stack frames", "Click to hide stack frames")'>Click to show all stack frames</a>
<div class='stack-trace' id='stack-trace1730704097'><pre>java.lang.IllegalArgumentException: Invalid key code
	at sun.awt.windows.WRobotPeer.keyPress(Native Method)
	at java.awt.Robot.keyPress(Robot.java:354)
	at com.javademo.pages.GaodunOrderPage.getRefresh(GaodunOrderPage.java:991)
	at com.javademo.pages.GaodunOrderPage.getOrderByPhone(GaodunOrderPage.java:1013)
	at com.javademo.pages.GaodunOrderPage.orderAbnormal_124(GaodunOrderPage.java:894)
	at com.javademo.cases.testOrder2.order_129(testOrder2.java:266)
	at sun.reflect.NativeMethodAccessorImpl.invoke0(Native Method)
	at sun.reflect.NativeMethodAccessorImpl.invoke(NativeMethodAccessorImpl.java:62)
	at sun.reflect.DelegatingMethodAccessorImpl.invoke(DelegatingMethodAccessorImpl.java:43)
	at java.lang.reflect.Method.invoke(Method.java:498)
	at org.testng.internal.MethodInvocationHelper.invokeMethod(MethodInvocationHelper.java:86)
	at org.testng.internal.Invoker.invokeMethod(Invoker.java:643)
	at org.testng.internal.Invoker.invokeTestMethod(Invoker.java:820)
	at org.testng.internal.Invoker.invokeTestMethods(Invoker.java:1128)
	at org.testng.internal.TestMethodWorker.invokeTestMethods(TestMethodWorker.java:129)
	at org.testng.internal.TestMethodWorker.run(TestMethodWorker.java:112)
	at org.testng.TestRunner.privateRun(TestRunner.java:782)
	at org.testng.TestRunner.run(TestRunner.java:632)
	at org.testng.SuiteRunner.runTest(SuiteRunner.java:366)
	at org.testng.SuiteRunner.runSequentially(SuiteRunner.java:361)
	at org.testng.SuiteRunner.privateRun(SuiteRunner.java:319)
	at org.testng.SuiteRunner.run(SuiteRunner.java:268)
	at org.testng.SuiteRunnerWorker.runSuite(SuiteRunnerWorker.java:52)
	at org.testng.SuiteRunnerWorker.run(SuiteRunnerWorker.java:86)
	at org.testng.TestNG.runSuitesSequentially(TestNG.java:1244)
	at org.testng.TestNG.runSuitesLocally(TestNG.java:1169)
	at org.testng.TestNG.run(TestNG.java:1064)
	at org.apache.maven.surefire.testng.TestNGExecutor.run(TestNGExecutor.java:283)
	at org.apache.maven.surefire.testng.TestNGXmlTestSuite.execute(TestNGXmlTestSuite.java:75)
	at org.apache.maven.surefire.testng.TestNGProvider.invoke(TestNGProvider.java:120)
	at org.apache.maven.surefire.booter.ForkedBooter.invokeProviderInSameClassLoader(ForkedBooter.java:373)
	at org.apache.maven.surefire.booter.ForkedBooter.runSuitesInProcess(ForkedBooter.java:334)
	at org.apache.maven.surefire.booter.ForkedBooter.execute(ForkedBooter.java:119)
	at org.apache.maven.surefire.booter.ForkedBooter.main(ForkedBooter.java:407)
</pre></div></td>
<td>0</td>
<td>com.javademo.cases.testOrder2@30b7c004</td></tr>
<tr>
<td title='com.javademo.cases.testOrder2.order_130()'><b>order_130</b><br>Test class: com.javademo.cases.testOrder2</td>
<td><div><pre>java.lang.IllegalArgumentException: Invalid key code
	at sun.awt.windows.WRobotPeer.keyPress(Native Method)
	at java.awt.Robot.keyPress(Robot.java:354)
	at com.javademo.pages.GaodunOrderPage.getRefresh(GaodunOrderPage.java:991)
	at com.javademo.pages.GaodunOrderPage.getOrderByPhone(GaodunOrderPage.java:1013)
	at com.javademo.pages.GaodunOrderPage.orderAbnormal_124(GaodunOrderPage.java:894)
	at com.javademo.cases.testOrder2.order_130(testOrder2.java:344)
... Removed 28 stack frames</pre></div><a href='#' onClick='toggleBox("stack-trace495702238", this, "Click to show all stack frames", "Click to hide stack frames")'>Click to show all stack frames</a>
<div class='stack-trace' id='stack-trace495702238'><pre>java.lang.IllegalArgumentException: Invalid key code
	at sun.awt.windows.WRobotPeer.keyPress(Native Method)
	at java.awt.Robot.keyPress(Robot.java:354)
	at com.javademo.pages.GaodunOrderPage.getRefresh(GaodunOrderPage.java:991)
	at com.javademo.pages.GaodunOrderPage.getOrderByPhone(GaodunOrderPage.java:1013)
	at com.javademo.pages.GaodunOrderPage.orderAbnormal_124(GaodunOrderPage.java:894)
	at com.javademo.cases.testOrder2.order_130(testOrder2.java:344)
	at sun.reflect.NativeMethodAccessorImpl.invoke0(Native Method)
	at sun.reflect.NativeMethodAccessorImpl.invoke(NativeMethodAccessorImpl.java:62)
	at sun.reflect.DelegatingMethodAccessorImpl.invoke(DelegatingMethodAccessorImpl.java:43)
	at java.lang.reflect.Method.invoke(Method.java:498)
	at org.testng.internal.MethodInvocationHelper.invokeMethod(MethodInvocationHelper.java:86)
	at org.testng.internal.Invoker.invokeMethod(Invoker.java:643)
	at org.testng.internal.Invoker.invokeTestMethod(Invoker.java:820)
	at org.testng.internal.Invoker.invokeTestMethods(Invoker.java:1128)
	at org.testng.internal.TestMethodWorker.invokeTestMethods(TestMethodWorker.java:129)
	at org.testng.internal.TestMethodWorker.run(TestMethodWorker.java:112)
	at org.testng.TestRunner.privateRun(TestRunner.java:782)
	at org.testng.TestRunner.run(TestRunner.java:632)
	at org.testng.SuiteRunner.runTest(SuiteRunner.java:366)
	at org.testng.SuiteRunner.runSequentially(SuiteRunner.java:361)
	at org.testng.SuiteRunner.privateRun(SuiteRunner.java:319)
	at org.testng.SuiteRunner.run(SuiteRunner.java:268)
	at org.testng.SuiteRunnerWorker.runSuite(SuiteRunnerWorker.java:52)
	at org.testng.SuiteRunnerWorker.run(SuiteRunnerWorker.java:86)
	at org.testng.TestNG.runSuitesSequentially(TestNG.java:1244)
	at org.testng.TestNG.runSuitesLocally(TestNG.java:1169)
	at org.testng.TestNG.run(TestNG.java:1064)
	at org.apache.maven.surefire.testng.TestNGExecutor.run(TestNGExecutor.java:283)
	at org.apache.maven.surefire.testng.TestNGXmlTestSuite.execute(TestNGXmlTestSuite.java:75)
	at org.apache.maven.surefire.testng.TestNGProvider.invoke(TestNGProvider.java:120)
	at org.apache.maven.surefire.booter.ForkedBooter.invokeProviderInSameClassLoader(ForkedBooter.java:373)
	at org.apache.maven.surefire.booter.ForkedBooter.runSuitesInProcess(ForkedBooter.java:334)
	at org.apache.maven.surefire.booter.ForkedBooter.execute(ForkedBooter.java:119)
	at org.apache.maven.surefire.booter.ForkedBooter.main(ForkedBooter.java:407)
</pre></div></td>
<td>0</td>
<td>com.javademo.cases.testOrder2@30b7c004</td></tr>
<tr>
<td title='com.javademo.cases.testOrder2.order_131()'><b>order_131</b><br>Test class: com.javademo.cases.testOrder2</td>
<td><div><pre>java.lang.IllegalArgumentException: Invalid key code
	at sun.awt.windows.WRobotPeer.keyPress(Native Method)
	at java.awt.Robot.keyPress(Robot.java:354)
	at com.javademo.pages.GaodunOrderPage.getRefresh(GaodunOrderPage.java:991)
	at com.javademo.pages.GaodunOrderPage.getOrderByPhone(GaodunOrderPage.java:1013)
	at com.javademo.pages.GaodunOrderPage.orderAbnormal_124(GaodunOrderPage.java:894)
	at com.javademo.cases.testOrder2.order_131(testOrder2.java:273)
... Removed 28 stack frames</pre></div><a href='#' onClick='toggleBox("stack-trace1062635358", this, "Click to show all stack frames", "Click to hide stack frames")'>Click to show all stack frames</a>
<div class='stack-trace' id='stack-trace1062635358'><pre>java.lang.IllegalArgumentException: Invalid key code
	at sun.awt.windows.WRobotPeer.keyPress(Native Method)
	at java.awt.Robot.keyPress(Robot.java:354)
	at com.javademo.pages.GaodunOrderPage.getRefresh(GaodunOrderPage.java:991)
	at com.javademo.pages.GaodunOrderPage.getOrderByPhone(GaodunOrderPage.java:1013)
	at com.javademo.pages.GaodunOrderPage.orderAbnormal_124(GaodunOrderPage.java:894)
	at com.javademo.cases.testOrder2.order_131(testOrder2.java:273)
	at sun.reflect.NativeMethodAccessorImpl.invoke0(Native Method)
	at sun.reflect.NativeMethodAccessorImpl.invoke(NativeMethodAccessorImpl.java:62)
	at sun.reflect.DelegatingMethodAccessorImpl.invoke(DelegatingMethodAccessorImpl.java:43)
	at java.lang.reflect.Method.invoke(Method.java:498)
	at org.testng.internal.MethodInvocationHelper.invokeMethod(MethodInvocationHelper.java:86)
	at org.testng.internal.Invoker.invokeMethod(Invoker.java:643)
	at org.testng.internal.Invoker.invokeTestMethod(Invoker.java:820)
	at org.testng.internal.Invoker.invokeTestMethods(Invoker.java:1128)
	at org.testng.internal.TestMethodWorker.invokeTestMethods(TestMethodWorker.java:129)
	at org.testng.internal.TestMethodWorker.run(TestMethodWorker.java:112)
	at org.testng.TestRunner.privateRun(TestRunner.java:782)
	at org.testng.TestRunner.run(TestRunner.java:632)
	at org.testng.SuiteRunner.runTest(SuiteRunner.java:366)
	at org.testng.SuiteRunner.runSequentially(SuiteRunner.java:361)
	at org.testng.SuiteRunner.privateRun(SuiteRunner.java:319)
	at org.testng.SuiteRunner.run(SuiteRunner.java:268)
	at org.testng.SuiteRunnerWorker.runSuite(SuiteRunnerWorker.java:52)
	at org.testng.SuiteRunnerWorker.run(SuiteRunnerWorker.java:86)
	at org.testng.TestNG.runSuitesSequentially(TestNG.java:1244)
	at org.testng.TestNG.runSuitesLocally(TestNG.java:1169)
	at org.testng.TestNG.run(TestNG.java:1064)
	at org.apache.maven.surefire.testng.TestNGExecutor.run(TestNGExecutor.java:283)
	at org.apache.maven.surefire.testng.TestNGXmlTestSuite.execute(TestNGXmlTestSuite.java:75)
	at org.apache.maven.surefire.testng.TestNGProvider.invoke(TestNGProvider.java:120)
	at org.apache.maven.surefire.booter.ForkedBooter.invokeProviderInSameClassLoader(ForkedBooter.java:373)
	at org.apache.maven.surefire.booter.ForkedBooter.runSuitesInProcess(ForkedBooter.java:334)
	at org.apache.maven.surefire.booter.ForkedBooter.execute(ForkedBooter.java:119)
	at org.apache.maven.surefire.booter.ForkedBooter.main(ForkedBooter.java:407)
</pre></div></td>
<td>0</td>
<td>com.javademo.cases.testOrder2@30b7c004</td></tr>
<tr>
<td title='com.javademo.cases.testOrder2.order_132()'><b>order_132</b><br>Test class: com.javademo.cases.testOrder2</td>
<td><div><pre>java.lang.IllegalArgumentException: Invalid key code
	at sun.awt.windows.WRobotPeer.keyPress(Native Method)
	at java.awt.Robot.keyPress(Robot.java:354)
	at com.javademo.pages.GaodunOrderPage.getRefresh(GaodunOrderPage.java:991)
	at com.javademo.pages.GaodunOrderPage.getOrderByPhone(GaodunOrderPage.java:1013)
	at com.javademo.pages.GaodunOrderPage.orderAbnormal_124(GaodunOrderPage.java:894)
	at com.javademo.cases.testOrder2.order_132(testOrder2.java:293)
... Removed 28 stack frames</pre></div><a href='#' onClick='toggleBox("stack-trace1148254374", this, "Click to show all stack frames", "Click to hide stack frames")'>Click to show all stack frames</a>
<div class='stack-trace' id='stack-trace1148254374'><pre>java.lang.IllegalArgumentException: Invalid key code
	at sun.awt.windows.WRobotPeer.keyPress(Native Method)
	at java.awt.Robot.keyPress(Robot.java:354)
	at com.javademo.pages.GaodunOrderPage.getRefresh(GaodunOrderPage.java:991)
	at com.javademo.pages.GaodunOrderPage.getOrderByPhone(GaodunOrderPage.java:1013)
	at com.javademo.pages.GaodunOrderPage.orderAbnormal_124(GaodunOrderPage.java:894)
	at com.javademo.cases.testOrder2.order_132(testOrder2.java:293)
	at sun.reflect.NativeMethodAccessorImpl.invoke0(Native Method)
	at sun.reflect.NativeMethodAccessorImpl.invoke(NativeMethodAccessorImpl.java:62)
	at sun.reflect.DelegatingMethodAccessorImpl.invoke(DelegatingMethodAccessorImpl.java:43)
	at java.lang.reflect.Method.invoke(Method.java:498)
	at org.testng.internal.MethodInvocationHelper.invokeMethod(MethodInvocationHelper.java:86)
	at org.testng.internal.Invoker.invokeMethod(Invoker.java:643)
	at org.testng.internal.Invoker.invokeTestMethod(Invoker.java:820)
	at org.testng.internal.Invoker.invokeTestMethods(Invoker.java:1128)
	at org.testng.internal.TestMethodWorker.invokeTestMethods(TestMethodWorker.java:129)
	at org.testng.internal.TestMethodWorker.run(TestMethodWorker.java:112)
	at org.testng.TestRunner.privateRun(TestRunner.java:782)
	at org.testng.TestRunner.run(TestRunner.java:632)
	at org.testng.SuiteRunner.runTest(SuiteRunner.java:366)
	at org.testng.SuiteRunner.runSequentially(SuiteRunner.java:361)
	at org.testng.SuiteRunner.privateRun(SuiteRunner.java:319)
	at org.testng.SuiteRunner.run(SuiteRunner.java:268)
	at org.testng.SuiteRunnerWorker.runSuite(SuiteRunnerWorker.java:52)
	at org.testng.SuiteRunnerWorker.run(SuiteRunnerWorker.java:86)
	at org.testng.TestNG.runSuitesSequentially(TestNG.java:1244)
	at org.testng.TestNG.runSuitesLocally(TestNG.java:1169)
	at org.testng.TestNG.run(TestNG.java:1064)
	at org.apache.maven.surefire.testng.TestNGExecutor.run(TestNGExecutor.java:283)
	at org.apache.maven.surefire.testng.TestNGXmlTestSuite.execute(TestNGXmlTestSuite.java:75)
	at org.apache.maven.surefire.testng.TestNGProvider.invoke(TestNGProvider.java:120)
	at org.apache.maven.surefire.booter.ForkedBooter.invokeProviderInSameClassLoader(ForkedBooter.java:373)
	at org.apache.maven.surefire.booter.ForkedBooter.runSuitesInProcess(ForkedBooter.java:334)
	at org.apache.maven.surefire.booter.ForkedBooter.execute(ForkedBooter.java:119)
	at org.apache.maven.surefire.booter.ForkedBooter.main(ForkedBooter.java:407)
</pre></div></td>
<td>0</td>
<td>com.javademo.cases.testOrder2@30b7c004</td></tr>
<tr>
<td title='com.javademo.cases.testOrder2.order_133()'><b>order_133</b><br>Test class: com.javademo.cases.testOrder2</td>
<td><div><pre>java.lang.IllegalArgumentException: Invalid key code
	at sun.awt.windows.WRobotPeer.keyPress(Native Method)
	at java.awt.Robot.keyPress(Robot.java:354)
	at com.javademo.pages.GaodunOrderPage.getRefresh(GaodunOrderPage.java:991)
	at com.javademo.pages.GaodunOrderPage.getOrderByPhone(GaodunOrderPage.java:1013)
	at com.javademo.pages.GaodunOrderPage.orderAbnormal_124(GaodunOrderPage.java:894)
	at com.javademo.cases.testOrder2.order_133(testOrder2.java:313)
... Removed 28 stack frames</pre></div><a href='#' onClick='toggleBox("stack-trace1610702581", this, "Click to show all stack frames", "Click to hide stack frames")'>Click to show all stack frames</a>
<div class='stack-trace' id='stack-trace1610702581'><pre>java.lang.IllegalArgumentException: Invalid key code
	at sun.awt.windows.WRobotPeer.keyPress(Native Method)
	at java.awt.Robot.keyPress(Robot.java:354)
	at com.javademo.pages.GaodunOrderPage.getRefresh(GaodunOrderPage.java:991)
	at com.javademo.pages.GaodunOrderPage.getOrderByPhone(GaodunOrderPage.java:1013)
	at com.javademo.pages.GaodunOrderPage.orderAbnormal_124(GaodunOrderPage.java:894)
	at com.javademo.cases.testOrder2.order_133(testOrder2.java:313)
	at sun.reflect.NativeMethodAccessorImpl.invoke0(Native Method)
	at sun.reflect.NativeMethodAccessorImpl.invoke(NativeMethodAccessorImpl.java:62)
	at sun.reflect.DelegatingMethodAccessorImpl.invoke(DelegatingMethodAccessorImpl.java:43)
	at java.lang.reflect.Method.invoke(Method.java:498)
	at org.testng.internal.MethodInvocationHelper.invokeMethod(MethodInvocationHelper.java:86)
	at org.testng.internal.Invoker.invokeMethod(Invoker.java:643)
	at org.testng.internal.Invoker.invokeTestMethod(Invoker.java:820)
	at org.testng.internal.Invoker.invokeTestMethods(Invoker.java:1128)
	at org.testng.internal.TestMethodWorker.invokeTestMethods(TestMethodWorker.java:129)
	at org.testng.internal.TestMethodWorker.run(TestMethodWorker.java:112)
	at org.testng.TestRunner.privateRun(TestRunner.java:782)
	at org.testng.TestRunner.run(TestRunner.java:632)
	at org.testng.SuiteRunner.runTest(SuiteRunner.java:366)
	at org.testng.SuiteRunner.runSequentially(SuiteRunner.java:361)
	at org.testng.SuiteRunner.privateRun(SuiteRunner.java:319)
	at org.testng.SuiteRunner.run(SuiteRunner.java:268)
	at org.testng.SuiteRunnerWorker.runSuite(SuiteRunnerWorker.java:52)
	at org.testng.SuiteRunnerWorker.run(SuiteRunnerWorker.java:86)
	at org.testng.TestNG.runSuitesSequentially(TestNG.java:1244)
	at org.testng.TestNG.runSuitesLocally(TestNG.java:1169)
	at org.testng.TestNG.run(TestNG.java:1064)
	at org.apache.maven.surefire.testng.TestNGExecutor.run(TestNGExecutor.java:283)
	at org.apache.maven.surefire.testng.TestNGXmlTestSuite.execute(TestNGXmlTestSuite.java:75)
	at org.apache.maven.surefire.testng.TestNGProvider.invoke(TestNGProvider.java:120)
	at org.apache.maven.surefire.booter.ForkedBooter.invokeProviderInSameClassLoader(ForkedBooter.java:373)
	at org.apache.maven.surefire.booter.ForkedBooter.runSuitesInProcess(ForkedBooter.java:334)
	at org.apache.maven.surefire.booter.ForkedBooter.execute(ForkedBooter.java:119)
	at org.apache.maven.surefire.booter.ForkedBooter.main(ForkedBooter.java:407)
</pre></div></td>
<td>0</td>
<td>com.javademo.cases.testOrder2@30b7c004</td></tr>
<tr>
<td title='com.javademo.cases.testOrder2.order_134()'><b>order_134</b><br>Test class: com.javademo.cases.testOrder2</td>
<td><div><pre>java.lang.IllegalArgumentException: Invalid key code
	at sun.awt.windows.WRobotPeer.keyPress(Native Method)
	at java.awt.Robot.keyPress(Robot.java:354)
	at com.javademo.pages.GaodunOrderPage.getRefresh(GaodunOrderPage.java:991)
	at com.javademo.pages.GaodunOrderPage.getOrderByPhone(GaodunOrderPage.java:1013)
	at com.javademo.pages.GaodunOrderPage.orderRecommend(GaodunOrderPage.java:941)
	at com.javademo.cases.testOrder2.order_134(testOrder2.java:325)
... Removed 28 stack frames</pre></div><a href='#' onClick='toggleBox("stack-trace254801937", this, "Click to show all stack frames", "Click to hide stack frames")'>Click to show all stack frames</a>
<div class='stack-trace' id='stack-trace254801937'><pre>java.lang.IllegalArgumentException: Invalid key code
	at sun.awt.windows.WRobotPeer.keyPress(Native Method)
	at java.awt.Robot.keyPress(Robot.java:354)
	at com.javademo.pages.GaodunOrderPage.getRefresh(GaodunOrderPage.java:991)
	at com.javademo.pages.GaodunOrderPage.getOrderByPhone(GaodunOrderPage.java:1013)
	at com.javademo.pages.GaodunOrderPage.orderRecommend(GaodunOrderPage.java:941)
	at com.javademo.cases.testOrder2.order_134(testOrder2.java:325)
	at sun.reflect.NativeMethodAccessorImpl.invoke0(Native Method)
	at sun.reflect.NativeMethodAccessorImpl.invoke(NativeMethodAccessorImpl.java:62)
	at sun.reflect.DelegatingMethodAccessorImpl.invoke(DelegatingMethodAccessorImpl.java:43)
	at java.lang.reflect.Method.invoke(Method.java:498)
	at org.testng.internal.MethodInvocationHelper.invokeMethod(MethodInvocationHelper.java:86)
	at org.testng.internal.Invoker.invokeMethod(Invoker.java:643)
	at org.testng.internal.Invoker.invokeTestMethod(Invoker.java:820)
	at org.testng.internal.Invoker.invokeTestMethods(Invoker.java:1128)
	at org.testng.internal.TestMethodWorker.invokeTestMethods(TestMethodWorker.java:129)
	at org.testng.internal.TestMethodWorker.run(TestMethodWorker.java:112)
	at org.testng.TestRunner.privateRun(TestRunner.java:782)
	at org.testng.TestRunner.run(TestRunner.java:632)
	at org.testng.SuiteRunner.runTest(SuiteRunner.java:366)
	at org.testng.SuiteRunner.runSequentially(SuiteRunner.java:361)
	at org.testng.SuiteRunner.privateRun(SuiteRunner.java:319)
	at org.testng.SuiteRunner.run(SuiteRunner.java:268)
	at org.testng.SuiteRunnerWorker.runSuite(SuiteRunnerWorker.java:52)
	at org.testng.SuiteRunnerWorker.run(SuiteRunnerWorker.java:86)
	at org.testng.TestNG.runSuitesSequentially(TestNG.java:1244)
	at org.testng.TestNG.runSuitesLocally(TestNG.java:1169)
	at org.testng.TestNG.run(TestNG.java:1064)
	at org.apache.maven.surefire.testng.TestNGExecutor.run(TestNGExecutor.java:283)
	at org.apache.maven.surefire.testng.TestNGXmlTestSuite.execute(TestNGXmlTestSuite.java:75)
	at org.apache.maven.surefire.testng.TestNGProvider.invoke(TestNGProvider.java:120)
	at org.apache.maven.surefire.booter.ForkedBooter.invokeProviderInSameClassLoader(ForkedBooter.java:373)
	at org.apache.maven.surefire.booter.ForkedBooter.runSuitesInProcess(ForkedBooter.java:334)
	at org.apache.maven.surefire.booter.ForkedBooter.execute(ForkedBooter.java:119)
	at org.apache.maven.surefire.booter.ForkedBooter.main(ForkedBooter.java:407)
</pre></div></td>
<td>0</td>
<td>com.javademo.cases.testOrder2@30b7c004</td></tr>
<tr>
<td title='com.javademo.cases.testOrder2.order_135()'><b>order_135</b><br>Test class: com.javademo.cases.testOrder2</td>
<td><div><pre>java.lang.IllegalArgumentException: Invalid key code
	at sun.awt.windows.WRobotPeer.keyPress(Native Method)
	at java.awt.Robot.keyPress(Robot.java:354)
	at com.javademo.pages.GaodunOrderPage.getRefresh(GaodunOrderPage.java:991)
	at com.javademo.pages.GaodunOrderPage.getOrderByPhone(GaodunOrderPage.java:1013)
	at com.javademo.pages.GaodunOrderPage.orderRecommend(GaodunOrderPage.java:941)
	at com.javademo.cases.testOrder2.order_135(testOrder2.java:331)
... Removed 28 stack frames</pre></div><a href='#' onClick='toggleBox("stack-trace1355457888", this, "Click to show all stack frames", "Click to hide stack frames")'>Click to show all stack frames</a>
<div class='stack-trace' id='stack-trace1355457888'><pre>java.lang.IllegalArgumentException: Invalid key code
	at sun.awt.windows.WRobotPeer.keyPress(Native Method)
	at java.awt.Robot.keyPress(Robot.java:354)
	at com.javademo.pages.GaodunOrderPage.getRefresh(GaodunOrderPage.java:991)
	at com.javademo.pages.GaodunOrderPage.getOrderByPhone(GaodunOrderPage.java:1013)
	at com.javademo.pages.GaodunOrderPage.orderRecommend(GaodunOrderPage.java:941)
	at com.javademo.cases.testOrder2.order_135(testOrder2.java:331)
	at sun.reflect.NativeMethodAccessorImpl.invoke0(Native Method)
	at sun.reflect.NativeMethodAccessorImpl.invoke(NativeMethodAccessorImpl.java:62)
	at sun.reflect.DelegatingMethodAccessorImpl.invoke(DelegatingMethodAccessorImpl.java:43)
	at java.lang.reflect.Method.invoke(Method.java:498)
	at org.testng.internal.MethodInvocationHelper.invokeMethod(MethodInvocationHelper.java:86)
	at org.testng.internal.Invoker.invokeMethod(Invoker.java:643)
	at org.testng.internal.Invoker.invokeTestMethod(Invoker.java:820)
	at org.testng.internal.Invoker.invokeTestMethods(Invoker.java:1128)
	at org.testng.internal.TestMethodWorker.invokeTestMethods(TestMethodWorker.java:129)
	at org.testng.internal.TestMethodWorker.run(TestMethodWorker.java:112)
	at org.testng.TestRunner.privateRun(TestRunner.java:782)
	at org.testng.TestRunner.run(TestRunner.java:632)
	at org.testng.SuiteRunner.runTest(SuiteRunner.java:366)
	at org.testng.SuiteRunner.runSequentially(SuiteRunner.java:361)
	at org.testng.SuiteRunner.privateRun(SuiteRunner.java:319)
	at org.testng.SuiteRunner.run(SuiteRunner.java:268)
	at org.testng.SuiteRunnerWorker.runSuite(SuiteRunnerWorker.java:52)
	at org.testng.SuiteRunnerWorker.run(SuiteRunnerWorker.java:86)
	at org.testng.TestNG.runSuitesSequentially(TestNG.java:1244)
	at org.testng.TestNG.runSuitesLocally(TestNG.java:1169)
	at org.testng.TestNG.run(TestNG.java:1064)
	at org.apache.maven.surefire.testng.TestNGExecutor.run(TestNGExecutor.java:283)
	at org.apache.maven.surefire.testng.TestNGXmlTestSuite.execute(TestNGXmlTestSuite.java:75)
	at org.apache.maven.surefire.testng.TestNGProvider.invoke(TestNGProvider.java:120)
	at org.apache.maven.surefire.booter.ForkedBooter.invokeProviderInSameClassLoader(ForkedBooter.java:373)
	at org.apache.maven.surefire.booter.ForkedBooter.runSuitesInProcess(ForkedBooter.java:334)
	at org.apache.maven.surefire.booter.ForkedBooter.execute(ForkedBooter.java:119)
	at org.apache.maven.surefire.booter.ForkedBooter.main(ForkedBooter.java:407)
</pre></div></td>
<td>0</td>
<td>com.javademo.cases.testOrder2@30b7c004</td></tr>
<tr>
<td title='com.javademo.cases.testOrder2.order_136()'><b>order_136</b><br>Test class: com.javademo.cases.testOrder2</td>
<td><div><pre>java.lang.IllegalArgumentException: Invalid key code
	at sun.awt.windows.WRobotPeer.keyPress(Native Method)
	at java.awt.Robot.keyPress(Robot.java:354)
	at com.javademo.pages.GaodunOrderPage.getRefresh(GaodunOrderPage.java:991)
	at com.javademo.pages.GaodunOrderPage.getOrderByPhone(GaodunOrderPage.java:1013)
	at com.javademo.pages.GaodunOrderPage.orderRecommend(GaodunOrderPage.java:941)
	at com.javademo.cases.testOrder2.order_136(testOrder2.java:337)
... Removed 28 stack frames</pre></div><a href='#' onClick='toggleBox("stack-trace1522132780", this, "Click to show all stack frames", "Click to hide stack frames")'>Click to show all stack frames</a>
<div class='stack-trace' id='stack-trace1522132780'><pre>java.lang.IllegalArgumentException: Invalid key code
	at sun.awt.windows.WRobotPeer.keyPress(Native Method)
	at java.awt.Robot.keyPress(Robot.java:354)
	at com.javademo.pages.GaodunOrderPage.getRefresh(GaodunOrderPage.java:991)
	at com.javademo.pages.GaodunOrderPage.getOrderByPhone(GaodunOrderPage.java:1013)
	at com.javademo.pages.GaodunOrderPage.orderRecommend(GaodunOrderPage.java:941)
	at com.javademo.cases.testOrder2.order_136(testOrder2.java:337)
	at sun.reflect.NativeMethodAccessorImpl.invoke0(Native Method)
	at sun.reflect.NativeMethodAccessorImpl.invoke(NativeMethodAccessorImpl.java:62)
	at sun.reflect.DelegatingMethodAccessorImpl.invoke(DelegatingMethodAccessorImpl.java:43)
	at java.lang.reflect.Method.invoke(Method.java:498)
	at org.testng.internal.MethodInvocationHelper.invokeMethod(MethodInvocationHelper.java:86)
	at org.testng.internal.Invoker.invokeMethod(Invoker.java:643)
	at org.testng.internal.Invoker.invokeTestMethod(Invoker.java:820)
	at org.testng.internal.Invoker.invokeTestMethods(Invoker.java:1128)
	at org.testng.internal.TestMethodWorker.invokeTestMethods(TestMethodWorker.java:129)
	at org.testng.internal.TestMethodWorker.run(TestMethodWorker.java:112)
	at org.testng.TestRunner.privateRun(TestRunner.java:782)
	at org.testng.TestRunner.run(TestRunner.java:632)
	at org.testng.SuiteRunner.runTest(SuiteRunner.java:366)
	at org.testng.SuiteRunner.runSequentially(SuiteRunner.java:361)
	at org.testng.SuiteRunner.privateRun(SuiteRunner.java:319)
	at org.testng.SuiteRunner.run(SuiteRunner.java:268)
	at org.testng.SuiteRunnerWorker.runSuite(SuiteRunnerWorker.java:52)
	at org.testng.SuiteRunnerWorker.run(SuiteRunnerWorker.java:86)
	at org.testng.TestNG.runSuitesSequentially(TestNG.java:1244)
	at org.testng.TestNG.runSuitesLocally(TestNG.java:1169)
	at org.testng.TestNG.run(TestNG.java:1064)
	at org.apache.maven.surefire.testng.TestNGExecutor.run(TestNGExecutor.java:283)
	at org.apache.maven.surefire.testng.TestNGXmlTestSuite.execute(TestNGXmlTestSuite.java:75)
	at org.apache.maven.surefire.testng.TestNGProvider.invoke(TestNGProvider.java:120)
	at org.apache.maven.surefire.booter.ForkedBooter.invokeProviderInSameClassLoader(ForkedBooter.java:373)
	at org.apache.maven.surefire.booter.ForkedBooter.runSuitesInProcess(ForkedBooter.java:334)
	at org.apache.maven.surefire.booter.ForkedBooter.execute(ForkedBooter.java:119)
	at org.apache.maven.surefire.booter.ForkedBooter.main(ForkedBooter.java:407)
</pre></div></td>
<td>0</td>
<td>com.javademo.cases.testOrder2@30b7c004</td></tr>
<tr>
<td title='com.javademo.cases.testOrder2.order_1_1()'><b>order_1_1</b><br>Test class: com.javademo.cases.testOrder2</td>
<td><div><pre>java.lang.IllegalArgumentException: Invalid key code
	at sun.awt.windows.WRobotPeer.keyPress(Native Method)
	at java.awt.Robot.keyPress(Robot.java:354)
	at com.javademo.pages.GaodunOrderPage.getRefresh(GaodunOrderPage.java:991)
	at com.javademo.pages.GaodunOrderPage.addOrder(GaodunOrderPage.java:33)
	at com.javademo.cases.testOrder2.order_1_1(testOrder2.java:189)
... Removed 28 stack frames</pre></div><a href='#' onClick='toggleBox("stack-trace40075281", this, "Click to show all stack frames", "Click to hide stack frames")'>Click to show all stack frames</a>
<div class='stack-trace' id='stack-trace40075281'><pre>java.lang.IllegalArgumentException: Invalid key code
	at sun.awt.windows.WRobotPeer.keyPress(Native Method)
	at java.awt.Robot.keyPress(Robot.java:354)
	at com.javademo.pages.GaodunOrderPage.getRefresh(GaodunOrderPage.java:991)
	at com.javademo.pages.GaodunOrderPage.addOrder(GaodunOrderPage.java:33)
	at com.javademo.cases.testOrder2.order_1_1(testOrder2.java:189)
	at sun.reflect.NativeMethodAccessorImpl.invoke0(Native Method)
	at sun.reflect.NativeMethodAccessorImpl.invoke(NativeMethodAccessorImpl.java:62)
	at sun.reflect.DelegatingMethodAccessorImpl.invoke(DelegatingMethodAccessorImpl.java:43)
	at java.lang.reflect.Method.invoke(Method.java:498)
	at org.testng.internal.MethodInvocationHelper.invokeMethod(MethodInvocationHelper.java:86)
	at org.testng.internal.Invoker.invokeMethod(Invoker.java:643)
	at org.testng.internal.Invoker.invokeTestMethod(Invoker.java:820)
	at org.testng.internal.Invoker.invokeTestMethods(Invoker.java:1128)
	at org.testng.internal.TestMethodWorker.invokeTestMethods(TestMethodWorker.java:129)
	at org.testng.internal.TestMethodWorker.run(TestMethodWorker.java:112)
	at org.testng.TestRunner.privateRun(TestRunner.java:782)
	at org.testng.TestRunner.run(TestRunner.java:632)
	at org.testng.SuiteRunner.runTest(SuiteRunner.java:366)
	at org.testng.SuiteRunner.runSequentially(SuiteRunner.java:361)
	at org.testng.SuiteRunner.privateRun(SuiteRunner.java:319)
	at org.testng.SuiteRunner.run(SuiteRunner.java:268)
	at org.testng.SuiteRunnerWorker.runSuite(SuiteRunnerWorker.java:52)
	at org.testng.SuiteRunnerWorker.run(SuiteRunnerWorker.java:86)
	at org.testng.TestNG.runSuitesSequentially(TestNG.java:1244)
	at org.testng.TestNG.runSuitesLocally(TestNG.java:1169)
	at org.testng.TestNG.run(TestNG.java:1064)
	at org.apache.maven.surefire.testng.TestNGExecutor.run(TestNGExecutor.java:283)
	at org.apache.maven.surefire.testng.TestNGXmlTestSuite.execute(TestNGXmlTestSuite.java:75)
	at org.apache.maven.surefire.testng.TestNGProvider.invoke(TestNGProvider.java:120)
	at org.apache.maven.surefire.booter.ForkedBooter.invokeProviderInSameClassLoader(ForkedBooter.java:373)
	at org.apache.maven.surefire.booter.ForkedBooter.runSuitesInProcess(ForkedBooter.java:334)
	at org.apache.maven.surefire.booter.ForkedBooter.execute(ForkedBooter.java:119)
	at org.apache.maven.surefire.booter.ForkedBooter.main(ForkedBooter.java:407)
</pre></div></td>
<td>2</td>
<td>com.javademo.cases.testOrder2@30b7c004</td></tr>
<tr>
<td title='com.javademo.cases.testOrder2.order_27()'><b>order_27</b><br>Test class: com.javademo.cases.testOrder2</td>
<td><div><pre>java.lang.IllegalArgumentException: Invalid key code
	at sun.awt.windows.WRobotPeer.keyPress(Native Method)
	at java.awt.Robot.keyPress(Robot.java:354)
	at com.javademo.pages.GaodunOrderPage.getRefresh(GaodunOrderPage.java:991)
	at com.javademo.pages.GaodunOrderPage.getOrderByPhone(GaodunOrderPage.java:1013)
	at com.javademo.pages.GaodunOrderPage.orderPay_27(GaodunOrderPage.java:327)
	at com.javademo.cases.testOrder2.order_27(testOrder2.java:20)
... Removed 28 stack frames</pre></div><a href='#' onClick='toggleBox("stack-trace9190301", this, "Click to show all stack frames", "Click to hide stack frames")'>Click to show all stack frames</a>
<div class='stack-trace' id='stack-trace9190301'><pre>java.lang.IllegalArgumentException: Invalid key code
	at sun.awt.windows.WRobotPeer.keyPress(Native Method)
	at java.awt.Robot.keyPress(Robot.java:354)
	at com.javademo.pages.GaodunOrderPage.getRefresh(GaodunOrderPage.java:991)
	at com.javademo.pages.GaodunOrderPage.getOrderByPhone(GaodunOrderPage.java:1013)
	at com.javademo.pages.GaodunOrderPage.orderPay_27(GaodunOrderPage.java:327)
	at com.javademo.cases.testOrder2.order_27(testOrder2.java:20)
	at sun.reflect.NativeMethodAccessorImpl.invoke0(Native Method)
	at sun.reflect.NativeMethodAccessorImpl.invoke(NativeMethodAccessorImpl.java:62)
	at sun.reflect.DelegatingMethodAccessorImpl.invoke(DelegatingMethodAccessorImpl.java:43)
	at java.lang.reflect.Method.invoke(Method.java:498)
	at org.testng.internal.MethodInvocationHelper.invokeMethod(MethodInvocationHelper.java:86)
	at org.testng.internal.Invoker.invokeMethod(Invoker.java:643)
	at org.testng.internal.Invoker.invokeTestMethod(Invoker.java:820)
	at org.testng.internal.Invoker.invokeTestMethods(Invoker.java:1128)
	at org.testng.internal.TestMethodWorker.invokeTestMethods(TestMethodWorker.java:129)
	at org.testng.internal.TestMethodWorker.run(TestMethodWorker.java:112)
	at org.testng.TestRunner.privateRun(TestRunner.java:782)
	at org.testng.TestRunner.run(TestRunner.java:632)
	at org.testng.SuiteRunner.runTest(SuiteRunner.java:366)
	at org.testng.SuiteRunner.runSequentially(SuiteRunner.java:361)
	at org.testng.SuiteRunner.privateRun(SuiteRunner.java:319)
	at org.testng.SuiteRunner.run(SuiteRunner.java:268)
	at org.testng.SuiteRunnerWorker.runSuite(SuiteRunnerWorker.java:52)
	at org.testng.SuiteRunnerWorker.run(SuiteRunnerWorker.java:86)
	at org.testng.TestNG.runSuitesSequentially(TestNG.java:1244)
	at org.testng.TestNG.runSuitesLocally(TestNG.java:1169)
	at org.testng.TestNG.run(TestNG.java:1064)
	at org.apache.maven.surefire.testng.TestNGExecutor.run(TestNGExecutor.java:283)
	at org.apache.maven.surefire.testng.TestNGXmlTestSuite.execute(TestNGXmlTestSuite.java:75)
	at org.apache.maven.surefire.testng.TestNGProvider.invoke(TestNGProvider.java:120)
	at org.apache.maven.surefire.booter.ForkedBooter.invokeProviderInSameClassLoader(ForkedBooter.java:373)
	at org.apache.maven.surefire.booter.ForkedBooter.runSuitesInProcess(ForkedBooter.java:334)
	at org.apache.maven.surefire.booter.ForkedBooter.execute(ForkedBooter.java:119)
	at org.apache.maven.surefire.booter.ForkedBooter.main(ForkedBooter.java:407)
</pre></div></td>
<td>0</td>
<td>com.javademo.cases.testOrder2@30b7c004</td></tr>
<tr>
<td title='com.javademo.cases.testOrder2.order_38_1()'><b>order_38_1</b><br>Test class: com.javademo.cases.testOrder2</td>
<td><div><pre>java.lang.IllegalArgumentException: Invalid key code
	at sun.awt.windows.WRobotPeer.keyPress(Native Method)
	at java.awt.Robot.keyPress(Robot.java:354)
	at com.javademo.pages.GaodunOrderPage.getRefresh(GaodunOrderPage.java:991)
	at com.javademo.pages.GaodunOrderPage.getOrderByPhone(GaodunOrderPage.java:1013)
	at com.javademo.pages.GaodunOrderPage.orderPay_38(GaodunOrderPage.java:422)
	at com.javademo.cases.testOrder2.order_38_1(testOrder2.java:86)
... Removed 28 stack frames</pre></div><a href='#' onClick='toggleBox("stack-trace925308434", this, "Click to show all stack frames", "Click to hide stack frames")'>Click to show all stack frames</a>
<div class='stack-trace' id='stack-trace925308434'><pre>java.lang.IllegalArgumentException: Invalid key code
	at sun.awt.windows.WRobotPeer.keyPress(Native Method)
	at java.awt.Robot.keyPress(Robot.java:354)
	at com.javademo.pages.GaodunOrderPage.getRefresh(GaodunOrderPage.java:991)
	at com.javademo.pages.GaodunOrderPage.getOrderByPhone(GaodunOrderPage.java:1013)
	at com.javademo.pages.GaodunOrderPage.orderPay_38(GaodunOrderPage.java:422)
	at com.javademo.cases.testOrder2.order_38_1(testOrder2.java:86)
	at sun.reflect.NativeMethodAccessorImpl.invoke0(Native Method)
	at sun.reflect.NativeMethodAccessorImpl.invoke(NativeMethodAccessorImpl.java:62)
	at sun.reflect.DelegatingMethodAccessorImpl.invoke(DelegatingMethodAccessorImpl.java:43)
	at java.lang.reflect.Method.invoke(Method.java:498)
	at org.testng.internal.MethodInvocationHelper.invokeMethod(MethodInvocationHelper.java:86)
	at org.testng.internal.Invoker.invokeMethod(Invoker.java:643)
	at org.testng.internal.Invoker.invokeTestMethod(Invoker.java:820)
	at org.testng.internal.Invoker.invokeTestMethods(Invoker.java:1128)
	at org.testng.internal.TestMethodWorker.invokeTestMethods(TestMethodWorker.java:129)
	at org.testng.internal.TestMethodWorker.run(TestMethodWorker.java:112)
	at org.testng.TestRunner.privateRun(TestRunner.java:782)
	at org.testng.TestRunner.run(TestRunner.java:632)
	at org.testng.SuiteRunner.runTest(SuiteRunner.java:366)
	at org.testng.SuiteRunner.runSequentially(SuiteRunner.java:361)
	at org.testng.SuiteRunner.privateRun(SuiteRunner.java:319)
	at org.testng.SuiteRunner.run(SuiteRunner.java:268)
	at org.testng.SuiteRunnerWorker.runSuite(SuiteRunnerWorker.java:52)
	at org.testng.SuiteRunnerWorker.run(SuiteRunnerWorker.java:86)
	at org.testng.TestNG.runSuitesSequentially(TestNG.java:1244)
	at org.testng.TestNG.runSuitesLocally(TestNG.java:1169)
	at org.testng.TestNG.run(TestNG.java:1064)
	at org.apache.maven.surefire.testng.TestNGExecutor.run(TestNGExecutor.java:283)
	at org.apache.maven.surefire.testng.TestNGXmlTestSuite.execute(TestNGXmlTestSuite.java:75)
	at org.apache.maven.surefire.testng.TestNGProvider.invoke(TestNGProvider.java:120)
	at org.apache.maven.surefire.booter.ForkedBooter.invokeProviderInSameClassLoader(ForkedBooter.java:373)
	at org.apache.maven.surefire.booter.ForkedBooter.runSuitesInProcess(ForkedBooter.java:334)
	at org.apache.maven.surefire.booter.ForkedBooter.execute(ForkedBooter.java:119)
	at org.apache.maven.surefire.booter.ForkedBooter.main(ForkedBooter.java:407)
</pre></div></td>
<td>0</td>
<td>com.javademo.cases.testOrder2@30b7c004</td></tr>
<tr>
<td title='com.javademo.cases.testOrder2.order_38_2()'><b>order_38_2</b><br>Test class: com.javademo.cases.testOrder2</td>
<td><div><pre>java.lang.IllegalArgumentException: Invalid key code
	at sun.awt.windows.WRobotPeer.keyPress(Native Method)
	at java.awt.Robot.keyPress(Robot.java:354)
	at com.javademo.pages.GaodunOrderPage.getRefresh(GaodunOrderPage.java:991)
	at com.javademo.pages.GaodunOrderPage.getOrderByPhone(GaodunOrderPage.java:1013)
	at com.javademo.pages.GaodunOrderPage.orderPay_38(GaodunOrderPage.java:422)
	at com.javademo.cases.testOrder2.order_38_2(testOrder2.java:106)
... Removed 28 stack frames</pre></div><a href='#' onClick='toggleBox("stack-trace1312381159", this, "Click to show all stack frames", "Click to hide stack frames")'>Click to show all stack frames</a>
<div class='stack-trace' id='stack-trace1312381159'><pre>java.lang.IllegalArgumentException: Invalid key code
	at sun.awt.windows.WRobotPeer.keyPress(Native Method)
	at java.awt.Robot.keyPress(Robot.java:354)
	at com.javademo.pages.GaodunOrderPage.getRefresh(GaodunOrderPage.java:991)
	at com.javademo.pages.GaodunOrderPage.getOrderByPhone(GaodunOrderPage.java:1013)
	at com.javademo.pages.GaodunOrderPage.orderPay_38(GaodunOrderPage.java:422)
	at com.javademo.cases.testOrder2.order_38_2(testOrder2.java:106)
	at sun.reflect.NativeMethodAccessorImpl.invoke0(Native Method)
	at sun.reflect.NativeMethodAccessorImpl.invoke(NativeMethodAccessorImpl.java:62)
	at sun.reflect.DelegatingMethodAccessorImpl.invoke(DelegatingMethodAccessorImpl.java:43)
	at java.lang.reflect.Method.invoke(Method.java:498)
	at org.testng.internal.MethodInvocationHelper.invokeMethod(MethodInvocationHelper.java:86)
	at org.testng.internal.Invoker.invokeMethod(Invoker.java:643)
	at org.testng.internal.Invoker.invokeTestMethod(Invoker.java:820)
	at org.testng.internal.Invoker.invokeTestMethods(Invoker.java:1128)
	at org.testng.internal.TestMethodWorker.invokeTestMethods(TestMethodWorker.java:129)
	at org.testng.internal.TestMethodWorker.run(TestMethodWorker.java:112)
	at org.testng.TestRunner.privateRun(TestRunner.java:782)
	at org.testng.TestRunner.run(TestRunner.java:632)
	at org.testng.SuiteRunner.runTest(SuiteRunner.java:366)
	at org.testng.SuiteRunner.runSequentially(SuiteRunner.java:361)
	at org.testng.SuiteRunner.privateRun(SuiteRunner.java:319)
	at org.testng.SuiteRunner.run(SuiteRunner.java:268)
	at org.testng.SuiteRunnerWorker.runSuite(SuiteRunnerWorker.java:52)
	at org.testng.SuiteRunnerWorker.run(SuiteRunnerWorker.java:86)
	at org.testng.TestNG.runSuitesSequentially(TestNG.java:1244)
	at org.testng.TestNG.runSuitesLocally(TestNG.java:1169)
	at org.testng.TestNG.run(TestNG.java:1064)
	at org.apache.maven.surefire.testng.TestNGExecutor.run(TestNGExecutor.java:283)
	at org.apache.maven.surefire.testng.TestNGXmlTestSuite.execute(TestNGXmlTestSuite.java:75)
	at org.apache.maven.surefire.testng.TestNGProvider.invoke(TestNGProvider.java:120)
	at org.apache.maven.surefire.booter.ForkedBooter.invokeProviderInSameClassLoader(ForkedBooter.java:373)
	at org.apache.maven.surefire.booter.ForkedBooter.runSuitesInProcess(ForkedBooter.java:334)
	at org.apache.maven.surefire.booter.ForkedBooter.execute(ForkedBooter.java:119)
	at org.apache.maven.surefire.booter.ForkedBooter.main(ForkedBooter.java:407)
</pre></div></td>
<td>0</td>
<td>com.javademo.cases.testOrder2@30b7c004</td></tr>
<tr>
<td title='com.javademo.cases.testOrder2.order_38_3()'><b>order_38_3</b><br>Test class: com.javademo.cases.testOrder2</td>
<td><div><pre>java.lang.IllegalArgumentException: Invalid key code
	at sun.awt.windows.WRobotPeer.keyPress(Native Method)
	at java.awt.Robot.keyPress(Robot.java:354)
	at com.javademo.pages.GaodunOrderPage.getRefresh(GaodunOrderPage.java:991)
	at com.javademo.pages.GaodunOrderPage.getOrderByPhone(GaodunOrderPage.java:1013)
	at com.javademo.pages.GaodunOrderPage.orderPay_38(GaodunOrderPage.java:422)
	at com.javademo.cases.testOrder2.order_38_3(testOrder2.java:195)
... Removed 28 stack frames</pre></div><a href='#' onClick='toggleBox("stack-trace1781241150", this, "Click to show all stack frames", "Click to hide stack frames")'>Click to show all stack frames</a>
<div class='stack-trace' id='stack-trace1781241150'><pre>java.lang.IllegalArgumentException: Invalid key code
	at sun.awt.windows.WRobotPeer.keyPress(Native Method)
	at java.awt.Robot.keyPress(Robot.java:354)
	at com.javademo.pages.GaodunOrderPage.getRefresh(GaodunOrderPage.java:991)
	at com.javademo.pages.GaodunOrderPage.getOrderByPhone(GaodunOrderPage.java:1013)
	at com.javademo.pages.GaodunOrderPage.orderPay_38(GaodunOrderPage.java:422)
	at com.javademo.cases.testOrder2.order_38_3(testOrder2.java:195)
	at sun.reflect.NativeMethodAccessorImpl.invoke0(Native Method)
	at sun.reflect.NativeMethodAccessorImpl.invoke(NativeMethodAccessorImpl.java:62)
	at sun.reflect.DelegatingMethodAccessorImpl.invoke(DelegatingMethodAccessorImpl.java:43)
	at java.lang.reflect.Method.invoke(Method.java:498)
	at org.testng.internal.MethodInvocationHelper.invokeMethod(MethodInvocationHelper.java:86)
	at org.testng.internal.Invoker.invokeMethod(Invoker.java:643)
	at org.testng.internal.Invoker.invokeTestMethod(Invoker.java:820)
	at org.testng.internal.Invoker.invokeTestMethods(Invoker.java:1128)
	at org.testng.internal.TestMethodWorker.invokeTestMethods(TestMethodWorker.java:129)
	at org.testng.internal.TestMethodWorker.run(TestMethodWorker.java:112)
	at org.testng.TestRunner.privateRun(TestRunner.java:782)
	at org.testng.TestRunner.run(TestRunner.java:632)
	at org.testng.SuiteRunner.runTest(SuiteRunner.java:366)
	at org.testng.SuiteRunner.runSequentially(SuiteRunner.java:361)
	at org.testng.SuiteRunner.privateRun(SuiteRunner.java:319)
	at org.testng.SuiteRunner.run(SuiteRunner.java:268)
	at org.testng.SuiteRunnerWorker.runSuite(SuiteRunnerWorker.java:52)
	at org.testng.SuiteRunnerWorker.run(SuiteRunnerWorker.java:86)
	at org.testng.TestNG.runSuitesSequentially(TestNG.java:1244)
	at org.testng.TestNG.runSuitesLocally(TestNG.java:1169)
	at org.testng.TestNG.run(TestNG.java:1064)
	at org.apache.maven.surefire.testng.TestNGExecutor.run(TestNGExecutor.java:283)
	at org.apache.maven.surefire.testng.TestNGXmlTestSuite.execute(TestNGXmlTestSuite.java:75)
	at org.apache.maven.surefire.testng.TestNGProvider.invoke(TestNGProvider.java:120)
	at org.apache.maven.surefire.booter.ForkedBooter.invokeProviderInSameClassLoader(ForkedBooter.java:373)
	at org.apache.maven.surefire.booter.ForkedBooter.runSuitesInProcess(ForkedBooter.java:334)
	at org.apache.maven.surefire.booter.ForkedBooter.execute(ForkedBooter.java:119)
	at org.apache.maven.surefire.booter.ForkedBooter.main(ForkedBooter.java:407)
</pre></div></td>
<td>0</td>
<td>com.javademo.cases.testOrder2@30b7c004</td></tr>
<tr>
<td title='com.javademo.cases.testOrder2.order_38_4()'><b>order_38_4</b><br>Test class: com.javademo.cases.testOrder2</td>
<td><div><pre>java.lang.IllegalArgumentException: Invalid key code
	at sun.awt.windows.WRobotPeer.keyPress(Native Method)
	at java.awt.Robot.keyPress(Robot.java:354)
	at com.javademo.pages.GaodunOrderPage.getRefresh(GaodunOrderPage.java:991)
	at com.javademo.pages.GaodunOrderPage.getOrderByPhone(GaodunOrderPage.java:1013)
	at com.javademo.pages.GaodunOrderPage.orderPay_38(GaodunOrderPage.java:422)
	at com.javademo.cases.testOrder2.order_38_4(testOrder2.java:232)
... Removed 28 stack frames</pre></div><a href='#' onClick='toggleBox("stack-trace1443435931", this, "Click to show all stack frames", "Click to hide stack frames")'>Click to show all stack frames</a>
<div class='stack-trace' id='stack-trace1443435931'><pre>java.lang.IllegalArgumentException: Invalid key code
	at sun.awt.windows.WRobotPeer.keyPress(Native Method)
	at java.awt.Robot.keyPress(Robot.java:354)
	at com.javademo.pages.GaodunOrderPage.getRefresh(GaodunOrderPage.java:991)
	at com.javademo.pages.GaodunOrderPage.getOrderByPhone(GaodunOrderPage.java:1013)
	at com.javademo.pages.GaodunOrderPage.orderPay_38(GaodunOrderPage.java:422)
	at com.javademo.cases.testOrder2.order_38_4(testOrder2.java:232)
	at sun.reflect.NativeMethodAccessorImpl.invoke0(Native Method)
	at sun.reflect.NativeMethodAccessorImpl.invoke(NativeMethodAccessorImpl.java:62)
	at sun.reflect.DelegatingMethodAccessorImpl.invoke(DelegatingMethodAccessorImpl.java:43)
	at java.lang.reflect.Method.invoke(Method.java:498)
	at org.testng.internal.MethodInvocationHelper.invokeMethod(MethodInvocationHelper.java:86)
	at org.testng.internal.Invoker.invokeMethod(Invoker.java:643)
	at org.testng.internal.Invoker.invokeTestMethod(Invoker.java:820)
	at org.testng.internal.Invoker.invokeTestMethods(Invoker.java:1128)
	at org.testng.internal.TestMethodWorker.invokeTestMethods(TestMethodWorker.java:129)
	at org.testng.internal.TestMethodWorker.run(TestMethodWorker.java:112)
	at org.testng.TestRunner.privateRun(TestRunner.java:782)
	at org.testng.TestRunner.run(TestRunner.java:632)
	at org.testng.SuiteRunner.runTest(SuiteRunner.java:366)
	at org.testng.SuiteRunner.runSequentially(SuiteRunner.java:361)
	at org.testng.SuiteRunner.privateRun(SuiteRunner.java:319)
	at org.testng.SuiteRunner.run(SuiteRunner.java:268)
	at org.testng.SuiteRunnerWorker.runSuite(SuiteRunnerWorker.java:52)
	at org.testng.SuiteRunnerWorker.run(SuiteRunnerWorker.java:86)
	at org.testng.TestNG.runSuitesSequentially(TestNG.java:1244)
	at org.testng.TestNG.runSuitesLocally(TestNG.java:1169)
	at org.testng.TestNG.run(TestNG.java:1064)
	at org.apache.maven.surefire.testng.TestNGExecutor.run(TestNGExecutor.java:283)
	at org.apache.maven.surefire.testng.TestNGXmlTestSuite.execute(TestNGXmlTestSuite.java:75)
	at org.apache.maven.surefire.testng.TestNGProvider.invoke(TestNGProvider.java:120)
	at org.apache.maven.surefire.booter.ForkedBooter.invokeProviderInSameClassLoader(ForkedBooter.java:373)
	at org.apache.maven.surefire.booter.ForkedBooter.runSuitesInProcess(ForkedBooter.java:334)
	at org.apache.maven.surefire.booter.ForkedBooter.execute(ForkedBooter.java:119)
	at org.apache.maven.surefire.booter.ForkedBooter.main(ForkedBooter.java:407)
</pre></div></td>
<td>0</td>
<td>com.javademo.cases.testOrder2@30b7c004</td></tr>
<tr>
<td title='com.javademo.cases.testOrder2.order_46()'><b>order_46</b><br>Test class: com.javademo.cases.testOrder2</td>
<td><div><pre>java.lang.IllegalArgumentException: Invalid key code
	at sun.awt.windows.WRobotPeer.keyPress(Native Method)
	at java.awt.Robot.keyPress(Robot.java:354)
	at com.javademo.pages.GaodunOrderPage.getRefresh(GaodunOrderPage.java:991)
	at com.javademo.pages.GaodunOrderPage.getOrderByPhone(GaodunOrderPage.java:1013)
	at com.javademo.pages.GaodunOrderPage.orderPay_40(GaodunOrderPage.java:452)
	at com.javademo.cases.testOrder2.order_46(testOrder2.java:125)
... Removed 28 stack frames</pre></div><a href='#' onClick='toggleBox("stack-trace954702563", this, "Click to show all stack frames", "Click to hide stack frames")'>Click to show all stack frames</a>
<div class='stack-trace' id='stack-trace954702563'><pre>java.lang.IllegalArgumentException: Invalid key code
	at sun.awt.windows.WRobotPeer.keyPress(Native Method)
	at java.awt.Robot.keyPress(Robot.java:354)
	at com.javademo.pages.GaodunOrderPage.getRefresh(GaodunOrderPage.java:991)
	at com.javademo.pages.GaodunOrderPage.getOrderByPhone(GaodunOrderPage.java:1013)
	at com.javademo.pages.GaodunOrderPage.orderPay_40(GaodunOrderPage.java:452)
	at com.javademo.cases.testOrder2.order_46(testOrder2.java:125)
	at sun.reflect.NativeMethodAccessorImpl.invoke0(Native Method)
	at sun.reflect.NativeMethodAccessorImpl.invoke(NativeMethodAccessorImpl.java:62)
	at sun.reflect.DelegatingMethodAccessorImpl.invoke(DelegatingMethodAccessorImpl.java:43)
	at java.lang.reflect.Method.invoke(Method.java:498)
	at org.testng.internal.MethodInvocationHelper.invokeMethod(MethodInvocationHelper.java:86)
	at org.testng.internal.Invoker.invokeMethod(Invoker.java:643)
	at org.testng.internal.Invoker.invokeTestMethod(Invoker.java:820)
	at org.testng.internal.Invoker.invokeTestMethods(Invoker.java:1128)
	at org.testng.internal.TestMethodWorker.invokeTestMethods(TestMethodWorker.java:129)
	at org.testng.internal.TestMethodWorker.run(TestMethodWorker.java:112)
	at org.testng.TestRunner.privateRun(TestRunner.java:782)
	at org.testng.TestRunner.run(TestRunner.java:632)
	at org.testng.SuiteRunner.runTest(SuiteRunner.java:366)
	at org.testng.SuiteRunner.runSequentially(SuiteRunner.java:361)
	at org.testng.SuiteRunner.privateRun(SuiteRunner.java:319)
	at org.testng.SuiteRunner.run(SuiteRunner.java:268)
	at org.testng.SuiteRunnerWorker.runSuite(SuiteRunnerWorker.java:52)
	at org.testng.SuiteRunnerWorker.run(SuiteRunnerWorker.java:86)
	at org.testng.TestNG.runSuitesSequentially(TestNG.java:1244)
	at org.testng.TestNG.runSuitesLocally(TestNG.java:1169)
	at org.testng.TestNG.run(TestNG.java:1064)
	at org.apache.maven.surefire.testng.TestNGExecutor.run(TestNGExecutor.java:283)
	at org.apache.maven.surefire.testng.TestNGXmlTestSuite.execute(TestNGXmlTestSuite.java:75)
	at org.apache.maven.surefire.testng.TestNGProvider.invoke(TestNGProvider.java:120)
	at org.apache.maven.surefire.booter.ForkedBooter.invokeProviderInSameClassLoader(ForkedBooter.java:373)
	at org.apache.maven.surefire.booter.ForkedBooter.runSuitesInProcess(ForkedBooter.java:334)
	at org.apache.maven.surefire.booter.ForkedBooter.execute(ForkedBooter.java:119)
	at org.apache.maven.surefire.booter.ForkedBooter.main(ForkedBooter.java:407)
</pre></div></td>
<td>0</td>
<td>com.javademo.cases.testOrder2@30b7c004</td></tr>
<tr>
<td title='com.javademo.cases.testOrder2.order_46_1()'><b>order_46_1</b><br>Test class: com.javademo.cases.testOrder2</td>
<td><div><pre>java.lang.IllegalArgumentException: Invalid key code
	at sun.awt.windows.WRobotPeer.keyPress(Native Method)
	at java.awt.Robot.keyPress(Robot.java:354)
	at com.javademo.pages.GaodunOrderPage.getRefresh(GaodunOrderPage.java:991)
	at com.javademo.pages.GaodunOrderPage.getOrderByPhone(GaodunOrderPage.java:1013)
	at com.javademo.pages.GaodunOrderPage.orderPay_40(GaodunOrderPage.java:452)
	at com.javademo.cases.testOrder2.order_46_1(testOrder2.java:201)
... Removed 28 stack frames</pre></div><a href='#' onClick='toggleBox("stack-trace793138072", this, "Click to show all stack frames", "Click to hide stack frames")'>Click to show all stack frames</a>
<div class='stack-trace' id='stack-trace793138072'><pre>java.lang.IllegalArgumentException: Invalid key code
	at sun.awt.windows.WRobotPeer.keyPress(Native Method)
	at java.awt.Robot.keyPress(Robot.java:354)
	at com.javademo.pages.GaodunOrderPage.getRefresh(GaodunOrderPage.java:991)
	at com.javademo.pages.GaodunOrderPage.getOrderByPhone(GaodunOrderPage.java:1013)
	at com.javademo.pages.GaodunOrderPage.orderPay_40(GaodunOrderPage.java:452)
	at com.javademo.cases.testOrder2.order_46_1(testOrder2.java:201)
	at sun.reflect.NativeMethodAccessorImpl.invoke0(Native Method)
	at sun.reflect.NativeMethodAccessorImpl.invoke(NativeMethodAccessorImpl.java:62)
	at sun.reflect.DelegatingMethodAccessorImpl.invoke(DelegatingMethodAccessorImpl.java:43)
	at java.lang.reflect.Method.invoke(Method.java:498)
	at org.testng.internal.MethodInvocationHelper.invokeMethod(MethodInvocationHelper.java:86)
	at org.testng.internal.Invoker.invokeMethod(Invoker.java:643)
	at org.testng.internal.Invoker.invokeTestMethod(Invoker.java:820)
	at org.testng.internal.Invoker.invokeTestMethods(Invoker.java:1128)
	at org.testng.internal.TestMethodWorker.invokeTestMethods(TestMethodWorker.java:129)
	at org.testng.internal.TestMethodWorker.run(TestMethodWorker.java:112)
	at org.testng.TestRunner.privateRun(TestRunner.java:782)
	at org.testng.TestRunner.run(TestRunner.java:632)
	at org.testng.SuiteRunner.runTest(SuiteRunner.java:366)
	at org.testng.SuiteRunner.runSequentially(SuiteRunner.java:361)
	at org.testng.SuiteRunner.privateRun(SuiteRunner.java:319)
	at org.testng.SuiteRunner.run(SuiteRunner.java:268)
	at org.testng.SuiteRunnerWorker.runSuite(SuiteRunnerWorker.java:52)
	at org.testng.SuiteRunnerWorker.run(SuiteRunnerWorker.java:86)
	at org.testng.TestNG.runSuitesSequentially(TestNG.java:1244)
	at org.testng.TestNG.runSuitesLocally(TestNG.java:1169)
	at org.testng.TestNG.run(TestNG.java:1064)
	at org.apache.maven.surefire.testng.TestNGExecutor.run(TestNGExecutor.java:283)
	at org.apache.maven.surefire.testng.TestNGXmlTestSuite.execute(TestNGXmlTestSuite.java:75)
	at org.apache.maven.surefire.testng.TestNGProvider.invoke(TestNGProvider.java:120)
	at org.apache.maven.surefire.booter.ForkedBooter.invokeProviderInSameClassLoader(ForkedBooter.java:373)
	at org.apache.maven.surefire.booter.ForkedBooter.runSuitesInProcess(ForkedBooter.java:334)
	at org.apache.maven.surefire.booter.ForkedBooter.execute(ForkedBooter.java:119)
	at org.apache.maven.surefire.booter.ForkedBooter.main(ForkedBooter.java:407)
</pre></div></td>
<td>0</td>
<td>com.javademo.cases.testOrder2@30b7c004</td></tr>
<tr>
<td title='com.javademo.cases.testOrder2.order_46_2()'><b>order_46_2</b><br>Test class: com.javademo.cases.testOrder2</td>
<td><div><pre>java.lang.IllegalArgumentException: Invalid key code
	at sun.awt.windows.WRobotPeer.keyPress(Native Method)
	at java.awt.Robot.keyPress(Robot.java:354)
	at com.javademo.pages.GaodunOrderPage.getRefresh(GaodunOrderPage.java:991)
	at com.javademo.pages.GaodunOrderPage.getOrderByPhone(GaodunOrderPage.java:1013)
	at com.javademo.pages.GaodunOrderPage.orderPay_40(GaodunOrderPage.java:452)
	at com.javademo.cases.testOrder2.order_46_2(testOrder2.java:220)
... Removed 28 stack frames</pre></div><a href='#' onClick='toggleBox("stack-trace101775274", this, "Click to show all stack frames", "Click to hide stack frames")'>Click to show all stack frames</a>
<div class='stack-trace' id='stack-trace101775274'><pre>java.lang.IllegalArgumentException: Invalid key code
	at sun.awt.windows.WRobotPeer.keyPress(Native Method)
	at java.awt.Robot.keyPress(Robot.java:354)
	at com.javademo.pages.GaodunOrderPage.getRefresh(GaodunOrderPage.java:991)
	at com.javademo.pages.GaodunOrderPage.getOrderByPhone(GaodunOrderPage.java:1013)
	at com.javademo.pages.GaodunOrderPage.orderPay_40(GaodunOrderPage.java:452)
	at com.javademo.cases.testOrder2.order_46_2(testOrder2.java:220)
	at sun.reflect.NativeMethodAccessorImpl.invoke0(Native Method)
	at sun.reflect.NativeMethodAccessorImpl.invoke(NativeMethodAccessorImpl.java:62)
	at sun.reflect.DelegatingMethodAccessorImpl.invoke(DelegatingMethodAccessorImpl.java:43)
	at java.lang.reflect.Method.invoke(Method.java:498)
	at org.testng.internal.MethodInvocationHelper.invokeMethod(MethodInvocationHelper.java:86)
	at org.testng.internal.Invoker.invokeMethod(Invoker.java:643)
	at org.testng.internal.Invoker.invokeTestMethod(Invoker.java:820)
	at org.testng.internal.Invoker.invokeTestMethods(Invoker.java:1128)
	at org.testng.internal.TestMethodWorker.invokeTestMethods(TestMethodWorker.java:129)
	at org.testng.internal.TestMethodWorker.run(TestMethodWorker.java:112)
	at org.testng.TestRunner.privateRun(TestRunner.java:782)
	at org.testng.TestRunner.run(TestRunner.java:632)
	at org.testng.SuiteRunner.runTest(SuiteRunner.java:366)
	at org.testng.SuiteRunner.runSequentially(SuiteRunner.java:361)
	at org.testng.SuiteRunner.privateRun(SuiteRunner.java:319)
	at org.testng.SuiteRunner.run(SuiteRunner.java:268)
	at org.testng.SuiteRunnerWorker.runSuite(SuiteRunnerWorker.java:52)
	at org.testng.SuiteRunnerWorker.run(SuiteRunnerWorker.java:86)
	at org.testng.TestNG.runSuitesSequentially(TestNG.java:1244)
	at org.testng.TestNG.runSuitesLocally(TestNG.java:1169)
	at org.testng.TestNG.run(TestNG.java:1064)
	at org.apache.maven.surefire.testng.TestNGExecutor.run(TestNGExecutor.java:283)
	at org.apache.maven.surefire.testng.TestNGXmlTestSuite.execute(TestNGXmlTestSuite.java:75)
	at org.apache.maven.surefire.testng.TestNGProvider.invoke(TestNGProvider.java:120)
	at org.apache.maven.surefire.booter.ForkedBooter.invokeProviderInSameClassLoader(ForkedBooter.java:373)
	at org.apache.maven.surefire.booter.ForkedBooter.runSuitesInProcess(ForkedBooter.java:334)
	at org.apache.maven.surefire.booter.ForkedBooter.execute(ForkedBooter.java:119)
	at org.apache.maven.surefire.booter.ForkedBooter.main(ForkedBooter.java:407)
</pre></div></td>
<td>0</td>
<td>com.javademo.cases.testOrder2@30b7c004</td></tr>
<tr>
<td title='com.javademo.cases.testOrder2.order_46_3()'><b>order_46_3</b><br>Test class: com.javademo.cases.testOrder2</td>
<td><div><pre>java.lang.IllegalArgumentException: Invalid key code
	at sun.awt.windows.WRobotPeer.keyPress(Native Method)
	at java.awt.Robot.keyPress(Robot.java:354)
	at com.javademo.pages.GaodunOrderPage.getRefresh(GaodunOrderPage.java:991)
	at com.javademo.pages.GaodunOrderPage.getOrderByPhone(GaodunOrderPage.java:1013)
	at com.javademo.pages.GaodunOrderPage.orderPay_40(GaodunOrderPage.java:452)
	at com.javademo.cases.testOrder2.order_46_3(testOrder2.java:239)
... Removed 28 stack frames</pre></div><a href='#' onClick='toggleBox("stack-trace396883763", this, "Click to show all stack frames", "Click to hide stack frames")'>Click to show all stack frames</a>
<div class='stack-trace' id='stack-trace396883763'><pre>java.lang.IllegalArgumentException: Invalid key code
	at sun.awt.windows.WRobotPeer.keyPress(Native Method)
	at java.awt.Robot.keyPress(Robot.java:354)
	at com.javademo.pages.GaodunOrderPage.getRefresh(GaodunOrderPage.java:991)
	at com.javademo.pages.GaodunOrderPage.getOrderByPhone(GaodunOrderPage.java:1013)
	at com.javademo.pages.GaodunOrderPage.orderPay_40(GaodunOrderPage.java:452)
	at com.javademo.cases.testOrder2.order_46_3(testOrder2.java:239)
	at sun.reflect.NativeMethodAccessorImpl.invoke0(Native Method)
	at sun.reflect.NativeMethodAccessorImpl.invoke(NativeMethodAccessorImpl.java:62)
	at sun.reflect.DelegatingMethodAccessorImpl.invoke(DelegatingMethodAccessorImpl.java:43)
	at java.lang.reflect.Method.invoke(Method.java:498)
	at org.testng.internal.MethodInvocationHelper.invokeMethod(MethodInvocationHelper.java:86)
	at org.testng.internal.Invoker.invokeMethod(Invoker.java:643)
	at org.testng.internal.Invoker.invokeTestMethod(Invoker.java:820)
	at org.testng.internal.Invoker.invokeTestMethods(Invoker.java:1128)
	at org.testng.internal.TestMethodWorker.invokeTestMethods(TestMethodWorker.java:129)
	at org.testng.internal.TestMethodWorker.run(TestMethodWorker.java:112)
	at org.testng.TestRunner.privateRun(TestRunner.java:782)
	at org.testng.TestRunner.run(TestRunner.java:632)
	at org.testng.SuiteRunner.runTest(SuiteRunner.java:366)
	at org.testng.SuiteRunner.runSequentially(SuiteRunner.java:361)
	at org.testng.SuiteRunner.privateRun(SuiteRunner.java:319)
	at org.testng.SuiteRunner.run(SuiteRunner.java:268)
	at org.testng.SuiteRunnerWorker.runSuite(SuiteRunnerWorker.java:52)
	at org.testng.SuiteRunnerWorker.run(SuiteRunnerWorker.java:86)
	at org.testng.TestNG.runSuitesSequentially(TestNG.java:1244)
	at org.testng.TestNG.runSuitesLocally(TestNG.java:1169)
	at org.testng.TestNG.run(TestNG.java:1064)
	at org.apache.maven.surefire.testng.TestNGExecutor.run(TestNGExecutor.java:283)
	at org.apache.maven.surefire.testng.TestNGXmlTestSuite.execute(TestNGXmlTestSuite.java:75)
	at org.apache.maven.surefire.testng.TestNGProvider.invoke(TestNGProvider.java:120)
	at org.apache.maven.surefire.booter.ForkedBooter.invokeProviderInSameClassLoader(ForkedBooter.java:373)
	at org.apache.maven.surefire.booter.ForkedBooter.runSuitesInProcess(ForkedBooter.java:334)
	at org.apache.maven.surefire.booter.ForkedBooter.execute(ForkedBooter.java:119)
	at org.apache.maven.surefire.booter.ForkedBooter.main(ForkedBooter.java:407)
</pre></div></td>
<td>0</td>
<td>com.javademo.cases.testOrder2@30b7c004</td></tr>
<tr>
<td title='com.javademo.cases.testOrder2.order_46_4()'><b>order_46_4</b><br>Test class: com.javademo.cases.testOrder2</td>
<td><div><pre>java.lang.IllegalArgumentException: Invalid key code
	at sun.awt.windows.WRobotPeer.keyPress(Native Method)
	at java.awt.Robot.keyPress(Robot.java:354)
	at com.javademo.pages.GaodunOrderPage.getRefresh(GaodunOrderPage.java:991)
	at com.javademo.pages.GaodunOrderPage.getOrderByPhone(GaodunOrderPage.java:1013)
	at com.javademo.pages.GaodunOrderPage.orderPay_40(GaodunOrderPage.java:452)
	at com.javademo.cases.testOrder2.order_46_4(testOrder2.java:253)
... Removed 28 stack frames</pre></div><a href='#' onClick='toggleBox("stack-trace961160488", this, "Click to show all stack frames", "Click to hide stack frames")'>Click to show all stack frames</a>
<div class='stack-trace' id='stack-trace961160488'><pre>java.lang.IllegalArgumentException: Invalid key code
	at sun.awt.windows.WRobotPeer.keyPress(Native Method)
	at java.awt.Robot.keyPress(Robot.java:354)
	at com.javademo.pages.GaodunOrderPage.getRefresh(GaodunOrderPage.java:991)
	at com.javademo.pages.GaodunOrderPage.getOrderByPhone(GaodunOrderPage.java:1013)
	at com.javademo.pages.GaodunOrderPage.orderPay_40(GaodunOrderPage.java:452)
	at com.javademo.cases.testOrder2.order_46_4(testOrder2.java:253)
	at sun.reflect.NativeMethodAccessorImpl.invoke0(Native Method)
	at sun.reflect.NativeMethodAccessorImpl.invoke(NativeMethodAccessorImpl.java:62)
	at sun.reflect.DelegatingMethodAccessorImpl.invoke(DelegatingMethodAccessorImpl.java:43)
	at java.lang.reflect.Method.invoke(Method.java:498)
	at org.testng.internal.MethodInvocationHelper.invokeMethod(MethodInvocationHelper.java:86)
	at org.testng.internal.Invoker.invokeMethod(Invoker.java:643)
	at org.testng.internal.Invoker.invokeTestMethod(Invoker.java:820)
	at org.testng.internal.Invoker.invokeTestMethods(Invoker.java:1128)
	at org.testng.internal.TestMethodWorker.invokeTestMethods(TestMethodWorker.java:129)
	at org.testng.internal.TestMethodWorker.run(TestMethodWorker.java:112)
	at org.testng.TestRunner.privateRun(TestRunner.java:782)
	at org.testng.TestRunner.run(TestRunner.java:632)
	at org.testng.SuiteRunner.runTest(SuiteRunner.java:366)
	at org.testng.SuiteRunner.runSequentially(SuiteRunner.java:361)
	at org.testng.SuiteRunner.privateRun(SuiteRunner.java:319)
	at org.testng.SuiteRunner.run(SuiteRunner.java:268)
	at org.testng.SuiteRunnerWorker.runSuite(SuiteRunnerWorker.java:52)
	at org.testng.SuiteRunnerWorker.run(SuiteRunnerWorker.java:86)
	at org.testng.TestNG.runSuitesSequentially(TestNG.java:1244)
	at org.testng.TestNG.runSuitesLocally(TestNG.java:1169)
	at org.testng.TestNG.run(TestNG.java:1064)
	at org.apache.maven.surefire.testng.TestNGExecutor.run(TestNGExecutor.java:283)
	at org.apache.maven.surefire.testng.TestNGXmlTestSuite.execute(TestNGXmlTestSuite.java:75)
	at org.apache.maven.surefire.testng.TestNGProvider.invoke(TestNGProvider.java:120)
	at org.apache.maven.surefire.booter.ForkedBooter.invokeProviderInSameClassLoader(ForkedBooter.java:373)
	at org.apache.maven.surefire.booter.ForkedBooter.runSuitesInProcess(ForkedBooter.java:334)
	at org.apache.maven.surefire.booter.ForkedBooter.execute(ForkedBooter.java:119)
	at org.apache.maven.surefire.booter.ForkedBooter.main(ForkedBooter.java:407)
</pre></div></td>
<td>0</td>
<td>com.javademo.cases.testOrder2@30b7c004</td></tr>
<tr>
<td title='com.javademo.cases.testOrder2.order_46_5()'><b>order_46_5</b><br>Test class: com.javademo.cases.testOrder2</td>
<td><div><pre>java.lang.IllegalArgumentException: Invalid key code
	at sun.awt.windows.WRobotPeer.keyPress(Native Method)
	at java.awt.Robot.keyPress(Robot.java:354)
	at com.javademo.pages.GaodunOrderPage.getRefresh(GaodunOrderPage.java:991)
	at com.javademo.pages.GaodunOrderPage.getOrderByPhone(GaodunOrderPage.java:1013)
	at com.javademo.pages.GaodunOrderPage.orderPay_40(GaodunOrderPage.java:452)
	at com.javademo.cases.testOrder2.order_46_5(testOrder2.java:280)
... Removed 28 stack frames</pre></div><a href='#' onClick='toggleBox("stack-trace265321659", this, "Click to show all stack frames", "Click to hide stack frames")'>Click to show all stack frames</a>
<div class='stack-trace' id='stack-trace265321659'><pre>java.lang.IllegalArgumentException: Invalid key code
	at sun.awt.windows.WRobotPeer.keyPress(Native Method)
	at java.awt.Robot.keyPress(Robot.java:354)
	at com.javademo.pages.GaodunOrderPage.getRefresh(GaodunOrderPage.java:991)
	at com.javademo.pages.GaodunOrderPage.getOrderByPhone(GaodunOrderPage.java:1013)
	at com.javademo.pages.GaodunOrderPage.orderPay_40(GaodunOrderPage.java:452)
	at com.javademo.cases.testOrder2.order_46_5(testOrder2.java:280)
	at sun.reflect.NativeMethodAccessorImpl.invoke0(Native Method)
	at sun.reflect.NativeMethodAccessorImpl.invoke(NativeMethodAccessorImpl.java:62)
	at sun.reflect.DelegatingMethodAccessorImpl.invoke(DelegatingMethodAccessorImpl.java:43)
	at java.lang.reflect.Method.invoke(Method.java:498)
	at org.testng.internal.MethodInvocationHelper.invokeMethod(MethodInvocationHelper.java:86)
	at org.testng.internal.Invoker.invokeMethod(Invoker.java:643)
	at org.testng.internal.Invoker.invokeTestMethod(Invoker.java:820)
	at org.testng.internal.Invoker.invokeTestMethods(Invoker.java:1128)
	at org.testng.internal.TestMethodWorker.invokeTestMethods(TestMethodWorker.java:129)
	at org.testng.internal.TestMethodWorker.run(TestMethodWorker.java:112)
	at org.testng.TestRunner.privateRun(TestRunner.java:782)
	at org.testng.TestRunner.run(TestRunner.java:632)
	at org.testng.SuiteRunner.runTest(SuiteRunner.java:366)
	at org.testng.SuiteRunner.runSequentially(SuiteRunner.java:361)
	at org.testng.SuiteRunner.privateRun(SuiteRunner.java:319)
	at org.testng.SuiteRunner.run(SuiteRunner.java:268)
	at org.testng.SuiteRunnerWorker.runSuite(SuiteRunnerWorker.java:52)
	at org.testng.SuiteRunnerWorker.run(SuiteRunnerWorker.java:86)
	at org.testng.TestNG.runSuitesSequentially(TestNG.java:1244)
	at org.testng.TestNG.runSuitesLocally(TestNG.java:1169)
	at org.testng.TestNG.run(TestNG.java:1064)
	at org.apache.maven.surefire.testng.TestNGExecutor.run(TestNGExecutor.java:283)
	at org.apache.maven.surefire.testng.TestNGXmlTestSuite.execute(TestNGXmlTestSuite.java:75)
	at org.apache.maven.surefire.testng.TestNGProvider.invoke(TestNGProvider.java:120)
	at org.apache.maven.surefire.booter.ForkedBooter.invokeProviderInSameClassLoader(ForkedBooter.java:373)
	at org.apache.maven.surefire.booter.ForkedBooter.runSuitesInProcess(ForkedBooter.java:334)
	at org.apache.maven.surefire.booter.ForkedBooter.execute(ForkedBooter.java:119)
	at org.apache.maven.surefire.booter.ForkedBooter.main(ForkedBooter.java:407)
</pre></div></td>
<td>0</td>
<td>com.javademo.cases.testOrder2@30b7c004</td></tr>
<tr>
<td title='com.javademo.cases.testOrder2.order_46_6()'><b>order_46_6</b><br>Test class: com.javademo.cases.testOrder2</td>
<td><div><pre>java.lang.IllegalArgumentException: Invalid key code
	at sun.awt.windows.WRobotPeer.keyPress(Native Method)
	at java.awt.Robot.keyPress(Robot.java:354)
	at com.javademo.pages.GaodunOrderPage.getRefresh(GaodunOrderPage.java:991)
	at com.javademo.pages.GaodunOrderPage.getOrderByPhone(GaodunOrderPage.java:1013)
	at com.javademo.pages.GaodunOrderPage.orderPay_40(GaodunOrderPage.java:452)
	at com.javademo.cases.testOrder2.order_46_6(testOrder2.java:301)
... Removed 28 stack frames</pre></div><a href='#' onClick='toggleBox("stack-trace2001223946", this, "Click to show all stack frames", "Click to hide stack frames")'>Click to show all stack frames</a>
<div class='stack-trace' id='stack-trace2001223946'><pre>java.lang.IllegalArgumentException: Invalid key code
	at sun.awt.windows.WRobotPeer.keyPress(Native Method)
	at java.awt.Robot.keyPress(Robot.java:354)
	at com.javademo.pages.GaodunOrderPage.getRefresh(GaodunOrderPage.java:991)
	at com.javademo.pages.GaodunOrderPage.getOrderByPhone(GaodunOrderPage.java:1013)
	at com.javademo.pages.GaodunOrderPage.orderPay_40(GaodunOrderPage.java:452)
	at com.javademo.cases.testOrder2.order_46_6(testOrder2.java:301)
	at sun.reflect.NativeMethodAccessorImpl.invoke0(Native Method)
	at sun.reflect.NativeMethodAccessorImpl.invoke(NativeMethodAccessorImpl.java:62)
	at sun.reflect.DelegatingMethodAccessorImpl.invoke(DelegatingMethodAccessorImpl.java:43)
	at java.lang.reflect.Method.invoke(Method.java:498)
	at org.testng.internal.MethodInvocationHelper.invokeMethod(MethodInvocationHelper.java:86)
	at org.testng.internal.Invoker.invokeMethod(Invoker.java:643)
	at org.testng.internal.Invoker.invokeTestMethod(Invoker.java:820)
	at org.testng.internal.Invoker.invokeTestMethods(Invoker.java:1128)
	at org.testng.internal.TestMethodWorker.invokeTestMethods(TestMethodWorker.java:129)
	at org.testng.internal.TestMethodWorker.run(TestMethodWorker.java:112)
	at org.testng.TestRunner.privateRun(TestRunner.java:782)
	at org.testng.TestRunner.run(TestRunner.java:632)
	at org.testng.SuiteRunner.runTest(SuiteRunner.java:366)
	at org.testng.SuiteRunner.runSequentially(SuiteRunner.java:361)
	at org.testng.SuiteRunner.privateRun(SuiteRunner.java:319)
	at org.testng.SuiteRunner.run(SuiteRunner.java:268)
	at org.testng.SuiteRunnerWorker.runSuite(SuiteRunnerWorker.java:52)
	at org.testng.SuiteRunnerWorker.run(SuiteRunnerWorker.java:86)
	at org.testng.TestNG.runSuitesSequentially(TestNG.java:1244)
	at org.testng.TestNG.runSuitesLocally(TestNG.java:1169)
	at org.testng.TestNG.run(TestNG.java:1064)
	at org.apache.maven.surefire.testng.TestNGExecutor.run(TestNGExecutor.java:283)
	at org.apache.maven.surefire.testng.TestNGXmlTestSuite.execute(TestNGXmlTestSuite.java:75)
	at org.apache.maven.surefire.testng.TestNGProvider.invoke(TestNGProvider.java:120)
	at org.apache.maven.surefire.booter.ForkedBooter.invokeProviderInSameClassLoader(ForkedBooter.java:373)
	at org.apache.maven.surefire.booter.ForkedBooter.runSuitesInProcess(ForkedBooter.java:334)
	at org.apache.maven.surefire.booter.ForkedBooter.execute(ForkedBooter.java:119)
	at org.apache.maven.surefire.booter.ForkedBooter.main(ForkedBooter.java:407)
</pre></div></td>
<td>0</td>
<td>com.javademo.cases.testOrder2@30b7c004</td></tr>
<tr>
<td title='com.javademo.cases.testOrder2.order_50()'><b>order_50</b><br>Test class: com.javademo.cases.testOrder2</td>
<td><div><pre>java.lang.IllegalArgumentException: Invalid key code
	at sun.awt.windows.WRobotPeer.keyPress(Native Method)
	at java.awt.Robot.keyPress(Robot.java:354)
	at com.javademo.pages.GaodunOrderPage.getRefresh(GaodunOrderPage.java:991)
	at com.javademo.pages.GaodunOrderPage.getOrderByPhone(GaodunOrderPage.java:1013)
	at com.javademo.pages.GaodunOrderPage.orderPay_40(GaodunOrderPage.java:452)
	at com.javademo.cases.testOrder2.order_50(testOrder2.java:163)
... Removed 28 stack frames</pre></div><a href='#' onClick='toggleBox("stack-trace2063763486", this, "Click to show all stack frames", "Click to hide stack frames")'>Click to show all stack frames</a>
<div class='stack-trace' id='stack-trace2063763486'><pre>java.lang.IllegalArgumentException: Invalid key code
	at sun.awt.windows.WRobotPeer.keyPress(Native Method)
	at java.awt.Robot.keyPress(Robot.java:354)
	at com.javademo.pages.GaodunOrderPage.getRefresh(GaodunOrderPage.java:991)
	at com.javademo.pages.GaodunOrderPage.getOrderByPhone(GaodunOrderPage.java:1013)
	at com.javademo.pages.GaodunOrderPage.orderPay_40(GaodunOrderPage.java:452)
	at com.javademo.cases.testOrder2.order_50(testOrder2.java:163)
	at sun.reflect.NativeMethodAccessorImpl.invoke0(Native Method)
	at sun.reflect.NativeMethodAccessorImpl.invoke(NativeMethodAccessorImpl.java:62)
	at sun.reflect.DelegatingMethodAccessorImpl.invoke(DelegatingMethodAccessorImpl.java:43)
	at java.lang.reflect.Method.invoke(Method.java:498)
	at org.testng.internal.MethodInvocationHelper.invokeMethod(MethodInvocationHelper.java:86)
	at org.testng.internal.Invoker.invokeMethod(Invoker.java:643)
	at org.testng.internal.Invoker.invokeTestMethod(Invoker.java:820)
	at org.testng.internal.Invoker.invokeTestMethods(Invoker.java:1128)
	at org.testng.internal.TestMethodWorker.invokeTestMethods(TestMethodWorker.java:129)
	at org.testng.internal.TestMethodWorker.run(TestMethodWorker.java:112)
	at org.testng.TestRunner.privateRun(TestRunner.java:782)
	at org.testng.TestRunner.run(TestRunner.java:632)
	at org.testng.SuiteRunner.runTest(SuiteRunner.java:366)
	at org.testng.SuiteRunner.runSequentially(SuiteRunner.java:361)
	at org.testng.SuiteRunner.privateRun(SuiteRunner.java:319)
	at org.testng.SuiteRunner.run(SuiteRunner.java:268)
	at org.testng.SuiteRunnerWorker.runSuite(SuiteRunnerWorker.java:52)
	at org.testng.SuiteRunnerWorker.run(SuiteRunnerWorker.java:86)
	at org.testng.TestNG.runSuitesSequentially(TestNG.java:1244)
	at org.testng.TestNG.runSuitesLocally(TestNG.java:1169)
	at org.testng.TestNG.run(TestNG.java:1064)
	at org.apache.maven.surefire.testng.TestNGExecutor.run(TestNGExecutor.java:283)
	at org.apache.maven.surefire.testng.TestNGXmlTestSuite.execute(TestNGXmlTestSuite.java:75)
	at org.apache.maven.surefire.testng.TestNGProvider.invoke(TestNGProvider.java:120)
	at org.apache.maven.surefire.booter.ForkedBooter.invokeProviderInSameClassLoader(ForkedBooter.java:373)
	at org.apache.maven.surefire.booter.ForkedBooter.runSuitesInProcess(ForkedBooter.java:334)
	at org.apache.maven.surefire.booter.ForkedBooter.execute(ForkedBooter.java:119)
	at org.apache.maven.surefire.booter.ForkedBooter.main(ForkedBooter.java:407)
</pre></div></td>
<td>0</td>
<td>com.javademo.cases.testOrder2@30b7c004</td></tr>
<tr>
<td title='com.javademo.cases.testOrder2.order_58()'><b>order_58</b><br>Test class: com.javademo.cases.testOrder2</td>
<td><div><pre>java.lang.IllegalArgumentException: Invalid key code
	at sun.awt.windows.WRobotPeer.keyPress(Native Method)
	at java.awt.Robot.keyPress(Robot.java:354)
	at com.javademo.pages.GaodunOrderPage.getRefresh(GaodunOrderPage.java:991)
	at com.javademo.pages.GaodunOrderPage.audit(GaodunOrderPage.java:1046)
	at com.javademo.pages.GaodunOrderPage.orderPay_58(GaodunOrderPage.java:589)
	at com.javademo.cases.testOrder2.order_58(testOrder2.java:169)
... Removed 28 stack frames</pre></div><a href='#' onClick='toggleBox("stack-trace1007412025", this, "Click to show all stack frames", "Click to hide stack frames")'>Click to show all stack frames</a>
<div class='stack-trace' id='stack-trace1007412025'><pre>java.lang.IllegalArgumentException: Invalid key code
	at sun.awt.windows.WRobotPeer.keyPress(Native Method)
	at java.awt.Robot.keyPress(Robot.java:354)
	at com.javademo.pages.GaodunOrderPage.getRefresh(GaodunOrderPage.java:991)
	at com.javademo.pages.GaodunOrderPage.audit(GaodunOrderPage.java:1046)
	at com.javademo.pages.GaodunOrderPage.orderPay_58(GaodunOrderPage.java:589)
	at com.javademo.cases.testOrder2.order_58(testOrder2.java:169)
	at sun.reflect.NativeMethodAccessorImpl.invoke0(Native Method)
	at sun.reflect.NativeMethodAccessorImpl.invoke(NativeMethodAccessorImpl.java:62)
	at sun.reflect.DelegatingMethodAccessorImpl.invoke(DelegatingMethodAccessorImpl.java:43)
	at java.lang.reflect.Method.invoke(Method.java:498)
	at org.testng.internal.MethodInvocationHelper.invokeMethod(MethodInvocationHelper.java:86)
	at org.testng.internal.Invoker.invokeMethod(Invoker.java:643)
	at org.testng.internal.Invoker.invokeTestMethod(Invoker.java:820)
	at org.testng.internal.Invoker.invokeTestMethods(Invoker.java:1128)
	at org.testng.internal.TestMethodWorker.invokeTestMethods(TestMethodWorker.java:129)
	at org.testng.internal.TestMethodWorker.run(TestMethodWorker.java:112)
	at org.testng.TestRunner.privateRun(TestRunner.java:782)
	at org.testng.TestRunner.run(TestRunner.java:632)
	at org.testng.SuiteRunner.runTest(SuiteRunner.java:366)
	at org.testng.SuiteRunner.runSequentially(SuiteRunner.java:361)
	at org.testng.SuiteRunner.privateRun(SuiteRunner.java:319)
	at org.testng.SuiteRunner.run(SuiteRunner.java:268)
	at org.testng.SuiteRunnerWorker.runSuite(SuiteRunnerWorker.java:52)
	at org.testng.SuiteRunnerWorker.run(SuiteRunnerWorker.java:86)
	at org.testng.TestNG.runSuitesSequentially(TestNG.java:1244)
	at org.testng.TestNG.runSuitesLocally(TestNG.java:1169)
	at org.testng.TestNG.run(TestNG.java:1064)
	at org.apache.maven.surefire.testng.TestNGExecutor.run(TestNGExecutor.java:283)
	at org.apache.maven.surefire.testng.TestNGXmlTestSuite.execute(TestNGXmlTestSuite.java:75)
	at org.apache.maven.surefire.testng.TestNGProvider.invoke(TestNGProvider.java:120)
	at org.apache.maven.surefire.booter.ForkedBooter.invokeProviderInSameClassLoader(ForkedBooter.java:373)
	at org.apache.maven.surefire.booter.ForkedBooter.runSuitesInProcess(ForkedBooter.java:334)
	at org.apache.maven.surefire.booter.ForkedBooter.execute(ForkedBooter.java:119)
	at org.apache.maven.surefire.booter.ForkedBooter.main(ForkedBooter.java:407)
</pre></div></td>
<td>0</td>
<td>com.javademo.cases.testOrder2@30b7c004</td></tr>
<tr>
<td title='com.javademo.cases.testOrder2.order_58_1()'><b>order_58_1</b><br>Test class: com.javademo.cases.testOrder2</td>
<td><div><pre>java.lang.IllegalArgumentException: Invalid key code
	at sun.awt.windows.WRobotPeer.keyPress(Native Method)
	at java.awt.Robot.keyPress(Robot.java:354)
	at com.javademo.pages.GaodunOrderPage.getRefresh(GaodunOrderPage.java:991)
	at com.javademo.pages.GaodunOrderPage.audit(GaodunOrderPage.java:1046)
	at com.javademo.pages.GaodunOrderPage.orderPay_58(GaodunOrderPage.java:589)
	at com.javademo.cases.testOrder2.order_58_1(testOrder2.java:286)
... Removed 28 stack frames</pre></div><a href='#' onClick='toggleBox("stack-trace1050065615", this, "Click to show all stack frames", "Click to hide stack frames")'>Click to show all stack frames</a>
<div class='stack-trace' id='stack-trace1050065615'><pre>java.lang.IllegalArgumentException: Invalid key code
	at sun.awt.windows.WRobotPeer.keyPress(Native Method)
	at java.awt.Robot.keyPress(Robot.java:354)
	at com.javademo.pages.GaodunOrderPage.getRefresh(GaodunOrderPage.java:991)
	at com.javademo.pages.GaodunOrderPage.audit(GaodunOrderPage.java:1046)
	at com.javademo.pages.GaodunOrderPage.orderPay_58(GaodunOrderPage.java:589)
	at com.javademo.cases.testOrder2.order_58_1(testOrder2.java:286)
	at sun.reflect.NativeMethodAccessorImpl.invoke0(Native Method)
	at sun.reflect.NativeMethodAccessorImpl.invoke(NativeMethodAccessorImpl.java:62)
	at sun.reflect.DelegatingMethodAccessorImpl.invoke(DelegatingMethodAccessorImpl.java:43)
	at java.lang.reflect.Method.invoke(Method.java:498)
	at org.testng.internal.MethodInvocationHelper.invokeMethod(MethodInvocationHelper.java:86)
	at org.testng.internal.Invoker.invokeMethod(Invoker.java:643)
	at org.testng.internal.Invoker.invokeTestMethod(Invoker.java:820)
	at org.testng.internal.Invoker.invokeTestMethods(Invoker.java:1128)
	at org.testng.internal.TestMethodWorker.invokeTestMethods(TestMethodWorker.java:129)
	at org.testng.internal.TestMethodWorker.run(TestMethodWorker.java:112)
	at org.testng.TestRunner.privateRun(TestRunner.java:782)
	at org.testng.TestRunner.run(TestRunner.java:632)
	at org.testng.SuiteRunner.runTest(SuiteRunner.java:366)
	at org.testng.SuiteRunner.runSequentially(SuiteRunner.java:361)
	at org.testng.SuiteRunner.privateRun(SuiteRunner.java:319)
	at org.testng.SuiteRunner.run(SuiteRunner.java:268)
	at org.testng.SuiteRunnerWorker.runSuite(SuiteRunnerWorker.java:52)
	at org.testng.SuiteRunnerWorker.run(SuiteRunnerWorker.java:86)
	at org.testng.TestNG.runSuitesSequentially(TestNG.java:1244)
	at org.testng.TestNG.runSuitesLocally(TestNG.java:1169)
	at org.testng.TestNG.run(TestNG.java:1064)
	at org.apache.maven.surefire.testng.TestNGExecutor.run(TestNGExecutor.java:283)
	at org.apache.maven.surefire.testng.TestNGXmlTestSuite.execute(TestNGXmlTestSuite.java:75)
	at org.apache.maven.surefire.testng.TestNGProvider.invoke(TestNGProvider.java:120)
	at org.apache.maven.surefire.booter.ForkedBooter.invokeProviderInSameClassLoader(ForkedBooter.java:373)
	at org.apache.maven.surefire.booter.ForkedBooter.runSuitesInProcess(ForkedBooter.java:334)
	at org.apache.maven.surefire.booter.ForkedBooter.execute(ForkedBooter.java:119)
	at org.apache.maven.surefire.booter.ForkedBooter.main(ForkedBooter.java:407)
</pre></div></td>
<td>0</td>
<td>com.javademo.cases.testOrder2@30b7c004</td></tr>
<tr>
<td title='com.javademo.cases.testOrder2.order_58_2()'><b>order_58_2</b><br>Test class: com.javademo.cases.testOrder2</td>
<td><div><pre>java.lang.IllegalArgumentException: Invalid key code
	at sun.awt.windows.WRobotPeer.keyPress(Native Method)
	at java.awt.Robot.keyPress(Robot.java:354)
	at com.javademo.pages.GaodunOrderPage.getRefresh(GaodunOrderPage.java:991)
	at com.javademo.pages.GaodunOrderPage.audit(GaodunOrderPage.java:1046)
	at com.javademo.pages.GaodunOrderPage.orderPay_58(GaodunOrderPage.java:589)
	at com.javademo.cases.testOrder2.order_58_2(testOrder2.java:307)
... Removed 28 stack frames</pre></div><a href='#' onClick='toggleBox("stack-trace938545229", this, "Click to show all stack frames", "Click to hide stack frames")'>Click to show all stack frames</a>
<div class='stack-trace' id='stack-trace938545229'><pre>java.lang.IllegalArgumentException: Invalid key code
	at sun.awt.windows.WRobotPeer.keyPress(Native Method)
	at java.awt.Robot.keyPress(Robot.java:354)
	at com.javademo.pages.GaodunOrderPage.getRefresh(GaodunOrderPage.java:991)
	at com.javademo.pages.GaodunOrderPage.audit(GaodunOrderPage.java:1046)
	at com.javademo.pages.GaodunOrderPage.orderPay_58(GaodunOrderPage.java:589)
	at com.javademo.cases.testOrder2.order_58_2(testOrder2.java:307)
	at sun.reflect.NativeMethodAccessorImpl.invoke0(Native Method)
	at sun.reflect.NativeMethodAccessorImpl.invoke(NativeMethodAccessorImpl.java:62)
	at sun.reflect.DelegatingMethodAccessorImpl.invoke(DelegatingMethodAccessorImpl.java:43)
	at java.lang.reflect.Method.invoke(Method.java:498)
	at org.testng.internal.MethodInvocationHelper.invokeMethod(MethodInvocationHelper.java:86)
	at org.testng.internal.Invoker.invokeMethod(Invoker.java:643)
	at org.testng.internal.Invoker.invokeTestMethod(Invoker.java:820)
	at org.testng.internal.Invoker.invokeTestMethods(Invoker.java:1128)
	at org.testng.internal.TestMethodWorker.invokeTestMethods(TestMethodWorker.java:129)
	at org.testng.internal.TestMethodWorker.run(TestMethodWorker.java:112)
	at org.testng.TestRunner.privateRun(TestRunner.java:782)
	at org.testng.TestRunner.run(TestRunner.java:632)
	at org.testng.SuiteRunner.runTest(SuiteRunner.java:366)
	at org.testng.SuiteRunner.runSequentially(SuiteRunner.java:361)
	at org.testng.SuiteRunner.privateRun(SuiteRunner.java:319)
	at org.testng.SuiteRunner.run(SuiteRunner.java:268)
	at org.testng.SuiteRunnerWorker.runSuite(SuiteRunnerWorker.java:52)
	at org.testng.SuiteRunnerWorker.run(SuiteRunnerWorker.java:86)
	at org.testng.TestNG.runSuitesSequentially(TestNG.java:1244)
	at org.testng.TestNG.runSuitesLocally(TestNG.java:1169)
	at org.testng.TestNG.run(TestNG.java:1064)
	at org.apache.maven.surefire.testng.TestNGExecutor.run(TestNGExecutor.java:283)
	at org.apache.maven.surefire.testng.TestNGXmlTestSuite.execute(TestNGXmlTestSuite.java:75)
	at org.apache.maven.surefire.testng.TestNGProvider.invoke(TestNGProvider.java:120)
	at org.apache.maven.surefire.booter.ForkedBooter.invokeProviderInSameClassLoader(ForkedBooter.java:373)
	at org.apache.maven.surefire.booter.ForkedBooter.runSuitesInProcess(ForkedBooter.java:334)
	at org.apache.maven.surefire.booter.ForkedBooter.execute(ForkedBooter.java:119)
	at org.apache.maven.surefire.booter.ForkedBooter.main(ForkedBooter.java:407)
</pre></div></td>
<td>0</td>
<td>com.javademo.cases.testOrder2@30b7c004</td></tr>
<tr>
<td title='com.javademo.cases.testOrder2.order_58_3()'><b>order_58_3</b><br>Test class: com.javademo.cases.testOrder2</td>
<td><div><pre>java.lang.IllegalArgumentException: Invalid key code
	at sun.awt.windows.WRobotPeer.keyPress(Native Method)
	at java.awt.Robot.keyPress(Robot.java:354)
	at com.javademo.pages.GaodunOrderPage.getRefresh(GaodunOrderPage.java:991)
	at com.javademo.pages.GaodunOrderPage.audit(GaodunOrderPage.java:1046)
	at com.javademo.pages.GaodunOrderPage.orderPay_58(GaodunOrderPage.java:589)
	at com.javademo.cases.testOrder2.order_58_3(testOrder2.java:319)
... Removed 28 stack frames</pre></div><a href='#' onClick='toggleBox("stack-trace270056930", this, "Click to show all stack frames", "Click to hide stack frames")'>Click to show all stack frames</a>
<div class='stack-trace' id='stack-trace270056930'><pre>java.lang.IllegalArgumentException: Invalid key code
	at sun.awt.windows.WRobotPeer.keyPress(Native Method)
	at java.awt.Robot.keyPress(Robot.java:354)
	at com.javademo.pages.GaodunOrderPage.getRefresh(GaodunOrderPage.java:991)
	at com.javademo.pages.GaodunOrderPage.audit(GaodunOrderPage.java:1046)
	at com.javademo.pages.GaodunOrderPage.orderPay_58(GaodunOrderPage.java:589)
	at com.javademo.cases.testOrder2.order_58_3(testOrder2.java:319)
	at sun.reflect.NativeMethodAccessorImpl.invoke0(Native Method)
	at sun.reflect.NativeMethodAccessorImpl.invoke(NativeMethodAccessorImpl.java:62)
	at sun.reflect.DelegatingMethodAccessorImpl.invoke(DelegatingMethodAccessorImpl.java:43)
	at java.lang.reflect.Method.invoke(Method.java:498)
	at org.testng.internal.MethodInvocationHelper.invokeMethod(MethodInvocationHelper.java:86)
	at org.testng.internal.Invoker.invokeMethod(Invoker.java:643)
	at org.testng.internal.Invoker.invokeTestMethod(Invoker.java:820)
	at org.testng.internal.Invoker.invokeTestMethods(Invoker.java:1128)
	at org.testng.internal.TestMethodWorker.invokeTestMethods(TestMethodWorker.java:129)
	at org.testng.internal.TestMethodWorker.run(TestMethodWorker.java:112)
	at org.testng.TestRunner.privateRun(TestRunner.java:782)
	at org.testng.TestRunner.run(TestRunner.java:632)
	at org.testng.SuiteRunner.runTest(SuiteRunner.java:366)
	at org.testng.SuiteRunner.runSequentially(SuiteRunner.java:361)
	at org.testng.SuiteRunner.privateRun(SuiteRunner.java:319)
	at org.testng.SuiteRunner.run(SuiteRunner.java:268)
	at org.testng.SuiteRunnerWorker.runSuite(SuiteRunnerWorker.java:52)
	at org.testng.SuiteRunnerWorker.run(SuiteRunnerWorker.java:86)
	at org.testng.TestNG.runSuitesSequentially(TestNG.java:1244)
	at org.testng.TestNG.runSuitesLocally(TestNG.java:1169)
	at org.testng.TestNG.run(TestNG.java:1064)
	at org.apache.maven.surefire.testng.TestNGExecutor.run(TestNGExecutor.java:283)
	at org.apache.maven.surefire.testng.TestNGXmlTestSuite.execute(TestNGXmlTestSuite.java:75)
	at org.apache.maven.surefire.testng.TestNGProvider.invoke(TestNGProvider.java:120)
	at org.apache.maven.surefire.booter.ForkedBooter.invokeProviderInSameClassLoader(ForkedBooter.java:373)
	at org.apache.maven.surefire.booter.ForkedBooter.runSuitesInProcess(ForkedBooter.java:334)
	at org.apache.maven.surefire.booter.ForkedBooter.execute(ForkedBooter.java:119)
	at org.apache.maven.surefire.booter.ForkedBooter.main(ForkedBooter.java:407)
</pre></div></td>
<td>0</td>
<td>com.javademo.cases.testOrder2@30b7c004</td></tr>
<tr>
<td title='com.javademo.cases.testOrder2.order_61()'><b>order_61</b><br>Test class: com.javademo.cases.testOrder2</td>
<td><div><pre>java.lang.IllegalArgumentException: Invalid key code
	at sun.awt.windows.WRobotPeer.keyPress(Native Method)
	at java.awt.Robot.keyPress(Robot.java:354)
	at com.javademo.pages.GaodunOrderPage.getRefresh(GaodunOrderPage.java:991)
	at com.javademo.pages.GaodunOrderPage.audit(GaodunOrderPage.java:1046)
	at com.javademo.pages.GaodunOrderPage.orderPay_61(GaodunOrderPage.java:669)
	at com.javademo.cases.testOrder2.order_61(testOrder2.java:144)
... Removed 28 stack frames</pre></div><a href='#' onClick='toggleBox("stack-trace838449246", this, "Click to show all stack frames", "Click to hide stack frames")'>Click to show all stack frames</a>
<div class='stack-trace' id='stack-trace838449246'><pre>java.lang.IllegalArgumentException: Invalid key code
	at sun.awt.windows.WRobotPeer.keyPress(Native Method)
	at java.awt.Robot.keyPress(Robot.java:354)
	at com.javademo.pages.GaodunOrderPage.getRefresh(GaodunOrderPage.java:991)
	at com.javademo.pages.GaodunOrderPage.audit(GaodunOrderPage.java:1046)
	at com.javademo.pages.GaodunOrderPage.orderPay_61(GaodunOrderPage.java:669)
	at com.javademo.cases.testOrder2.order_61(testOrder2.java:144)
	at sun.reflect.NativeMethodAccessorImpl.invoke0(Native Method)
	at sun.reflect.NativeMethodAccessorImpl.invoke(NativeMethodAccessorImpl.java:62)
	at sun.reflect.DelegatingMethodAccessorImpl.invoke(DelegatingMethodAccessorImpl.java:43)
	at java.lang.reflect.Method.invoke(Method.java:498)
	at org.testng.internal.MethodInvocationHelper.invokeMethod(MethodInvocationHelper.java:86)
	at org.testng.internal.Invoker.invokeMethod(Invoker.java:643)
	at org.testng.internal.Invoker.invokeTestMethod(Invoker.java:820)
	at org.testng.internal.Invoker.invokeTestMethods(Invoker.java:1128)
	at org.testng.internal.TestMethodWorker.invokeTestMethods(TestMethodWorker.java:129)
	at org.testng.internal.TestMethodWorker.run(TestMethodWorker.java:112)
	at org.testng.TestRunner.privateRun(TestRunner.java:782)
	at org.testng.TestRunner.run(TestRunner.java:632)
	at org.testng.SuiteRunner.runTest(SuiteRunner.java:366)
	at org.testng.SuiteRunner.runSequentially(SuiteRunner.java:361)
	at org.testng.SuiteRunner.privateRun(SuiteRunner.java:319)
	at org.testng.SuiteRunner.run(SuiteRunner.java:268)
	at org.testng.SuiteRunnerWorker.runSuite(SuiteRunnerWorker.java:52)
	at org.testng.SuiteRunnerWorker.run(SuiteRunnerWorker.java:86)
	at org.testng.TestNG.runSuitesSequentially(TestNG.java:1244)
	at org.testng.TestNG.runSuitesLocally(TestNG.java:1169)
	at org.testng.TestNG.run(TestNG.java:1064)
	at org.apache.maven.surefire.testng.TestNGExecutor.run(TestNGExecutor.java:283)
	at org.apache.maven.surefire.testng.TestNGXmlTestSuite.execute(TestNGXmlTestSuite.java:75)
	at org.apache.maven.surefire.testng.TestNGProvider.invoke(TestNGProvider.java:120)
	at org.apache.maven.surefire.booter.ForkedBooter.invokeProviderInSameClassLoader(ForkedBooter.java:373)
	at org.apache.maven.surefire.booter.ForkedBooter.runSuitesInProcess(ForkedBooter.java:334)
	at org.apache.maven.surefire.booter.ForkedBooter.execute(ForkedBooter.java:119)
	at org.apache.maven.surefire.booter.ForkedBooter.main(ForkedBooter.java:407)
</pre></div></td>
<td>0</td>
<td>com.javademo.cases.testOrder2@30b7c004</td></tr>
<tr>
<td title='com.javademo.cases.testOrder2.order_8()'><b>order_8</b><br>Test class: com.javademo.cases.testOrder2</td>
<td><div><pre>java.lang.IllegalArgumentException: Invalid key code
	at sun.awt.windows.WRobotPeer.keyPress(Native Method)
	at java.awt.Robot.keyPress(Robot.java:354)
	at com.javademo.pages.GaodunOrderPage.getRefresh(GaodunOrderPage.java:991)
	at com.javademo.pages.GaodunOrderPage.addOrder(GaodunOrderPage.java:33)
	at com.javademo.cases.testOrder2.order_8(testOrder2.java:14)
... Removed 28 stack frames</pre></div><a href='#' onClick='toggleBox("stack-trace1966124444", this, "Click to show all stack frames", "Click to hide stack frames")'>Click to show all stack frames</a>
<div class='stack-trace' id='stack-trace1966124444'><pre>java.lang.IllegalArgumentException: Invalid key code
	at sun.awt.windows.WRobotPeer.keyPress(Native Method)
	at java.awt.Robot.keyPress(Robot.java:354)
	at com.javademo.pages.GaodunOrderPage.getRefresh(GaodunOrderPage.java:991)
	at com.javademo.pages.GaodunOrderPage.addOrder(GaodunOrderPage.java:33)
	at com.javademo.cases.testOrder2.order_8(testOrder2.java:14)
	at sun.reflect.NativeMethodAccessorImpl.invoke0(Native Method)
	at sun.reflect.NativeMethodAccessorImpl.invoke(NativeMethodAccessorImpl.java:62)
	at sun.reflect.DelegatingMethodAccessorImpl.invoke(DelegatingMethodAccessorImpl.java:43)
	at java.lang.reflect.Method.invoke(Method.java:498)
	at org.testng.internal.MethodInvocationHelper.invokeMethod(MethodInvocationHelper.java:86)
	at org.testng.internal.Invoker.invokeMethod(Invoker.java:643)
	at org.testng.internal.Invoker.invokeTestMethod(Invoker.java:820)
	at org.testng.internal.Invoker.invokeTestMethods(Invoker.java:1128)
	at org.testng.internal.TestMethodWorker.invokeTestMethods(TestMethodWorker.java:129)
	at org.testng.internal.TestMethodWorker.run(TestMethodWorker.java:112)
	at org.testng.TestRunner.privateRun(TestRunner.java:782)
	at org.testng.TestRunner.run(TestRunner.java:632)
	at org.testng.SuiteRunner.runTest(SuiteRunner.java:366)
	at org.testng.SuiteRunner.runSequentially(SuiteRunner.java:361)
	at org.testng.SuiteRunner.privateRun(SuiteRunner.java:319)
	at org.testng.SuiteRunner.run(SuiteRunner.java:268)
	at org.testng.SuiteRunnerWorker.runSuite(SuiteRunnerWorker.java:52)
	at org.testng.SuiteRunnerWorker.run(SuiteRunnerWorker.java:86)
	at org.testng.TestNG.runSuitesSequentially(TestNG.java:1244)
	at org.testng.TestNG.runSuitesLocally(TestNG.java:1169)
	at org.testng.TestNG.run(TestNG.java:1064)
	at org.apache.maven.surefire.testng.TestNGExecutor.run(TestNGExecutor.java:283)
	at org.apache.maven.surefire.testng.TestNGXmlTestSuite.execute(TestNGXmlTestSuite.java:75)
	at org.apache.maven.surefire.testng.TestNGProvider.invoke(TestNGProvider.java:120)
	at org.apache.maven.surefire.booter.ForkedBooter.invokeProviderInSameClassLoader(ForkedBooter.java:373)
	at org.apache.maven.surefire.booter.ForkedBooter.runSuitesInProcess(ForkedBooter.java:334)
	at org.apache.maven.surefire.booter.ForkedBooter.execute(ForkedBooter.java:119)
	at org.apache.maven.surefire.booter.ForkedBooter.main(ForkedBooter.java:407)
</pre></div></td>
<td>2</td>
<td>com.javademo.cases.testOrder2@30b7c004</td></tr>
</table><p>
</body>
</html>